
Log started (V12.6.0.0) Thu Feb 20 20:39:07 2014


Problem 'instancias/formato_lp/grid/g_10x100_b_oplminimos.dat.lp' read.
Read time = 54.84 sec. (186.06 ticks)
Presolve has eliminated 10 rows and 9 columns...
Presolve has improved bounds 12010 times...
Tried aggregator 2 times.
MIP Presolve eliminated 21 rows and 11 columns.
MIP Presolve modified 13793990 coefficients.
Aggregator did 11 substitutions.
Reduced MIP has 16094 rows, 13183 columns, and 13793038 nonzeros.
Reduced MIP has 7418 binaries, 0 generals, 0 SOSs, and 0 indicators.
Presolve time = 134.04 sec. (456026.07 ticks)
Probing time = 0.61 sec. (501.45 ticks)
Cover probing fixed 0 vars, tightened 94 bounds.
Tried aggregator 1 time.
MIP Presolve modified 2780 coefficients.
Reduced MIP has 16094 rows, 13183 columns, and 13793038 nonzeros.
Reduced MIP has 7418 binaries, 1 generals, 0 SOSs, and 0 indicators.
Presolve time = 7.87 sec. (3726.67 ticks)
Probing time = 137.00 sec. (499.43 ticks)
Clique table members: 1887.
MIP emphasis: balance optimality and feasibility.
MIP search method: dynamic search.
Parallel mode: deterministic, using up to 4 threads.
Root relaxation solution time = 109.93 sec. (11480.78 ticks)

        Nodes                                         Cuts/
   Node  Left     Objective  IInf  Best Integer    Best Bound    ItCnt     Gap

      0     0        0.2741   263                      0.2741    18626         
*     0+    0                            0.8052        0.2741    18626   65.96%
*     0+    0                            0.7704        0.2741    19037   64.42%
      0     0        0.2817   253        0.7704     Cuts: 179    19037   63.43%
      0     0        0.2927   274        0.7704      Cuts: 36    19226   62.01%
*     0+    0                            0.5957        0.2927    19317   50.87%
      0     0        0.2930   274        0.5957      Cuts: 46    19317   50.81%
*     0+    0                            0.5907        0.2930    19317   50.39%
*     0+    0                            0.5642        0.2930    19317   48.07%
*     0+    0                            0.5618        0.2930    19317   47.84%
*     0+    0                            0.5532        0.2930    19317   47.03%
*     0+    0                            0.5512        0.2930    19317   46.83%
      0     0        0.2930   274        0.5512    MIRcuts: 4    19342   46.83%

Flow cuts applied:  135
Mixed integer rounding cuts applied:  52
Lift and project cuts applied:  5
Gomory fractional cuts applied:  9

Root node processing (before b&c):
  Real time             =  600.42 sec. (629690.33 ticks)
Parallel b&c, 4 threads:
  Real time             =    0.00 sec. (0.00 ticks)
  Sync time (average)   =    0.00 sec.
  Wait time (average)   =    0.00 sec.
                          ------------
Total (root+branch&cut) =  600.42 sec. (629690.33 ticks)

Solution pool: 8 solutions saved.

MIP - Time limit exceeded, integer feasible:  Objective =  5.5115936695e-01
Current MIP best bound =  2.9302992071e-01 (gap = 0.258129, 46.83%)
Solution time =  600.42 sec.  Iterations = 19349  Nodes = 0 (1)
Deterministic time = 629690.37 ticks  (1048.75 ticks/sec)


Incumbent solution written to file 'instancias/formato_lp/grid/g_10x100_b_oplminimos.dat.sol'.
