
Log started (V12.6.0.0) Thu Feb 20 17:50:30 2014


Problem 'instancias/formato_lp/grid/g_3x30_a_oplminimos.dat.lp' read.
Read time = 0.04 sec. (0.53 ticks)
Tried aggregator 2 times.
MIP Presolve eliminated 23 rows and 11 columns.
MIP Presolve modified 31683 coefficients.
Aggregator did 3 substitutions.
Reduced MIP has 1246 rows, 854 columns, and 33226 nonzeros.
Reduced MIP has 387 binaries, 0 generals, 0 SOSs, and 0 indicators.
Presolve time = 0.07 sec. (104.03 ticks)
Probing time = 0.04 sec. (13.34 ticks)
Cover probing fixed 0 vars, tightened 438 bounds.
Tried aggregator 3 times.
MIP Presolve eliminated 115 rows and 4 columns.
MIP Presolve modified 278 coefficients.
Aggregator did 10 substitutions.
Reduced MIP has 1121 rows, 840 columns, and 32894 nonzeros.
Reduced MIP has 387 binaries, 1 generals, 0 SOSs, and 0 indicators.
Presolve time = 0.02 sec. (16.87 ticks)
Probing time = 0.04 sec. (10.27 ticks)
Clique table members: 276.
MIP emphasis: balance optimality and feasibility.
MIP search method: dynamic search.
Parallel mode: deterministic, using up to 4 threads.
Root relaxation solution time = 0.03 sec. (21.75 ticks)

        Nodes                                         Cuts/
   Node  Left     Objective  IInf  Best Integer    Best Bound    ItCnt     Gap

      0     0        0.0031     7                      0.0031      448         
*     0+    0                            0.0050        0.0031      466   37.04%
      0     0        cutoff              0.0050        0.0050      466    0.00%
Elapsed time = 0.32 sec. (228.83 ticks, tree = 0.00 MB, solutions = 1)

Clique cuts applied:  2
Implied bound cuts applied:  1
Flow cuts applied:  1
Mixed integer rounding cuts applied:  7
Lift and project cuts applied:  1
Gomory fractional cuts applied:  5

Root node processing (before b&c):
  Real time             =    0.32 sec. (228.86 ticks)
Parallel b&c, 4 threads:
  Real time             =    0.00 sec. (0.00 ticks)
  Sync time (average)   =    0.00 sec.
  Wait time (average)   =    0.00 sec.
                          ------------
Total (root+branch&cut) =    0.32 sec. (228.86 ticks)

Solution pool: 1 solution saved.

MIP - Integer optimal solution:  Objective =  4.9776007964e-03
Solution time =    0.32 sec.  Iterations = 466  Nodes = 0
Deterministic time = 228.86 ticks  (718.48 ticks/sec)


Incumbent solution written to file 'instancias/formato_lp/grid/g_3x30_a_oplminimos.dat.sol'.
