
Log started (V12.6.0.0) Thu Feb 20 17:50:31 2014


Problem 'instancias/formato_lp/grid/g_3x30_b_oplminimos.dat.lp' read.
Read time = 0.02 sec. (0.62 ticks)
Tried aggregator 2 times.
MIP Presolve eliminated 20 rows and 11 columns.
MIP Presolve modified 38103 coefficients.
Aggregator did 3 substitutions.
Reduced MIP has 1249 rows, 876 columns, and 39769 nonzeros.
Reduced MIP has 409 binaries, 0 generals, 0 SOSs, and 0 indicators.
Presolve time = 0.06 sec. (122.27 ticks)
Probing time = 0.02 sec. (13.59 ticks)
Cover probing fixed 0 vars, tightened 286 bounds.
Tried aggregator 3 times.
MIP Presolve eliminated 136 rows and 4 columns.
MIP Presolve modified 284 coefficients.
Aggregator did 18 substitutions.
Reduced MIP has 1095 rows, 854 columns, and 39372 nonzeros.
Reduced MIP has 409 binaries, 1 generals, 0 SOSs, and 0 indicators.
Presolve time = 0.03 sec. (24.04 ticks)
Probing time = 0.04 sec. (11.53 ticks)
Clique table members: 322.
MIP emphasis: balance optimality and feasibility.
MIP search method: dynamic search.
Parallel mode: deterministic, using up to 4 threads.
Root relaxation solution time = 0.03 sec. (23.69 ticks)

        Nodes                                         Cuts/
   Node  Left     Objective  IInf  Best Integer    Best Bound    ItCnt     Gap

      0     0        0.0059    19                      0.0059      485         
*     0+    0                            0.1337        0.0059      521   95.62%
      0     0        0.0070    24        0.1337      Cuts: 23      521   94.80%
      0     0        0.0070    24        0.1337   Impl Bds: 1      522   94.80%
*     0+    0                            0.0070        0.0070      522    0.68%
*     0     0      integral     0        0.0070        0.0070      522    0.00%
Elapsed time = 0.39 sec. (332.39 ticks, tree = 0.00 MB, solutions = 2)

Implied bound cuts applied:  1
Flow cuts applied:  1
Mixed integer rounding cuts applied:  4
Gomory fractional cuts applied:  1

Root node processing (before b&c):
  Real time             =    0.39 sec. (332.43 ticks)
Parallel b&c, 4 threads:
  Real time             =    0.00 sec. (0.00 ticks)
  Sync time (average)   =    0.00 sec.
  Wait time (average)   =    0.00 sec.
                          ------------
Total (root+branch&cut) =    0.39 sec. (332.43 ticks)

Solution pool: 2 solutions saved.

MIP - Integer optimal solution:  Objective =  7.0028011204e-03
Solution time =    0.39 sec.  Iterations = 522  Nodes = 0
Deterministic time = 332.43 ticks  (852.18 ticks/sec)


Incumbent solution written to file 'instancias/formato_lp/grid/g_3x30_b_oplminimos.dat.sol'.
