
Log started (V12.6.0.0) Thu Feb 20 17:50:32 2014


Problem 'instancias/formato_lp/grid/g_4x25_b_oplminimos.dat.lp' read.
Read time = 0.02 sec. (0.69 ticks)
Tried aggregator 2 times.
MIP Presolve eliminated 18 rows and 11 columns.
MIP Presolve modified 42027 coefficients.
Aggregator did 2 substitutions.
Reduced MIP has 1454 rows, 986 columns, and 43928 nonzeros.
Reduced MIP has 450 binaries, 0 generals, 0 SOSs, and 0 indicators.
Presolve time = 0.07 sec. (149.87 ticks)
Probing time = 0.02 sec. (14.49 ticks)
Cover probing fixed 0 vars, tightened 447 bounds.
Tried aggregator 2 times.
MIP Presolve eliminated 118 rows and 5 columns.
MIP Presolve modified 319 coefficients.
Aggregator did 4 substitutions.
Reduced MIP has 1332 rows, 977 columns, and 43589 nonzeros.
Reduced MIP has 450 binaries, 1 generals, 0 SOSs, and 0 indicators.
Presolve time = 0.02 sec. (15.39 ticks)
Probing time = 0.05 sec. (11.93 ticks)
Clique table members: 279.
MIP emphasis: balance optimality and feasibility.
MIP search method: dynamic search.
Parallel mode: deterministic, using up to 4 threads.
Root relaxation solution time = 0.03 sec. (25.61 ticks)

        Nodes                                         Cuts/
   Node  Left     Objective  IInf  Best Integer    Best Bound    ItCnt     Gap

*     0     0      integral     0       -0.0000        0.0000      502    0.00%
Elapsed time = 0.26 sec. (269.11 ticks, tree = 0.00 MB, solutions = 1)

Root node processing (before b&c):
  Real time             =    0.26 sec. (269.14 ticks)
Parallel b&c, 4 threads:
  Real time             =    0.00 sec. (0.00 ticks)
  Sync time (average)   =    0.00 sec.
  Wait time (average)   =    0.00 sec.
                          ------------
Total (root+branch&cut) =    0.26 sec. (269.14 ticks)

Solution pool: 1 solution saved.

MIP - Integer optimal solution:  Objective = -1.1102230246e-16
Solution time =    0.26 sec.  Iterations = 502  Nodes = 0
Deterministic time = 269.15 ticks  (1049.81 ticks/sec)


Incumbent solution written to file 'instancias/formato_lp/grid/g_4x25_b_oplminimos.dat.sol'.
