
Log started (V12.6.0.0) Thu Feb 20 17:50:31 2014


Problem 'instancias/formato_lp/grid/g_4x25_a_oplminimos.dat.lp' read.
Read time = 0.05 sec. (0.72 ticks)
Tried aggregator 2 times.
MIP Presolve eliminated 36 rows and 12 columns.
MIP Presolve modified 44351 coefficients.
Aggregator did 6 substitutions.
Reduced MIP has 1432 rows, 988 columns, and 46254 nonzeros.
Reduced MIP has 457 binaries, 0 generals, 0 SOSs, and 0 indicators.
Presolve time = 0.07 sec. (158.55 ticks)
Probing fixed 7 vars, tightened 1 bounds.
Probing time = 0.04 sec. (27.17 ticks)
Cover probing fixed 0 vars, tightened 181 bounds.
Tried aggregator 2 times.
MIP Presolve eliminated 133 rows and 19 columns.
MIP Presolve modified 40197 coefficients.
Aggregator did 6 substitutions.
Reduced MIP has 1293 rows, 963 columns, and 43487 nonzeros.
Reduced MIP has 446 binaries, 1 generals, 0 SOSs, and 0 indicators.
Presolve time = 0.07 sec. (144.43 ticks)
Probing time = 0.05 sec. (11.88 ticks)
Clique table members: 378.
MIP emphasis: balance optimality and feasibility.
MIP search method: dynamic search.
Parallel mode: deterministic, using up to 4 threads.
Root relaxation solution time = 0.03 sec. (24.76 ticks)

        Nodes                                         Cuts/
   Node  Left     Objective  IInf  Best Integer    Best Bound    ItCnt     Gap

      0     0        0.0063     6                      0.0063      465         
      0     0        0.0093    17                    Cuts: 18      488         
*     0+    0                            0.1019        0.0093      488   90.83%
      0     0        0.0094    12        0.1019      Cuts: 14      509   90.75%
*     0+    0                            0.0096        0.0094      509    1.97%
*     0+    0                            0.0096        0.0095      509    0.93%
      0     0        cutoff              0.0096        0.0096      509   -0.00%
Elapsed time = 0.45 sec. (487.32 ticks, tree = 0.00 MB, solutions = 2)

Clique cuts applied:  2
Flow cuts applied:  6
Mixed integer rounding cuts applied:  1
Lift and project cuts applied:  2
Gomory fractional cuts applied:  1

Root node processing (before b&c):
  Real time             =    0.45 sec. (487.36 ticks)
Parallel b&c, 4 threads:
  Real time             =    0.00 sec. (0.00 ticks)
  Sync time (average)   =    0.00 sec.
  Wait time (average)   =    0.00 sec.
                          ------------
Total (root+branch&cut) =    0.45 sec. (487.36 ticks)

Solution pool: 2 solutions saved.

MIP - Integer optimal solution:  Objective =  9.6153556112e-03
Solution time =    0.45 sec.  Iterations = 509  Nodes = 0
Deterministic time = 487.36 ticks  (1085.41 ticks/sec)


Incumbent solution written to file 'instancias/formato_lp/grid/g_4x25_a_oplminimos.dat.sol'.
