
Log started (V12.6.0.0) Thu Feb 20 17:50:32 2014


Problem 'instancias/formato_lp/grid/g_4x50_a_oplminimos.dat.lp' read.
Read time = 0.85 sec. (21.87 ticks)
Presolve has eliminated 19 rows and 11 columns...
Presolve has improved bounds 1743 times...
Tried aggregator 2 times.
MIP Presolve eliminated 20 rows and 11 columns.
MIP Presolve modified 1603144 coefficients.
Aggregator did 3 substitutions.
Reduced MIP has 2951 rows, 4087 columns, and 1608721 nonzeros.
Reduced MIP has 3002 binaries, 0 generals, 0 SOSs, and 0 indicators.
Presolve time = 4.31 sec. (10506.44 ticks)
Probing time = 0.10 sec. (83.35 ticks)
Cover probing fixed 0 vars, tightened 3 bounds.
Tried aggregator 1 time.
MIP Presolve eliminated 4 rows and 0 columns.
MIP Presolve modified 630 coefficients.
Reduced MIP has 2947 rows, 4087 columns, and 1608709 nonzeros.
Reduced MIP has 3002 binaries, 1 generals, 0 SOSs, and 0 indicators.
Presolve time = 2.35 sec. (607.51 ticks)
Probing time = 3.74 sec. (107.81 ticks)
Clique table members: 363.
MIP emphasis: balance optimality and feasibility.
MIP search method: dynamic search.
Parallel mode: deterministic, using up to 4 threads.
Root relaxation solution time = 2.83 sec. (753.54 ticks)

        Nodes                                         Cuts/
   Node  Left     Objective  IInf  Best Integer    Best Bound    ItCnt     Gap

      0     0        0.2626   148                      0.2626     2391         
*     0+    0                            0.6939        0.2626     2520   62.16%
      0     0        0.2702   124        0.6939     Cuts: 133     2520   60.30%
      0     0        0.2767   130        0.6939      Cuts: 33     2568   60.12%
*     0+    0                            0.5014        0.2767     2600   44.81%
      0     0        0.2774   134        0.5014      Cuts: 24     2600   44.67%
*     0+    0                            0.4928        0.2774     2600   43.70%
*     0+    0                            0.4736        0.2774     2613   41.42%
      0     0        0.2774   134        0.4736      Cuts: 13     2613   41.42%
      0     0        0.2774   134        0.4736    MIRcuts: 6     2619   41.42%
*     0+    0                            0.4719        0.2774     2619   41.21%
      0     2        0.2774   134        0.4719        0.2774     2619   41.21%
Elapsed time = 35.30 sec. (20201.21 ticks, tree = 0.01 MB, solutions = 5)
     13    15        0.3256   109        0.4719        0.2803     3109   40.61%
     73    75        0.3238    32        0.4719        0.2803     4915   40.61%
     96    98        0.3894    45        0.4719        0.2803     6508   40.61%
    143   145        0.3503    19        0.4719        0.2803     7966   40.61%
    176   178        0.4132    27        0.4719        0.2803     8878   40.61%
    185   187        0.3590    21        0.4719        0.2803     9125   40.61%
    222   224        0.3821    23        0.4719        0.2803    10735   40.61%
    252   254        0.4121    24        0.4719        0.2803    11704   40.61%
    284   281        0.4447    22        0.4719        0.2803    12353   40.61%
    286   283        0.3688    31        0.4719        0.2803    12421   40.61%
Elapsed time = 42.53 sec. (23966.17 ticks, tree = 2.74 MB, solutions = 5)
    490   423        0.3259    55        0.4719        0.2861    18543   39.37%
    745   662        0.3942    48        0.4719        0.2861    24090   39.37%
   1089   934        0.3234    21        0.4719        0.2861    29270   39.37%
*  1285+ 1099                            0.4594        0.2861    32177   37.73%
   1418  1180        0.3619    19        0.4594        0.2957    34501   35.64%
*  1637+ 1378                            0.4519        0.2957    36823   34.57%
   1769  1444        0.3369    15        0.4519        0.3006    39417   33.49%
   2235  1827        0.3100   119        0.4519        0.3027    47871   33.02%
   2439  2004        0.2993   142        0.4519        0.3041    56329   32.72%
   2442  2005        0.3288   130        0.4519        0.3041    56557   32.72%
   2443  2006        0.3023   130        0.4519        0.3041    56561   32.72%
   2460  2016        0.3639    78        0.4519        0.3044    57482   32.64%
Elapsed time = 99.14 sec. (64132.10 ticks, tree = 48.29 MB, solutions = 7)
   2569  2056        0.3710    28        0.4519        0.3062    63035   32.26%
   2702  2042        0.4166    29        0.4519        0.3071    67025   32.05%
   2807  2011        0.3087    38        0.4519        0.3082    69793   31.81%
   3033  2088        0.3467    68        0.4519        0.3082    74431   31.81%
   3273  2113        0.3180    52        0.4519        0.3102    78092   31.36%
   3598  2253        0.4345    45        0.4519        0.3124    83344   30.88%
   3903  2351        0.3399    34        0.4519        0.3158    90354   30.12%
   4378  2538        0.3708    21        0.4519        0.3164    97696   30.00%
   4649  2627        0.3178    34        0.4519        0.3173   102577   29.80%
   4653  2627        0.3245    20        0.4519        0.3173   102610   29.80%
Elapsed time = 119.97 sec. (78230.44 ticks, tree = 50.43 MB, solutions = 7)
   5287  2883        0.3973    26        0.4519        0.3181   111108   29.62%
   5686  3030        0.3255    43        0.4519        0.3181   118346   29.61%
   6352  3303        0.3386    16        0.4519        0.3184   129214   29.54%
   6985  3821        0.3695    39        0.4519        0.3185   137182   29.52%
   7478  4231        cutoff              0.4519        0.3187   145934   29.49%
   7982  4680        0.4430    28        0.4519        0.3187   155925   29.47%
   8578  5137        0.4101    25        0.4519        0.3189   166199   29.45%
   9049  5549        0.3419    16        0.4519        0.3190   172307   29.42%
   9050  5550        0.3215    19        0.4519        0.3190   172333   29.42%
   9658  6064        cutoff              0.4519        0.3191   182375   29.40%
Elapsed time = 138.52 sec. (88666.33 ticks, tree = 39.58 MB, solutions = 7)
  10120  6428        0.3414    18        0.4519        0.3193   190507   29.35%
  10682  6894        0.4190    25        0.4519        0.3194   198220   29.32%
  10684  6896        0.3687    19        0.4519        0.3194   198228   29.32%
  11145  7281        0.3763    21        0.4519        0.3195   204762   29.30%
  11732  7788        0.3456    33        0.4519        0.3196   212328   29.27%
  12011  8009        0.3200    24        0.4519        0.3197   216496   29.26%
  12616  8526        0.3856    12        0.4519        0.3198   225868   29.24%
  12977  8800        cutoff              0.4519        0.3198   234143   29.24%
  13192  8969        0.3487    25        0.4519        0.3199   237271   29.23%
  13717  9400        0.4015    24        0.4519        0.3199   245831   29.22%
Elapsed time = 155.48 sec. (99236.45 ticks, tree = 46.40 MB, solutions = 7)
  14235  9782    infeasible              0.4519        0.3199   255162   29.21%
  14850 10331        0.4307    38        0.4519        0.3200   261571   29.20%
  15289 10663        0.4389    25        0.4519        0.3200   267183   29.19%
  15501 10847        0.3558    22        0.4519        0.3200   270116   29.18%
  16150 11416        0.3351    36        0.4519        0.3201   278766   29.18%
  16723 11898        0.3877    29        0.4519        0.3201   287788   29.17%
  17189 12275        cutoff              0.4519        0.3201   293893   29.16%
  17900 12874        0.3764    22        0.4519        0.3202   303493   29.15%
  18319 13195        0.3202    14        0.4519        0.3203   310848   29.13%
  18832 13650        0.3271    17        0.4519        0.3203   317438   29.13%
Elapsed time = 173.05 sec. (109794.71 ticks, tree = 54.62 MB, solutions = 7)
  19440 14152        0.3551    35        0.4519        0.3203   324724   29.12%
  19835 14448        0.4228    36        0.4519        0.3204   332189   29.11%
  20334 14850        0.3275    17        0.4519        0.3204   339864   29.11%
  20712 15182        0.3284    50        0.4519        0.3204   346029   29.10%
  20931 15346        cutoff              0.4519        0.3204   350306   29.10%
  21501 15776        0.4265    40        0.4519        0.3205   358425   29.08%
  22046 16178        0.3529    21        0.4519        0.3205   366397   29.08%
  22257 16325        0.3541    26        0.4519        0.3206   370228   29.07%
  22674 16653        0.3401    20        0.4519        0.3206   376777   29.06%
  23221 17068        0.4085    21        0.4519        0.3206   386102   29.05%
Elapsed time = 189.38 sec. (119531.58 ticks, tree = 61.62 MB, solutions = 7)
  23757 17459    infeasible              0.4519        0.3207   394125   29.05%
  24247 17846        0.3695    27        0.4519        0.3207   402313   29.03%
  24685 18182        0.3208    41        0.4519        0.3208   408008   29.02%
  24938 18395        0.3667    28        0.4519        0.3208   411294   29.01%
  25382 18765        0.3318    14        0.4519        0.3208   417100   29.01%
  25590 18934        0.4003    55        0.4519        0.3209   419776   29.00%
  25591 18934        0.4022    34        0.4519        0.3209   419786   29.00%
  26002 19252        0.3368    40        0.4519        0.3209   428240   28.99%
  26394 19555        0.3310    24        0.4519        0.3209   434187   28.99%
  26858 19920        0.3536    24        0.4519        0.3210   440405   28.97%
Elapsed time = 218.21 sec. (141943.16 ticks, tree = 67.89 MB, solutions = 7)
  27469 20455        0.3893    28        0.4519        0.3211   448099   28.96%
  27689 20606        cutoff              0.4519        0.3211   452188   28.96%
  28098 20915        0.3425    34        0.4519        0.3211   457557   28.95%
  28528 21236        0.4203    30        0.4519        0.3212   465155   28.92%
  29025 21637        0.3431    19        0.4519        0.3213   472864   28.92%
  29150 21730        0.3431    17        0.4519        0.3213   475239   28.90%
  29743 22210        0.4155    14        0.4519        0.3214   483979   28.89%
  30274 22610        0.4256    23        0.4519        0.3214   491983   28.88%
  30683 22917        0.3959    45        0.4519        0.3214   498710   28.88%
  30919 23114        0.3215    22        0.4519        0.3214   501427   28.88%
Elapsed time = 234.67 sec. (152191.40 ticks, tree = 73.99 MB, solutions = 7)
  31405 23493        cutoff              0.4519        0.3215   509533   28.87%
  31658 23688        0.4038    29        0.4519        0.3215   513364   28.86%
  32289 24192        0.3974    35        0.4519        0.3216   521473   28.84%
  32961 24727        0.3729    35        0.4519        0.3217   531119   28.82%
  33561 25223        0.3594    26        0.4519        0.3217   538406   28.82%
  33985 25572        0.4081    46        0.4519        0.3217   544322   28.81%
  34086 25663        0.3876    54        0.4519        0.3217   545978   28.81%
  34675 26134        cutoff              0.4519        0.3218   553599   28.80%
  35291 26639        0.3442    45        0.4519        0.3218   561951   28.80%
  37537 28510        0.4422    44        0.4519        0.3220   593991   28.76%
Elapsed time = 256.89 sec. (165863.74 ticks, tree = 84.47 MB, solutions = 7)
  39066 29727        0.3584    21        0.4519        0.3221   617036   28.74%
  40683 31000        0.3289    28        0.4519        0.3222   634336   28.71%
  42186 32196        0.4190    23        0.4519        0.3223   649144   28.70%
  44355 33891        0.3816    43        0.4519        0.3224   670389   28.66%
  45974 35130        0.3421    12        0.4519        0.3225   687579   28.63%
  47500 36324        0.4354    24        0.4519        0.3226   704300   28.61%
  49573 38034        0.3715    65        0.4519        0.3228   724335   28.58%
  51714 39651        0.3451    20        0.4519        0.3229   748676   28.54%
  53478 41041        0.3412    26        0.4519        0.3231   767189   28.51%
  55491 42639        0.3806    56        0.4519        0.3233   789355   28.47%
Elapsed time = 321.18 sec. (204913.41 ticks, tree = 577.31 MB, solutions = 7)
  57078 43837        0.3323    25        0.4519        0.3234   807651   28.45%
  58737 45178        0.3910    37        0.4519        0.3235   824198   28.43%
  61565 47471        0.4047    29        0.4519        0.3236   852179   28.40%
  63671 49096        0.3563    36        0.4519        0.3237   878311   28.37%
  65620 50564        cutoff              0.4519        0.3238   899407   28.35%
  66848 51534        0.4406    24        0.4519        0.3239   911414   28.33%
  68303 52641        0.3846    22        0.4519        0.3240   926690   28.31%
  69740 53748        0.4390    43        0.4519        0.3241   941485   28.29%
  71782 55341    infeasible              0.4519        0.3242   963356   28.26%
  72898 56262        0.4136    60        0.4519        0.3243   973226   28.23%
Elapsed time = 381.74 sec. (243461.84 ticks, tree = 1078.24 MB, solutions = 7)
  74549 57520        0.4126    45        0.4519        0.3245   990576   28.20%
  76674 59172        0.3348    38        0.4519        0.3246  1013906   28.17%
  78440 60580        0.3498    16        0.4519        0.3247  1031179   28.15%
  79420 61320        0.3799    22        0.4519        0.3248  1042241   28.14%
  81503 62916        0.3458    21        0.4519        0.3249  1062560   28.11%
  83226 64271        0.3908    24        0.4519        0.3250  1080211   28.08%
  85161 65757        0.3280    38        0.4519        0.3251  1099925   28.06%
  86732 66947        0.3534    17        0.4519        0.3252  1116117   28.03%
  88456 68304        0.4006    12        0.4519        0.3253  1133833   28.01%
  90226 69738        0.3677    22        0.4519        0.3254  1150687   28.00%
Elapsed time = 446.12 sec. (282624.36 ticks, tree = 1594.89 MB, solutions = 7)
  92072 71212        0.4209    17        0.4519        0.3255  1166934   27.98%
  93590 72436        0.3729    27        0.4519        0.3255  1180614   27.97%
  95654 74107        0.3302    23        0.4519        0.3255  1210365   27.97%
  97585 75454        0.4491    23        0.4519        0.3256  1242115   27.95%
  98362 76062        0.4420    41        0.4519        0.3256  1254008   27.95%
 100470 77681        cutoff              0.4519        0.3257  1287995   27.93%
 102051 78948        0.3296    73        0.4519        0.3258  1310429   27.92%
 103274 79872        0.3915    26        0.4519        0.3258  1322917   27.91%
 104858 81145        0.3742    23        0.4519        0.3259  1337910   27.90%
 106398 82347        0.3609    19        0.4519        0.3259  1353855   27.88%
Elapsed time = 508.00 sec. (321981.72 ticks, tree = 1856.34 MB, solutions = 7)
 108415 83875        0.3261    22        0.4519        0.3260  1373842   27.87%
 110294 85340        0.3268    15        0.4519        0.3261  1393854   27.86%
 111477 86229        cutoff              0.4519        0.3261  1404263   27.85%
 113420 87780        0.3386    54        0.4519        0.3261  1421982   27.83%
 114575 88688        0.3953    64        0.4519        0.3262  1433537   27.83%
*114891+88925                            0.4519        0.3262  1436362   27.83%
*115097+89080                            0.4519        0.3262  1438606   27.82%
*115116+89091                            0.4519        0.3262  1438696   27.82%
 116509 90222        0.3706    26        0.4519        0.3262  1450595   27.82%
 118161 91503        0.4131    34        0.4519        0.3263  1466657   27.81%
 119609 92590        0.3900    55        0.4519        0.3263  1487487   27.80%
 121210 93824        0.3555    26        0.4519        0.3264  1511661   27.79%
 122418 94773        0.3281    31        0.4519        0.3264  1530406   27.78%
Elapsed time = 571.28 sec. (361168.01 ticks, tree = 2221.93 MB, solutions = 8)
Nodefile size = 170.21 MB (144.15 MB after compression)
 123159 95345        0.4429    23        0.4519        0.3264  1545377   27.78%
 124547 96466        0.4455    26        0.4519        0.3264  1566333   27.77%
 126040 97606        0.4333    35        0.4519        0.3265  1587091   27.76%

Flow cuts applied:  7
Mixed integer rounding cuts applied:  125
Lift and project cuts applied:  5
Gomory fractional cuts applied:  15

Root node processing (before b&c):
  Real time             =   35.21 sec. (20131.54 ticks)
Parallel b&c, 4 threads:
  Real time             =  565.24 sec. (370186.22 ticks)
  Sync time (average)   =   55.17 sec.
  Wait time (average)   =    0.14 sec.
                          ------------
Total (root+branch&cut) =  600.45 sec. (390317.76 ticks)

Solution pool: 8 solutions saved.

MIP - Time limit exceeded, integer feasible:  Objective =  4.5193912072e-01
Current MIP best bound =  3.2650180376e-01 (gap = 0.125437, 27.76%)
Solution time =  600.64 sec.  Iterations = 1590745  Nodes = 126399 (97862)
Deterministic time = 390317.77 ticks  (649.83 ticks/sec)


Incumbent solution written to file 'instancias/formato_lp/grid/g_4x50_a_oplminimos.dat.sol'.
