
Log started (V12.6.0.0) Thu Feb 20 18:00:35 2014


Problem 'instancias/formato_lp/grid/g_4x50_b_oplminimos.dat.lp' read.
Read time = 5.61 sec. (19.10 ticks)
Tried aggregator 2 times.
MIP Presolve eliminated 15 rows and 11 columns.
MIP Presolve modified 1398763 coefficients.
Aggregator did 3 substitutions.
Reduced MIP has 2956 rows, 3789 columns, and 1401090 nonzeros.
Reduced MIP has 2704 binaries, 0 generals, 0 SOSs, and 0 indicators.
Presolve time = 4.23 sec. (9320.71 ticks)
Probing time = 0.10 sec. (94.19 ticks)
Cover probing fixed 0 vars, tightened 3 bounds.
Tried aggregator 1 time.
MIP Presolve eliminated 1 rows and 0 columns.
MIP Presolve modified 643 coefficients.
Reduced MIP has 2955 rows, 3789 columns, and 1401087 nonzeros.
Reduced MIP has 2704 binaries, 1 generals, 0 SOSs, and 0 indicators.
Presolve time = 2.02 sec. (527.17 ticks)
Probing time = 3.47 sec. (93.84 ticks)
Clique table members: 363.
MIP emphasis: balance optimality and feasibility.
MIP search method: dynamic search.
Parallel mode: deterministic, using up to 4 threads.
Root relaxation solution time = 3.09 sec. (419.32 ticks)

        Nodes                                         Cuts/
   Node  Left     Objective  IInf  Best Integer    Best Bound    ItCnt     Gap

      0     0        0.2058   126                      0.2058     1967         
*     0+    0                            0.3751        0.2058     2108   45.14%
      0     0        0.2275   110        0.3751     Cuts: 122     2108   39.34%
*     0+    0                            0.3607        0.2275     2196   36.92%
      0     0        0.2414   106        0.3607      Cuts: 36     2196   33.08%
      0     0        0.2446   107        0.3607      Cuts: 24     2238   32.20%
*     0+    0                            0.3578        0.2446     2238   31.64%
      0     0        0.2463   107        0.3578      Cuts: 13     2256   31.16%
      0     0        0.2463   107        0.3578    MIRcuts: 7     2263   31.16%
      0     0        0.2463   107        0.3578    MIRcuts: 1     2264   31.16%
*     0+    0                            0.3492        0.2463     2264   29.46%
      0     2        0.2463   107        0.3492        0.2463     2264   29.46%
Elapsed time = 34.23 sec. (17802.79 ticks, tree = 0.01 MB, solutions = 4)
      8    10        0.2784    95        0.3492        0.2470     2523   29.27%
     53    55        0.2605    30        0.3492        0.2525     3467   27.69%
     80    77        0.3160    17        0.3492        0.2525     4574   27.69%
    111   106        0.3385    19        0.3492        0.2525     6282   27.69%
    146   140        0.3390    19        0.3492        0.2525     6922   27.69%
    185   166        0.2620    17        0.3492        0.2525     7689   27.69%
    189   169        0.2620    18        0.3492        0.2525     7712   27.69%
    190   170        0.3161    19        0.3492        0.2525     7714   27.69%
    250   208        0.2809    13        0.3492        0.2570     8497   26.41%
*   383+  325                            0.3446        0.2570    11838   25.42%
    387   329        0.3014    14        0.3446        0.2570    12497   25.42%
Elapsed time = 42.11 sec. (21484.83 ticks, tree = 5.28 MB, solutions = 4)
    648   467        0.2948    20        0.3446        0.2582    16879   25.08%
    894   644        0.2964    13        0.3446        0.2582    19949   25.08%
    988   715        0.2619    16        0.3446        0.2600    21230   24.56%
   1193   889        0.2852    15        0.3446        0.2608    23328   24.31%
   1539  1157        0.2896    15        0.3446        0.2614    26244   24.15%
   1806  1396        0.2820    15        0.3446        0.2614    28782   24.15%
   2058  1610        0.2721    43        0.3446        0.2614    30782   24.15%
   2245  1741        0.2998    11        0.3446        0.2616    33763   24.07%
   2502  1942        0.2590   108        0.3446        0.2625    39492   23.83%
   2503  1942        0.2594   121        0.3446        0.2625    39513   23.83%
Elapsed time = 94.71 sec. (55666.97 ticks, tree = 19.07 MB, solutions = 5)
   2509  1945        0.2614    64        0.3446        0.2625    40112   23.83%
   2520  1949        0.3287    68        0.3446        0.2625    40558   23.83%
   2594  1934        0.2958    11        0.3446        0.2625    43749   23.83%
   2662  1946        0.3297    25        0.3446        0.2625    46110   23.83%
   2708  1901        0.2772    17        0.3446        0.2625    48285   23.83%
   2787  1865        0.2920    12        0.3446        0.2625    49885   23.83%
   2859  1795        0.2731    19        0.3446        0.2625    51104   23.83%
   2990  1781        0.2732    37        0.3446        0.2625    52942   23.83%
   3071  1801        0.2735    19        0.3446        0.2625    53519   23.83%
   3110  1819        0.3031    23        0.3446        0.2625    53716   23.83%
Elapsed time = 125.92 sec. (77437.67 ticks, tree = 15.10 MB, solutions = 5)
   3198  1852        0.2688    51        0.3446        0.2625    54483   23.83%
   3301  1866        0.3091    28        0.3446        0.2625    55355   23.83%
   3531  1923        0.2799    15        0.3446        0.2625    57444   23.83%
   3739  1988        0.2749    49        0.3446        0.2625    59697   23.83%
   3930  2039        0.3040    49        0.3446        0.2627    61948   23.77%
   4168  2126        0.2857    19        0.3446        0.2628    65093   23.72%
   4455  2264        0.2634    25        0.3446        0.2630    68642   23.68%
   4857  2461        0.3319    16        0.3446        0.2632    73373   23.61%
   5213  2531        0.2665    34        0.3446        0.2633    77567   23.58%
   5470  2622        0.3127    19        0.3446        0.2635    80183   23.52%
Elapsed time = 151.51 sec. (87239.31 ticks, tree = 7.64 MB, solutions = 5)
   5723  2706        0.3044    37        0.3446        0.2636    83072   23.49%
   5942  2807        0.2991    27        0.3446        0.2638    86280   23.45%
   6237  2885        0.3151    25        0.3446        0.2639    90029   23.41%
   6504  3085        0.2955    17        0.3446        0.2643    92872   23.31%
   6807  3318        0.3004    19        0.3446        0.2644    96409   23.28%
   6999  3457        0.2817    19        0.3446        0.2645    99154   23.25%
   7226  3672        0.2902    30        0.3446        0.2646   100831   23.21%
   7417  3811        0.3348    19        0.3446        0.2646   105066   23.21%
   7704  4007        0.3408    22        0.3446        0.2647   108709   23.18%
   7953  4191        0.2824    24        0.3446        0.2649   111825   23.12%
Elapsed time = 179.67 sec. (97045.16 ticks, tree = 7.98 MB, solutions = 5)
   8255  4395        0.3072    63        0.3446        0.2650   115095   23.10%
   8556  4659        0.2930    23        0.3446        0.2650   117769   23.08%
   8781  4846        0.2797    30        0.3446        0.2650   120455   23.08%
   8976  5004        0.2670    21        0.3446        0.2651   122583   23.06%
   9245  5223        0.2655    22        0.3446        0.2653   127717   23.00%
   9560  5466        0.2951    25        0.3446        0.2653   131693   23.00%
   9617  5510        0.3133    39        0.3446        0.2654   132218   22.97%
   9754  5620        0.3063    27        0.3446        0.2654   133447   22.97%
  10064  5853        0.3035    21        0.3446        0.2656   137605   22.92%
  10276  6011        0.3061    23        0.3446        0.2656   140057   22.92%
Elapsed time = 215.93 sec. (117401.83 ticks, tree = 11.13 MB, solutions = 5)
  10537  6199        0.2869    11        0.3446        0.2657   145233   22.90%
  10925  6476        0.2834    14        0.3446        0.2658   151135   22.86%
  11241  6770        0.2954    22        0.3446        0.2658   153538   22.86%
  11533  7007        0.2662    24        0.3446        0.2660   157468   22.82%
  11793  7173        0.2845    27        0.3446        0.2660   161141   22.81%
  12058  7374        0.3241    33        0.3446        0.2661   165162   22.77%
  12264  7557        0.3160    44        0.3446        0.2661   167373   22.77%
  12688  7875        0.2760    15        0.3446        0.2662   171854   22.74%
  12955  8079        cutoff              0.3446        0.2662   174908   22.74%
  13323  8360        0.2903    25        0.3446        0.2663   179308   22.71%
Elapsed time = 255.09 sec. (143467.50 ticks, tree = 15.51 MB, solutions = 5)
  13515  8503        0.3025    53        0.3446        0.2663   183301   22.71%
  13934  8829        0.3348    32        0.3446        0.2665   188477   22.66%
  14226  9015        0.3041    27        0.3446        0.2665   192709   22.66%
  14523  9224        0.3243    15        0.3446        0.2667   198096   22.60%
  14775  9403        0.3441    14        0.3446        0.2667   201512   22.60%
  15137  9674        0.2962    17        0.3446        0.2670   206263   22.52%
  15457  9916        0.2686    17        0.3446        0.2670   210441   22.52%
  15819 10196        0.3334    20        0.3446        0.2671   214426   22.49%
  15939 10272        0.3031    39        0.3446        0.2671   216488   22.49%
  16162 10448        0.3128    53        0.3446        0.2671   219508   22.47%
Elapsed time = 280.38 sec. (153554.03 ticks, tree = 19.71 MB, solutions = 5)
  16389 10600        cutoff              0.3446        0.2671   222025   22.47%
  16725 10874        0.2917    49        0.3446        0.2672   225329   22.44%
  16885 10992        0.3361    16        0.3446        0.2672   227259   22.44%
  17343 11342        0.2680    29        0.3446        0.2675   232394   22.38%
  17512 11483        0.3203    45        0.3446        0.2675   234137   22.38%
  17802 11676        0.3403    33        0.3446        0.2676   238701   22.35%
  17996 11828        0.3236    10        0.3446        0.2676   240982   22.35%
  18301 12063        0.3075    21        0.3446        0.2676   245874   22.35%
  18369 12110        0.3022    27        0.3446        0.2679   246627   22.26%
  18674 12344        0.2966    25        0.3446        0.2679   251001   22.25%
Elapsed time = 326.92 sec. (183219.19 ticks, tree = 23.29 MB, solutions = 5)
  18875 12495        0.3136    15        0.3446        0.2679   254020   22.25%
  19268 12733        0.3309    24        0.3446        0.2680   258417   22.21%
  19593 12980        0.3432    47        0.3446        0.2680   263483   22.21%
  19868 13172        0.3365    45        0.3446        0.2683   267770   22.13%
  20025 13272        0.2925    40        0.3446        0.2683   270122   22.13%
  20297 13453        0.3332    17        0.3446        0.2684   274977   22.10%
  20572 13658        0.3062    19        0.3446        0.2684   278216   22.10%
  20843 13801        0.3149    38        0.3446        0.2686   281535   22.07%
  21059 13981        0.2967    45        0.3446        0.2686   283561   22.07%
  22018 14578        0.3137    39        0.3446        0.2688   299789   21.98%
Elapsed time = 362.01 sec. (196172.46 ticks, tree = 27.22 MB, solutions = 5)
  23152 15367        0.3234    15        0.3446        0.2691   313838   21.90%
  24198 16069        cutoff              0.3446        0.2693   328529   21.85%
  25207 16811        0.2959    44        0.3446        0.2695   341876   21.80%
  26071 17399        0.2887    17        0.3446        0.2697   353633   21.75%
  26074 17400        0.2916    14        0.3446        0.2697   353736   21.75%
  26090 17400        0.3378    21        0.3446        0.2697   353926   21.75%
* 26593+17799                            0.3436        0.2697   359361   21.50%
  26593 17800        0.2907    44        0.3436        0.2697   359361   21.50%
* 26594+17799                            0.3436        0.2697   359372   21.50%
  27923 18769        0.2709    36        0.3436        0.2698   375913   21.49%
  28955 19458        0.3053    19        0.3436        0.2700   391167   21.43%
  30148 20256        0.2707    37        0.3436        0.2702   408759   21.36%
Elapsed time = 514.52 sec. (300341.63 ticks, tree = 38.62 MB, solutions = 8)
  31307 21048        0.3068    19        0.3436        0.2704   424505   21.31%
  32419 21863        0.2986    11        0.3436        0.2705   440050   21.28%
* 32799+22078                            0.3436        0.2705   444884   21.27%
  33496 22576        0.3425    40        0.3436        0.2707   452185   21.23%
  34271 23189        0.2924    22        0.3436        0.2707   463404   21.21%
  34974 23640        0.3058    39        0.3436        0.2709   475327   21.17%
  35823 24225        0.3164    36        0.3436        0.2709   487063   21.15%
  35986 24311        0.3072    21        0.3436        0.2710   491660   21.13%

Clique cuts applied:  12
Flow cuts applied:  6
Mixed integer rounding cuts applied:  105
Lift and project cuts applied:  19
Gomory fractional cuts applied:  11

Root node processing (before b&c):
  Real time             =   34.13 sec. (17752.97 ticks)
Parallel b&c, 4 threads:
  Real time             =  565.92 sec. (334915.83 ticks)
  Sync time (average)   =   47.28 sec.
  Wait time (average)   =    0.00 sec.
                          ------------
Total (root+branch&cut) =  600.05 sec. (352668.80 ticks)

Solution pool: 9 solutions saved.

MIP - Time limit exceeded, integer feasible:  Objective =  3.4360448289e-01
Current MIP best bound =  2.7111336521e-01 (gap = 0.0724911, 21.10%)
Solution time =  600.06 sec.  Iterations = 493134  Nodes = 36070 (24354)
Deterministic time = 352668.81 ticks  (587.73 ticks/sec)


Incumbent solution written to file 'instancias/formato_lp/grid/g_4x50_b_oplminimos.dat.sol'.
