
Log started (V12.6.0.0) Thu Feb 20 18:10:41 2014


Problem 'instancias/formato_lp/grid/g_5x20_a_oplminimos.dat.lp' read.
Read time = 0.08 sec. (0.59 ticks)
Tried aggregator 2 times.
MIP Presolve eliminated 22 rows and 12 columns.
MIP Presolve modified 34258 coefficients.
Aggregator did 4 substitutions.
Reduced MIP has 1480 rows, 975 columns, and 36523 nonzeros.
Reduced MIP has 434 binaries, 0 generals, 0 SOSs, and 0 indicators.
Presolve time = 0.06 sec. (128.43 ticks)
Probing time = 0.02 sec. (10.97 ticks)
Cover probing fixed 0 vars, tightened 193 bounds.
Tried aggregator 3 times.
MIP Presolve eliminated 152 rows and 3 columns.
MIP Presolve modified 640 coefficients.
Aggregator did 16 substitutions.
Reduced MIP has 1312 rows, 956 columns, and 36073 nonzeros.
Reduced MIP has 434 binaries, 1 generals, 0 SOSs, and 0 indicators.
Presolve time = 0.04 sec. (32.61 ticks)
Probing time = 0.04 sec. (10.66 ticks)
Clique table members: 293.
MIP emphasis: balance optimality and feasibility.
MIP search method: dynamic search.
Parallel mode: deterministic, using up to 4 threads.
Root relaxation solution time = 0.03 sec. (27.30 ticks)

        Nodes                                         Cuts/
   Node  Left     Objective  IInf  Best Integer    Best Bound    ItCnt     Gap

      0     0        0.0053    18                      0.0053      518         
*     0+    0                            0.0062        0.0053      549   15.01%
      0     0        cutoff              0.0062        0.0062      549    0.00%
Elapsed time = 0.36 sec. (315.25 ticks, tree = 0.00 MB, solutions = 1)

Clique cuts applied:  1
Implied bound cuts applied:  4
Flow cuts applied:  5
Mixed integer rounding cuts applied:  11
Gomory fractional cuts applied:  4

Root node processing (before b&c):
  Real time             =    0.37 sec. (315.29 ticks)
Parallel b&c, 4 threads:
  Real time             =    0.00 sec. (0.00 ticks)
  Sync time (average)   =    0.00 sec.
  Wait time (average)   =    0.00 sec.
                          ------------
Total (root+branch&cut) =    0.37 sec. (315.29 ticks)

Solution pool: 1 solution saved.

MIP - Integer optimal solution:  Objective =  6.2383031815e-03
Solution time =    0.37 sec.  Iterations = 549  Nodes = 0
Deterministic time = 315.29 ticks  (863.03 ticks/sec)


Incumbent solution written to file 'instancias/formato_lp/grid/g_5x20_a_oplminimos.dat.sol'.
