
Log started (V12.6.0.0) Thu Feb 20 18:20:44 2014


Problem 'instancias/formato_lp/grid/g_5x40_b_oplminimos.dat.lp' read.
Read time = 0.85 sec. (15.81 ticks)
Tried aggregator 2 times.
MIP Presolve eliminated 14 rows and 11 columns.
MIP Presolve modified 1154774 coefficients.
Aggregator did 2 substitutions.
Reduced MIP has 3030 rows, 3430 columns, and 1159357 nonzeros.
Reduced MIP has 2326 binaries, 0 generals, 0 SOSs, and 0 indicators.
Presolve time = 3.79 sec. (7908.62 ticks)
Probing time = 0.08 sec. (77.67 ticks)
Cover probing fixed 0 vars, tightened 3 bounds.
Tried aggregator 1 time.
MIP Presolve eliminated 1 rows and 0 columns.
MIP Presolve modified 635 coefficients.
Reduced MIP has 3029 rows, 3430 columns, and 1159354 nonzeros.
Reduced MIP has 2326 binaries, 1 generals, 0 SOSs, and 0 indicators.
Presolve time = 1.64 sec. (436.10 ticks)
Probing fixed 2 vars, tightened 0 bounds.
Probing time = 2.81 sec. (236.72 ticks)
Clique table members: 389.
MIP emphasis: balance optimality and feasibility.
MIP search method: dynamic search.
Parallel mode: deterministic, using up to 4 threads.
Root relaxation solution time = 1.90 sec. (633.81 ticks)

        Nodes                                         Cuts/
   Node  Left     Objective  IInf  Best Integer    Best Bound    ItCnt     Gap

      0     0        0.1818    83                      0.1818     2307         
*     0+    0                            0.3730        0.1818     2414   51.25%
      0     0        0.2014    86        0.3730      Cuts: 76     2414   46.00%
      0     0        0.2081    77        0.3730      Cuts: 42     2469   44.20%
*     0+    0                            0.3088        0.2081     2469   32.62%
      0     0        0.2101    91        0.3088      Cuts: 19     2506   31.98%
      0     0        0.2101    91        0.3088      Cuts: 17     2520   31.98%
      0     0        0.2101    91        0.3088       Cuts: 6     2527   31.98%
      0     2        0.2101    91        0.3088        0.2101     2527   31.98%
Elapsed time = 24.52 sec. (15037.54 ticks, tree = 0.01 MB, solutions = 2)
      3     5        0.2214   101        0.3088        0.2107     2629   31.78%
      8    10        0.2217    61        0.3088        0.2130     2797   31.04%
     31    33        0.2375    17        0.3088        0.2140     4258   30.71%
*    38+   38                            0.2924        0.2140     5196   26.82%
     42    44        0.2501    17        0.2924        0.2140     5678   26.82%
    100    78        cutoff              0.2924        0.2140     7036   26.82%
    163   107        0.2454    18        0.2924        0.2140     7857   26.82%
    217   147        0.2456    10        0.2924        0.2140     9121   26.82%
    272   168        0.2619    29        0.2924        0.2140    10760   26.82%
    290   175        0.2603    23        0.2924        0.2140    11647   26.82%
    524   302        0.2299     9        0.2924        0.2228    14978   23.79%
Elapsed time = 32.27 sec. (19411.40 ticks, tree = 3.34 MB, solutions = 3)
    712   362        0.2789    25        0.2924        0.2255    18270   22.90%
*   995+  544                            0.2890        0.2266    23708   21.59%
   1059   592        0.2856    15        0.2890        0.2266    25301   21.59%
   1351   757        0.2433     8        0.2890        0.2266    29571   21.59%
   1511   856        0.2863     8        0.2890        0.2304    32428   20.28%
   1777  1000        0.2808    15        0.2890        0.2315    36543   19.88%
   2055  1161        0.2744    17        0.2890        0.2330    40474   19.38%
   2340  1332        0.2154    79        0.2890        0.2372    48671   17.92%
   2345  1335        0.2222    20        0.2890        0.2372    49055   17.92%
   2358  1342        0.2547    28        0.2890        0.2372    50045   17.92%
   2428  1295        0.2570    17        0.2890        0.2372    53173   17.92%
Elapsed time = 75.94 sec. (50005.99 ticks, tree = 5.99 MB, solutions = 4)
   2513  1206        0.2877    18        0.2890        0.2372    54260   17.92%
   2647  1073        0.2848    21        0.2890        0.2372    58404   17.92%
   2942  1141        0.2669    28        0.2890        0.2372    62217   17.92%
   2950  1137        0.2669    17        0.2890        0.2372    63510   17.92%
*  2982+  901                            0.2803        0.2372    64183   15.39%
   3215   829        0.2481    32        0.2803        0.2372    71341   15.39%
   3578   809        0.2590    29        0.2803        0.2372    82981   15.39%
   3856   817        0.2771    16        0.2803        0.2372    93786   15.39%
   4043   864        0.2738     4        0.2803        0.2372   100296   15.39%
   4459  1104        cutoff              0.2803        0.2372   111758   15.39%
   4558  1166        0.2434    23        0.2803        0.2372   114597   15.39%
Elapsed time = 92.99 sec. (62548.22 ticks, tree = 2.04 MB, solutions = 5)
   4824  1295        0.2434    27        0.2803        0.2375   124072   15.27%
   5399  1672        0.2637    21        0.2803        0.2377   134660   15.20%
   5935  1915        0.2575    23        0.2803        0.2389   147534   14.77%
   6230  2022        0.2570    18        0.2803        0.2396   155567   14.52%
   6231  2022        0.2782    19        0.2803        0.2396   155572   14.52%
   6506  2104        0.2413     8        0.2803        0.2398   164585   14.47%
   6840  2224        0.2626    17        0.2803        0.2413   174446   13.92%
   7265  2408        0.2618     6        0.2803        0.2428   186793   13.41%
   7583  2544        0.2621    26        0.2803        0.2433   199359   13.22%
   7747  2610        0.2753    10        0.2803        0.2433   206356   13.20%
Elapsed time = 113.36 sec. (76176.67 ticks, tree = 4.50 MB, solutions = 5)
   8268  2887        0.2698    10        0.2803        0.2437   214993   13.06%
   8915  3219        0.2445    23        0.2803        0.2441   222511   12.92%
   9091  3296        0.2518    37        0.2803        0.2443   225947   12.84%
   9791  3569        0.2506    20        0.2803        0.2450   233824   12.61%
  10190  3677        0.2543    25        0.2803        0.2456   239691   12.38%
  10538  3846        0.2703    10        0.2803        0.2461   243549   12.21%
  10904  3951        cutoff              0.2803        0.2461   247325   12.21%
  11455  4114        0.2656    25        0.2803        0.2468   253674   11.97%
  11997  4294        0.2638    15        0.2803        0.2480   261119   11.55%
  12114  4349        0.2767    13        0.2803        0.2480   264029   11.55%
Elapsed time = 131.16 sec. (87299.14 ticks, tree = 7.28 MB, solutions = 5)
  12177  4376        0.2767    15        0.2803        0.2483   264615   11.43%
  12883  4580        0.2691    18        0.2803        0.2489   273786   11.21%
  13329  4628        0.2696    14        0.2803        0.2494   279987   11.02%
  13766  4757        0.2626    18        0.2803        0.2505   286438   10.65%
  13956  4837        0.2635    25        0.2803        0.2505   289897   10.65%
  13994  4831        0.2760     6        0.2803        0.2507   290951   10.58%
  14497  4924        cutoff              0.2803        0.2514   297648   10.33%
  14908  4962        0.2647    11        0.2803        0.2518   305400   10.18%
  15235  5020        0.2716    16        0.2803        0.2522   309805   10.03%
  15513  5072        0.2588    20        0.2803        0.2526   313350    9.89%
Elapsed time = 147.30 sec. (98605.77 ticks, tree = 8.80 MB, solutions = 5)
  15591  5080        0.2542    17        0.2803        0.2530   315701    9.77%
  15992  5136        0.2589    44        0.2803        0.2536   321841    9.53%
  16378  5199        0.2569    12        0.2803        0.2541   327087    9.35%
  16911  5400        0.2666    22        0.2803        0.2546   334985    9.19%
  17364  5493        0.2792    10        0.2803        0.2549   344072    9.06%
  17838  5599        0.2661    15        0.2803        0.2553   350430    8.95%
  18073  5642        0.2710    23        0.2803        0.2557   353335    8.80%
  18607  5682        0.2746    13        0.2803        0.2561   360986    8.65%
  18912  5635        0.2756    22        0.2803        0.2567   367188    8.44%
  19161  5692        0.2671    29        0.2803        0.2570   370024    8.31%
Elapsed time = 165.16 sec. (109771.91 ticks, tree = 10.02 MB, solutions = 5)
  19191  5683        0.2609    11        0.2803        0.2570   370895    8.31%
  19734  5842        cutoff              0.2803        0.2575   376638    8.15%
  20124  5906        0.2586    22        0.2803        0.2578   381813    8.05%
  20571  5994        cutoff              0.2803        0.2581   387017    7.94%
  20728  6003        0.2650    11        0.2803        0.2584   388932    7.83%
  20983  6004        cutoff              0.2803        0.2584   393031    7.81%
  21435  6001        0.2788    15        0.2803        0.2592   400671    7.54%
  21823  6083        0.2734    28        0.2803        0.2593   405534    7.52%
  22303  6195        0.2651    37        0.2803        0.2595   411895    7.42%
  22417  6198        0.2602    20        0.2803        0.2600   413584    7.26%
Elapsed time = 181.75 sec. (120352.61 ticks, tree = 10.93 MB, solutions = 5)
  22768  6281        0.2604    10        0.2803        0.2600   417602    7.24%
  23177  6264        cutoff              0.2803        0.2603   422693    7.13%
  23570  6271        0.2614    23        0.2803        0.2610   427981    6.90%
  23915  6322        0.2792    25        0.2803        0.2613   431402    6.80%
  23983  6315        0.2616    30        0.2803        0.2613   432351    6.80%
  24426  6339        0.2789    14        0.2803        0.2618   439859    6.62%
  24822  6402        0.2739    22        0.2803        0.2619   445540    6.56%
  25254  6453        0.2762    11        0.2803        0.2621   452752    6.49%
  25791  6544    infeasible              0.2803        0.2627   458712    6.30%
  25795  6545        0.2169    65        0.2803        0.2627   461308    6.30%
Elapsed time = 236.05 sec. (165185.81 ticks, tree = 12.78 MB, solutions = 5)
  25799  6548        0.2220    17        0.2803        0.2627   461650    6.30%
  25813  6555        0.2430    35        0.2803        0.2627   461996    6.30%
  25833  6562        0.2442    24        0.2803        0.2627   462524    6.30%
  25856  6127        0.2479    28        0.2803        0.2627   463055    6.30%
  25894  5617        0.2780    10        0.2803        0.2627   463956    6.30%
  25947  5237        0.2557    12        0.2803        0.2627   464967    6.30%
  26002  5068        0.2236    18        0.2803        0.2627   465741    6.30%
  26065  4761        0.2484     9        0.2803        0.2627   466633    6.30%
  26090  4722        0.2414    11        0.2803        0.2627   466969    6.30%
  26357  3432        0.2749    23        0.2803        0.2627   472844    6.30%
Elapsed time = 254.18 sec. (178158.53 ticks, tree = 6.66 MB, solutions = 5)
  26731  2549        0.2376    24        0.2803        0.2627   479258    6.30%
  26935  2225        0.2744    16        0.2803        0.2627   483500    6.30%
  27247  1863        0.2648    24        0.2803        0.2627   489057    6.30%
  27581  1616        0.2558    10        0.2803        0.2627   495238    6.30%
  27838  1498        0.2599     8        0.2803        0.2627   499571    6.30%
  28109  1353        0.2767    12        0.2803        0.2627   506388    6.30%
  28421  1216        cutoff              0.2803        0.2627   512331    6.30%
  28655  1119        0.2638    21        0.2803        0.2627   517260    6.30%
  28948   906        0.2533    19        0.2803        0.2627   522695    6.30%
  29133   840        0.2731    12        0.2803        0.2627   526021    6.30%
Elapsed time = 307.79 sec. (216692.25 ticks, tree = 1.33 MB, solutions = 5)
  29353   844        0.2698    12        0.2803        0.2627   529862    6.30%
  29682   809        0.2752    18        0.2803        0.2627   537139    6.30%
  29949   825        0.2580    26        0.2803        0.2627   541191    6.30%
  30185   825        0.2592    12        0.2803        0.2627   545414    6.30%
  30447   866        0.2653    25        0.2803        0.2627   550208    6.30%
  30724   881        0.2613    10        0.2803        0.2627   555587    6.30%
  30973   866        0.2782    22        0.2803        0.2627   560960    6.30%
  31194   830        0.2655    16        0.2803        0.2635   564531    6.00%
  31497   769        0.2795    25        0.2803        0.2653   569409    5.38%
  31762   721        0.2744    24        0.2803        0.2666   573866    4.90%
Elapsed time = 364.64 sec. (255516.37 ticks, tree = 0.68 MB, solutions = 5)
  32028   655        0.2684    24        0.2803        0.2681   578402    4.36%
  32325   515        0.2735    27        0.2803        0.2708   583052    3.41%
  32636   376        0.2734     9        0.2803        0.2733   588094    2.50%
  33024   131        0.2780    12        0.2803        0.2776   592880    0.96%

Flow cuts applied:  5
Mixed integer rounding cuts applied:  63
Lift and project cuts applied:  15
Gomory fractional cuts applied:  6

Root node processing (before b&c):
  Real time             =   24.45 sec. (14979.69 ticks)
Parallel b&c, 4 threads:
  Real time             =  365.24 sec. (257625.39 ticks)
  Sync time (average)   =   39.56 sec.
  Wait time (average)   =    0.00 sec.
                          ------------
Total (root+branch&cut) =  389.69 sec. (272605.08 ticks)

Solution pool: 5 solutions saved.

MIP - Integer optimal solution:  Objective =  2.8033602987e-01
Solution time =  389.70 sec.  Iterations = 594220  Nodes = 33200
Deterministic time = 272605.09 ticks  (699.53 ticks/sec)


Incumbent solution written to file 'instancias/formato_lp/grid/g_5x40_b_oplminimos.dat.sol'.
