
Log started (V12.6.0.0) Thu Feb 20 18:10:42 2014


Problem 'instancias/formato_lp/grid/g_5x40_a_oplminimos.dat.lp' read.
Read time = 2.22 sec. (19.41 ticks)
Tried aggregator 2 times.
MIP Presolve eliminated 18 rows and 11 columns.
MIP Presolve modified 1421749 coefficients.
Aggregator did 2 substitutions.
Reduced MIP has 3026 rows, 3807 columns, and 1426277 nonzeros.
Reduced MIP has 2703 binaries, 0 generals, 0 SOSs, and 0 indicators.
Presolve time = 4.39 sec. (9570.59 ticks)
Probing time = 0.10 sec. (96.34 ticks)
Cover probing fixed 0 vars, tightened 3 bounds.
Tried aggregator 1 time.
MIP Presolve modified 644 coefficients.
Reduced MIP has 3026 rows, 3807 columns, and 1426277 nonzeros.
Reduced MIP has 2703 binaries, 1 generals, 0 SOSs, and 0 indicators.
Presolve time = 2.12 sec. (536.96 ticks)
Probing time = 3.23 sec. (95.45 ticks)
Clique table members: 399.
MIP emphasis: balance optimality and feasibility.
MIP search method: dynamic search.
Parallel mode: deterministic, using up to 4 threads.
Root relaxation solution time = 2.60 sec. (581.08 ticks)

        Nodes                                         Cuts/
   Node  Left     Objective  IInf  Best Integer    Best Bound    ItCnt     Gap

      0     0        0.2359   110                      0.2359     2789         
*     0+    0                            0.4307        0.2359     2902   45.23%
      0     0        0.2534   107        0.4307     Cuts: 101     2902   41.18%
      0     0        0.2578    86        0.4307      Cuts: 38     2969   40.15%
      0     0        0.2588   102        0.4307      Cuts: 19     3004   39.91%
*     0+    0                            0.4228        0.2588     3004   38.78%
      0     0        0.2590   102        0.4228      Cuts: 15     3024   38.74%
      0     0        0.2590   102        0.4228      Cuts: 13     3033   38.74%
*     0+    0                            0.4075        0.2590     3038   36.44%
      0     0        0.2590   102        0.4075    MIRcuts: 4     3038   36.44%
      0     2        0.2590   102        0.4075        0.2590     3038   36.44%
Elapsed time = 32.67 sec. (18503.18 ticks, tree = 0.01 MB, solutions = 3)
      4     6        0.3190    93        0.4075        0.2606     3286   36.06%
     12    14        0.3253   115        0.4075        0.2634     3780   35.36%
     37    39        0.3984    51        0.4075        0.2707     5194   33.57%
     73    73        0.3206    17        0.4075        0.2707     6815   33.57%
    119   106        0.2896    15        0.4075        0.2707     8852   33.57%
    180   143        0.2882    57        0.4075        0.2709    10234   33.52%
    213   172        0.4048    13        0.4075        0.2709    11376   33.52%
    284   238        0.2899    19        0.4075        0.2709    13105   33.52%
    289   243        0.3093    20        0.4075        0.2709    13182   33.52%
    643   427        0.3846    18        0.4075        0.2810    19261   31.03%
Elapsed time = 41.67 sec. (23046.84 ticks, tree = 9.51 MB, solutions = 3)
    855   607        0.3164    18        0.4075        0.2812    22294   31.00%
   1226   830        0.3438    21        0.4075        0.2815    26301   30.93%
*  1352+  945                            0.4072        0.2854    29005   29.91%
   1421  1010        0.3468    22        0.4072        0.2854    30228   29.91%
   1696  1253        0.3264    23        0.4072        0.2854    33294   29.91%
   2022  1474        cutoff              0.4072        0.2906    39235   28.64%
   2405  1788        0.2595    99        0.4072        0.2912    45205   28.50%
   2410  1791        0.3316   100        0.4072        0.2912    45959   28.50%
   2436  1800        0.3166    34        0.4072        0.2912    47449   28.50%
   2486  1679        0.3576    22        0.4072        0.2912    50476   28.50%
   2577  1585        0.3023    19        0.4072        0.2912    52679   28.50%
Elapsed time = 97.72 sec. (63377.79 ticks, tree = 23.18 MB, solutions = 4)
   2765  1589        0.3127    28        0.4072        0.2912    55257   28.50%
   2998  1634        0.3700    35        0.4072        0.2912    57215   28.50%
   3428  1790        0.3824     9        0.4072        0.2912    62315   28.50%
   3760  1872        0.2920    34        0.4072        0.2912    66060   28.50%
   4164  2023        0.2919    21        0.4072        0.2912    70703   28.50%
   4239  2051        0.3819    34        0.4072        0.2916    71252   28.39%
*  4354+ 1906                            0.4068        0.2916    72311   28.31%
   4717  1994        0.2972    29        0.4068        0.2925    77234   28.11%
   5335  2359        0.3133    29        0.4068        0.2937    83005   27.81%
   5784  2705        0.3396    16        0.4068        0.2948    88751   27.54%
   6287  3135        0.3584    11        0.4068        0.2948    93424   27.53%
Elapsed time = 122.25 sec. (77957.26 ticks, tree = 9.88 MB, solutions = 5)
   6881  3623        0.3009    10        0.4068        0.2961   100100   27.21%
   7450  4093        0.3681    21        0.4068        0.2964   106150   27.15%
   7998  4540        0.3482    10        0.4068        0.2967   113307   27.06%
   8501  4933        0.3706    13        0.4068        0.2969   119212   27.02%
*  8899  5229      integral     0        0.4060        0.2972   123892   26.81%
   9382  5629        cutoff              0.4060        0.2973   129101   26.79%
   9853  5954        0.3484    14        0.4060        0.2975   137598   26.72%
  10453  6421        0.3576    28        0.4060        0.2979   145359   26.62%
  10926  6788        0.3832    22        0.4060        0.2983   151219   26.53%
  11406  7143        0.3810    17        0.4060        0.2986   156927   26.46%
Elapsed time = 141.68 sec. (87076.08 ticks, tree = 16.20 MB, solutions = 6)
  11851  7433        cutoff              0.4060        0.2990   164047   26.37%
  12400  7843        0.3007    17        0.4060        0.2994   171584   26.26%
  12646  8004        0.4043    16        0.4060        0.2998   175555   26.16%
  12701  8036        0.3687    11        0.4060        0.2998   176258   26.16%
  12726  8042        0.3111    14        0.4060        0.3007   176975   25.96%
  12732  8040        0.3316    10        0.4060        0.3007   177244   25.96%
  12733  8041        0.3113    16        0.4060        0.3007   177259   25.96%
  13204  8386        0.3478    22        0.4060        0.3008   183087   25.91%
  13723  8764        0.3822    14        0.4060        0.3010   188536   25.87%
  14191  9130        0.3767    17        0.4060        0.3015   193919   25.74%
Elapsed time = 165.46 sec. (109826.06 ticks, tree = 20.00 MB, solutions = 6)
  14696  9496        0.3490    10        0.4060        0.3017   201456   25.70%
  15154  9818        0.3760    17        0.4060        0.3020   207086   25.64%
  15611 10140        0.3546    11        0.4060        0.3021   214169   25.59%
  15902 10293        0.3634    28        0.4060        0.3024   219762   25.52%
  16423 10592        0.3634    14        0.4060        0.3032   228921   25.33%
  16813 10847        0.3943    17        0.4060        0.3037   235469   25.19%
  17087 11036        0.3040    14        0.4060        0.3039   238925   25.16%
  17711 11491        0.3446    10        0.4060        0.3042   246770   25.09%
  18026 11699        0.3202    24        0.4060        0.3044   250735   25.02%
  18342 11921        0.3174    12        0.4060        0.3047   255507   24.97%
Elapsed time = 189.55 sec. (125391.21 ticks, tree = 24.91 MB, solutions = 6)
  18616 12125        0.3228    28        0.4060        0.3048   259746   24.94%
  19186 12546        0.3792    34        0.4060        0.3050   266314   24.88%
  19674 12872        0.3068    20        0.4060        0.3054   272913   24.79%
  20198 13207        0.3637    18        0.4060        0.3059   280005   24.67%
  20701 13562        0.3784    15        0.4060        0.3061   285703   24.62%
  21185 13904        0.3881    14        0.4060        0.3062   291875   24.59%
  21689 14302        0.3744    29        0.4060        0.3064   298100   24.55%
  22205 14635        cutoff              0.4060        0.3066   306245   24.50%
  22581 14864        0.3520    17        0.4060        0.3068   313122   24.45%
  23025 15200        0.3373    14        0.4060        0.3069   318422   24.42%
Elapsed time = 211.45 sec. (138324.95 ticks, tree = 30.63 MB, solutions = 6)
  23450 15492        0.3314    12        0.4060        0.3070   323934   24.39%
  23559 15564        0.3315    10        0.4060        0.3071   325127   24.36%
  23563 15561        0.3236    30        0.4060        0.3071   325285   24.36%
  23855 15789        0.3231    20        0.4060        0.3071   328644   24.36%
  24196 16030        0.3506    20        0.4060        0.3073   332852   24.32%
  24644 16308        0.3253    35        0.4060        0.3074   339851   24.30%
  25112 16564        0.3740    14        0.4060        0.3076   348207   24.24%
  25427 16752        0.3079    38        0.4060        0.3078   353493   24.20%
  25799 16966        0.3919    10        0.4060        0.3081   360187   24.13%
  26101 17093        0.3618     9        0.4060        0.3081   365563   24.13%
Elapsed time = 261.28 sec. (174405.43 ticks, tree = 34.51 MB, solutions = 6)
  26552 17346        0.3395    12        0.4060        0.3081   372162   24.12%
  26967 17611        0.3278    13        0.4060        0.3083   377520   24.06%
  27399 17873        0.3182    14        0.4060        0.3084   383961   24.05%
  27813 18147        0.3092    44        0.4060        0.3085   390470   24.01%
  28403 18586        0.3928    13        0.4060        0.3088   398161   23.96%
  28850 18879        0.3144    16        0.4060        0.3089   404359   23.92%
  28866 18895        0.3145    20        0.4060        0.3089   404472   23.92%
  29393 19236        0.3327    11        0.4060        0.3090   411905   23.89%
  29709 19419        0.3947    21        0.4060        0.3092   418024   23.86%
  30266 19800        0.3854    11        0.4060        0.3092   425096   23.84%
Elapsed time = 282.53 sec. (186670.17 ticks, tree = 39.18 MB, solutions = 6)
  30786 20153        0.3398    16        0.4060        0.3094   432326   23.81%
  30881 20207        0.3441    14        0.4060        0.3094   434215   23.81%
  30953 20239        0.3668    24        0.4060        0.3095   435999   23.78%
  31376 20517        0.3432    16        0.4060        0.3096   443745   23.74%
  31744 20740        0.3261     8        0.4060        0.3097   449416   23.72%
  32197 21032        0.3569    19        0.4060        0.3097   457647   23.72%
  32610 21262        0.3802    17        0.4060        0.3100   463899   23.66%
  33160 21656        0.3934    40        0.4060        0.3100   471330   23.65%
  33759 22060        0.3330    19        0.4060        0.3101   479475   23.62%
  35718 23313        0.3404    44        0.4060        0.3106   506795   23.50%
Elapsed time = 308.94 sec. (203556.31 ticks, tree = 45.31 MB, solutions = 6)
  37343 24288        0.3548    31        0.4060        0.3110   533704   23.41%
  37682 24496        0.3859    14        0.4060        0.3110   538449   23.40%
  39536 25692        0.3429    23        0.4060        0.3114   566256   23.32%
  41072 26696        0.3117    14        0.4060        0.3117   587898   23.23%
  42810 27844        0.3662     8        0.4060        0.3119   616094   23.20%
  43272 28166        0.3374    14        0.4060        0.3119   623177   23.18%
  43369 28213        0.3374    23        0.4060        0.3120   624780   23.16%
  45347 29484        0.3163    18        0.4060        0.3123   655695   23.08%
  47347 30621        0.3746    18        0.4060        0.3128   686509   22.96%
  49291 31753        0.3221    17        0.4060        0.3131   715213   22.89%
Elapsed time = 376.57 sec. (248601.72 ticks, tree = 60.20 MB, solutions = 6)
  49499 31841        0.3740    15        0.4060        0.3132   719102   22.87%
  51104 32734        0.3369    41        0.4060        0.3136   744667   22.76%
  51471 32925        0.3310    17        0.4060        0.3137   750103   22.75%
  51923 33222        0.3808    12        0.4060        0.3138   755813   22.73%
  51960 33238        0.3139    14        0.4060        0.3138   756354   22.73%
  53574 34169        0.3628    12        0.4060        0.3142   779359   22.62%
  55539 35321        0.3832    27        0.4060        0.3147   801762   22.51%
  56393 35908        0.3892    13        0.4060        0.3147   809751   22.49%
  56894 36217        0.3428    10        0.4060        0.3149   814621   22.44%
  58952 37516        0.3954    18        0.4060        0.3153   833122   22.36%
Elapsed time = 435.22 sec. (294469.93 ticks, tree = 193.33 MB, solutions = 6)
  59198 37656        0.3455     8        0.4060        0.3154   835400   22.33%
  59487 37854        0.3535    12        0.4060        0.3154   837820   22.33%
  60744 38614        0.3159    12        0.4060        0.3156   851816   22.27%
  62574 39586        0.3983    20        0.4060        0.3160   871294   22.18%
  63008 39876        0.3224    18        0.4060        0.3160   875448   22.17%
  63013 39881        0.3224    18        0.4060        0.3160   875477   22.17%
  65193 41233        cutoff              0.4060        0.3163   896478   22.10%
  65549 41454        0.3546    25        0.4060        0.3164   900044   22.08%
  67385 42596        0.3822    14        0.4060        0.3167   917928   22.00%
  67626 42771        0.3169    14        0.4060        0.3167   919771   22.00%
Elapsed time = 485.42 sec. (334710.20 ticks, tree = 407.79 MB, solutions = 6)
  69132 43528        0.4010    10        0.4060        0.3170   937432   21.93%
  69139 43529        0.3292    18        0.4060        0.3170   937518   21.93%
  71279 44834        0.3757    25        0.4060        0.3173   958440   21.86%
  71816 45112        0.3552    17        0.4060        0.3174   964799   21.83%
  73677 46185        0.3761    16        0.4060        0.3178   985857   21.74%
  74027 46312        0.3377    10        0.4060        0.3178   990717   21.74%
  74970 46837        0.3311    11        0.4060        0.3180  1001090   21.68%
  74988 46843        0.3299    11        0.4060        0.3180  1001351   21.68%
  77042 48102        0.3827    16        0.4060        0.3183  1022430   21.62%
  77224 48197        0.3636    11        0.4060        0.3183  1024347   21.60%
Elapsed time = 539.19 sec. (381170.27 ticks, tree = 635.95 MB, solutions = 6)
  77230 48196        0.3228    11        0.4060        0.3183  1024433   21.60%
* 77410+48333                            0.4060        0.3183  1025781   21.60%
* 77552+48414                            0.4060        0.3183  1027157   21.60%
* 77573+48435                            0.4060        0.3183  1027270   21.60%
  78745 49049        0.3422    12        0.4060        0.3185  1039775   21.56%
  80013 49707        0.3557    16        0.4060        0.3188  1053456   21.48%
  81050 50336        0.3734    13        0.4060        0.3190  1064254   21.45%
  82673 51206        0.3331    10        0.4060        0.3192  1083038   21.38%
  82989 51351        0.3704    23        0.4060        0.3192  1086747   21.38%
  84846 52374        cutoff              0.4060        0.3196  1107855   21.30%
  85881 52985        0.4036    16        0.4060        0.3197  1118181   21.26%

Flow cuts applied:  8
Mixed integer rounding cuts applied:  90
Lift and project cuts applied:  2
Gomory fractional cuts applied:  8

Root node processing (before b&c):
  Real time             =   32.59 sec. (18444.68 ticks)
Parallel b&c, 4 threads:
  Real time             =  567.42 sec. (414267.37 ticks)
  Sync time (average)   =   69.79 sec.
  Wait time (average)   =    0.00 sec.
                          ------------
Total (root+branch&cut) =  600.01 sec. (432712.04 ticks)

Solution pool: 7 solutions saved.

MIP - Time limit exceeded, integer feasible:  Objective =  4.0604557920e-01
Current MIP best bound =  3.1975509056e-01 (gap = 0.0862905, 21.25%)
Solution time =  600.01 sec.  Iterations = 1125287  Nodes = 86555 (53417)
Deterministic time = 432712.05 ticks  (721.17 ticks/sec)


Incumbent solution written to file 'instancias/formato_lp/grid/g_5x40_a_oplminimos.dat.sol'.
