
Log started (V12.6.0.0) Thu Feb 20 18:29:40 2014


Problem 'instancias/formato_lp/grid/g_6x34_b_oplminimos.dat.lp' read.
Read time = 0.74 sec. (15.91 ticks)
Tried aggregator 2 times.
MIP Presolve eliminated 13 rows and 11 columns.
MIP Presolve modified 1160710 coefficients.
Aggregator did 3 substitutions.
Reduced MIP has 3138 rows, 3441 columns, and 1165134 nonzeros.
Reduced MIP has 2304 binaries, 0 generals, 0 SOSs, and 0 indicators.
Presolve time = 3.70 sec. (8175.45 ticks)
Probing time = 0.08 sec. (78.14 ticks)
Cover probing fixed 0 vars, tightened 3 bounds.
Tried aggregator 1 time.
MIP Presolve modified 626 coefficients.
Reduced MIP has 3138 rows, 3441 columns, and 1165134 nonzeros.
Reduced MIP has 2304 binaries, 1 generals, 0 SOSs, and 0 indicators.
Presolve time = 1.66 sec. (438.39 ticks)
Probing time = 2.52 sec. (77.68 ticks)
Clique table members: 365.
MIP emphasis: balance optimality and feasibility.
MIP search method: dynamic search.
Parallel mode: deterministic, using up to 4 threads.
Root relaxation solution time = 2.19 sec. (530.66 ticks)

        Nodes                                         Cuts/
   Node  Left     Objective  IInf  Best Integer    Best Bound    ItCnt     Gap

      0     0        0.2792   114                      0.2792     2726         
*     0+    0                            0.6382        0.2792     2868   56.24%
      0     0        0.3169   113        0.6382     Cuts: 114     2868   50.34%
      0     0        0.3328   118        0.6382      Cuts: 36     2930   47.85%
      0     0        0.3329   118        0.6382      Cuts: 12     2960   47.83%
*     0+    0                            0.5707        0.3329     2960   41.66%
*     0+    0                            0.5699        0.3329     2960   41.57%
      0     0        0.3329   118        0.5699      Cuts: 40     2967   41.57%
      0     0        0.3329   118        0.5699      Cuts: 39     2970   41.57%
      0     2        0.3329   118        0.5699        0.3329     2970   41.57%
Elapsed time = 27.14 sec. (16211.57 ticks, tree = 0.01 MB, solutions = 3)
     12    14        0.4000   101        0.5699        0.3478     3388   38.97%
     41    43        0.4141    40        0.5699        0.3478     4574   38.97%
     83    85        0.4179    17        0.5699        0.3478     6284   38.97%
     95    97        0.3688    30        0.5699        0.3478     6587   38.97%
    155   156        0.3696    29        0.5699        0.3478     9105   38.97%
    238   228        0.4068    20        0.5699        0.3478    13733   38.97%
    319   291        cutoff              0.5699        0.3478    17798   38.97%
    373   324        0.4519    47        0.5699        0.3478    20069   38.97%
    477   385        0.3673    53        0.5699        0.3536    23758   37.94%
*   535+  435                            0.5600        0.3536    25509   36.85%
*   627+  516                            0.5583        0.3536    28807   36.66%
*   627+  516                            0.5569        0.3536    28807   36.50%
    669   551        0.4672    20        0.5569        0.3536    29769   36.50%
Elapsed time = 35.50 sec. (20065.22 ticks, tree = 1.88 MB, solutions = 4)
    684   560        0.5290    20        0.5569        0.3536    37283   36.50%
*   983+  775                            0.5560        0.3536    47581   36.40%
   1014   784        0.3680   101        0.5560        0.3536    48060   36.40%
   1376  1118        0.4123    25        0.5560        0.3633    52182   34.65%
   1707  1430        0.3889    23        0.5560        0.3640    55927   34.54%
   2155  1773        0.4357    66        0.5560        0.3661    66752   34.16%
   2485  2035        0.3390   102        0.5560        0.3677    74904   33.86%
   2488  2038        0.3538    81        0.5560        0.3677    75093   33.86%
   2506  2048        0.4189    69        0.5560        0.3677    75715   33.86%
   2625  2045        0.5276    18        0.5560        0.3677    82621   33.86%
   2740  1981        0.3685    62        0.5560        0.3677    84629   33.86%
Elapsed time = 75.15 sec. (48335.79 ticks, tree = 41.50 MB, solutions = 7)
   2970  1976        0.4105    43        0.5560        0.3677    90213   33.86%
   3238  1985        0.4450    35        0.5560        0.3677    94174   33.86%
   3491  2080        0.4546    22        0.5560        0.3677    97754   33.86%
   3941  2284        0.4263    16        0.5560        0.3686   101387   33.70%
   4547  2567        0.3703    22        0.5560        0.3690   108737   33.64%
*  4821  2444      integral     0        0.5558        0.3691   111850   33.59%
   5411  2677        0.4188    18        0.5558        0.3695   119938   33.51%
   6144  3106        0.4757    16        0.5558        0.3698   130366   33.46%
   6757  3605        0.4685    22        0.5558        0.3703   140065   33.37%
   7339  4090        0.4036    14        0.5558        0.3708   148771   33.28%
Elapsed time = 93.97 sec. (57994.06 ticks, tree = 13.15 MB, solutions = 8)
   8124  4771        cutoff              0.5558        0.3714   158494   33.16%
   8436  5014        0.4406    20        0.5558        0.3716   162979   33.13%
   8453  5017        0.4407    32        0.5558        0.3717   163831   33.11%
   8465  5017        0.3720    62        0.5558        0.3717   164074   33.11%
   8999  5456        0.4771    22        0.5558        0.3724   172507   33.00%
   9664  5983        0.4853    24        0.5558        0.3734   182415   32.82%
  10212  6429        0.4627    26        0.5558        0.3743   190276   32.65%
  10851  6961        0.4165    30        0.5558        0.3755   200049   32.43%
  11099  7158        0.3982    29        0.5558        0.3757   204466   32.40%
  11655  7605        0.4149    36        0.5558        0.3764   212904   32.27%
Elapsed time = 112.74 sec. (70793.10 ticks, tree = 18.63 MB, solutions = 8)
  11911  7826        0.4130    10        0.5558        0.3770   216897   32.17%
  12197  8054        0.4247    17        0.5558        0.3771   222505   32.14%
  12628  8406        cutoff              0.5558        0.3772   229455   32.13%
  13200  8877        0.4778    17        0.5558        0.3783   238489   31.94%
  13576  9150        0.4083    19        0.5558        0.3787   245341   31.86%
  14267  9736        0.4950    36        0.5558        0.3790   254060   31.81%
  14734 10091        0.4320    14        0.5558        0.3795   260710   31.72%
  15260 10505        0.4885    30        0.5558        0.3798   269759   31.66%
  15357 10581        0.3807    20        0.5558        0.3799   271190   31.64%
  15849 10991        0.3803    20        0.5558        0.3800   278397   31.62%
Elapsed time = 130.94 sec. (80903.37 ticks, tree = 24.26 MB, solutions = 8)
  16371 11421        cutoff              0.5558        0.3802   285041   31.59%
  16953 11872        cutoff              0.5558        0.3803   293764   31.57%
  17314 12142        0.3807    42        0.5558        0.3805   299494   31.54%
  17626 12397        0.3810    19        0.5558        0.3806   304044   31.52%
  17633 12398        0.3809    27        0.5558        0.3806   304210   31.52%
  18063 12729        0.5339    36        0.5558        0.3808   309753   31.49%
  18592 13160        0.4005    25        0.5558        0.3808   317945   31.48%
  19140 13591        0.4335    33        0.5558        0.3810   325831   31.44%
  19567 13933        0.4010    24        0.5558        0.3811   329753   31.43%
  20185 14431        0.5482    20        0.5558        0.3812   336790   31.41%
Elapsed time = 150.49 sec. (91812.29 ticks, tree = 58.46 MB, solutions = 8)
  20523 14717        0.4062    26        0.5558        0.3812   339871   31.40%
  20930 15030        0.4968    22        0.5558        0.3813   344809   31.39%
  21401 15393        0.4484    20        0.5558        0.3814   350236   31.38%
  21645 15578        0.3873    14        0.5558        0.3814   353151   31.37%
  22276 16095        0.4113    20        0.5558        0.3815   359635   31.36%
  22827 16507        0.4696    42        0.5558        0.3816   367132   31.34%
  23054 16669        0.4294    22        0.5558        0.3817   369637   31.32%
  23557 17063        0.5399    18        0.5558        0.3818   374927   31.30%
  24007 17401        0.4004    16        0.5558        0.3819   379959   31.29%
  24595 17870        0.5324    29        0.5558        0.3819   385494   31.29%
Elapsed time = 169.62 sec. (102270.06 ticks, tree = 190.96 MB, solutions = 8)
  24796 18044        0.4342    23        0.5558        0.3820   387273   31.27%
  25002 18221        0.4442    61        0.5558        0.3820   389116   31.26%
  25590 18684        0.4433    24        0.5558        0.3821   396316   31.25%
  25791 18850        0.4306    46        0.5558        0.3821   398267   31.24%
  25934 18965        0.5175    21        0.5558        0.3821   399908   31.24%
  26607 19520        0.4547    18        0.5558        0.3822   405989   31.23%
  27345 20124        0.4119    26        0.5558        0.3823   413501   31.21%
  27496 20251        0.4599    33        0.5558        0.3824   415125   31.20%
  27557 20290        0.4000    20        0.5558        0.3824   415976   31.20%
  28133 20741        cutoff              0.5558        0.3824   421597   31.19%
Elapsed time = 207.71 sec. (128581.77 ticks, tree = 308.56 MB, solutions = 8)
  28685 21197        0.4066    23        0.5558        0.3825   427482   31.18%
  29242 21616        0.4171    16        0.5558        0.3827   434088   31.14%
  29853 22095        cutoff              0.5558        0.3828   441930   31.12%
  30340 22435        0.4009    24        0.5558        0.3829   448317   31.10%
  31066 23030        0.4322    22        0.5558        0.3831   455802   31.08%
  31444 23335        0.3884    19        0.5558        0.3832   459502   31.05%
  31824 23631        0.4238    20        0.5558        0.3833   465878   31.04%
  31827 23630        0.4279    23        0.5558        0.3833   465898   31.04%
  32051 23767        0.3945    23        0.5558        0.3833   468874   31.04%
  32613 24220        0.4479    21        0.5558        0.3834   477744   31.01%
Elapsed time = 227.45 sec. (140426.93 ticks, tree = 348.43 MB, solutions = 8)
  33086 24597        0.4021    23        0.5558        0.3835   485228   30.99%
  33699 25094        0.4579    23        0.5558        0.3836   493301   30.98%
  34272 25586        0.4302    24        0.5558        0.3837   500914   30.96%
  34273 25587        0.3837    18        0.5558        0.3837   500917   30.96%
  34777 25979        0.4596    56        0.5558        0.3838   510814   30.95%
  35331 26432        0.5434    16        0.5558        0.3838   518438   30.94%
  35942 26951        0.4191    19        0.5558        0.3840   525088   30.91%
  36352 27313        0.4026    19        0.5558        0.3841   529593   30.89%
  36939 27800        0.5224    38        0.5558        0.3842   535822   30.88%
  38545 29017        0.3964    21        0.5558        0.3844   555144   30.83%
Elapsed time = 251.79 sec. (153693.52 ticks, tree = 414.36 MB, solutions = 8)
  40608 30626        0.4018    21        0.5558        0.3848   577957   30.76%
  41862 31655        0.4489    33        0.5558        0.3850   590255   30.73%
  43526 32913        0.4674    34        0.5558        0.3852   608189   30.68%
  45193 34210        0.4011    17        0.5558        0.3855   626786   30.63%
  47454 35979        0.4229    18        0.5558        0.3859   655812   30.56%
  49095 37278        0.5198    26        0.5558        0.3861   678174   30.53%
  50078 38065        0.4576    24        0.5558        0.3862   689823   30.51%
  52155 39767        cutoff              0.5558        0.3864   712358   30.48%
  53943 41214        0.5005    24        0.5558        0.3866   729596   30.44%
  55648 42578        cutoff              0.5558        0.3867   747737   30.41%
Elapsed time = 324.46 sec. (194751.91 ticks, tree = 823.24 MB, solutions = 8)
  57229 43854        0.4368    28        0.5558        0.3869   767085   30.39%
  58539 44880        0.3871    28        0.5558        0.3870   784290   30.36%
  60239 46172        0.3995    29        0.5558        0.3871   808577   30.34%
  61730 47333        0.4772    21        0.5558        0.3873   828543   30.31%
  63107 48400        0.4600    21        0.5558        0.3874   848631   30.29%
  63115 48404        0.4600    21        0.5558        0.3874   848787   30.29%
  65151 50015        0.3878    27        0.5558        0.3876   874647   30.26%
  67396 51753        cutoff              0.5558        0.3878   904185   30.22%
  70022 53834        0.5480    30        0.5558        0.3880   934727   30.18%
  71245 54809        0.4407    29        0.5558        0.3880   952493   30.18%
Elapsed time = 395.54 sec. (238719.74 ticks, tree = 978.15 MB, solutions = 8)
  72210 55503        cutoff              0.5558        0.3881   963922   30.17%
  74993 57766        0.4754    26        0.5558        0.3883   991129   30.12%
  75622 58248        0.4810    23        0.5558        0.3884   997916   30.12%
  78177 60339        0.4064    25        0.5558        0.3886  1022251   30.08%
  79755 61627        0.4433    31        0.5558        0.3886  1038378   30.07%
  81332 62853        0.4324    22        0.5558        0.3888  1056175   30.04%
  82375 63687        0.3890    20        0.5558        0.3889  1067675   30.02%
  84853 65597        0.4513    20        0.5558        0.3891  1094030   29.99%
  85789 66322        0.4210    25        0.5558        0.3892  1104718   29.98%
  87368 67541        0.5077    28        0.5558        0.3893  1127250   29.96%
Elapsed time = 461.05 sec. (281424.70 ticks, tree = 1480.15 MB, solutions = 8)
  88979 68830        0.4163    44        0.5558        0.3894  1147362   29.94%
  90344 69906        0.5045    17        0.5558        0.3895  1165867   29.92%
  90776 70231        0.4208    17        0.5558        0.3895  1170892   29.92%
  92627 71612        0.4569    50        0.5558        0.3897  1196594   29.88%
  94360 72991        0.3921    42        0.5558        0.3898  1217313   29.86%
  96319 74506        0.4334    20        0.5558        0.3900  1237823   29.83%
  97628 75532        0.4202    27        0.5558        0.3900  1253047   29.82%
  98477 76211        0.3907    18        0.5558        0.3901  1261813   29.82%
 101061 78264        0.4221    29        0.5558        0.3902  1289377   29.79%
 103108 79886        0.4440    34        0.5558        0.3904  1312634   29.76%
Elapsed time = 531.35 sec. (324635.88 ticks, tree = 1773.89 MB, solutions = 8)
 104289 80850        0.4649    29        0.5558        0.3905  1325454   29.74%
*105079+81464                            0.5558        0.3905  1334923   29.73%
 105386 81711        0.4111    15        0.5558        0.3905  1338467   29.73%
*105413+81735                            0.5558        0.3905  1338733   29.73%
 106735 82795        0.4446    28        0.5558        0.3906  1356038   29.71%
 107514 83408        0.4216    26        0.5558        0.3907  1367521   29.71%
 109155 84761        0.4722    21        0.5558        0.3908  1388207   29.68%
 110218 85599        0.4980    16        0.5558        0.3909  1402772   29.67%
 110721 85962        0.4583    19        0.5558        0.3909  1411143   29.66%
 111517 86582        0.4693    48        0.5558        0.3909  1421647   29.66%
 113193 87878        0.4569    29        0.5558        0.3911  1444795   29.64%

Clique cuts applied:  5
Cover cuts applied:  1
Implied bound cuts applied:  3
Flow cuts applied:  52
Mixed integer rounding cuts applied:  56
Lift and project cuts applied:  9
Gomory fractional cuts applied:  9

Root node processing (before b&c):
  Real time             =   27.07 sec. (16153.98 ticks)
Parallel b&c, 4 threads:
  Real time             =  572.95 sec. (366350.44 ticks)
  Sync time (average)   =   61.95 sec.
  Wait time (average)   =    0.00 sec.
                          ------------
Total (root+branch&cut) =  600.02 sec. (382504.41 ticks)

Solution pool: 8 solutions saved.

MIP - Time limit exceeded, integer feasible:  Objective =  5.5575477368e-01
Current MIP best bound =  3.9107601621e-01 (gap = 0.164679, 29.63%)
Solution time =  600.02 sec.  Iterations = 1448736  Nodes = 113422 (88045)
Deterministic time = 382504.42 ticks  (637.48 ticks/sec)


Incumbent solution written to file 'instancias/formato_lp/grid/g_6x34_b_oplminimos.dat.sol'.
