
Log started (V12.6.0.0) Thu Feb 20 18:27:16 2014


Problem 'instancias/formato_lp/grid/g_6x34_a_oplminimos.dat.lp' read.
Read time = 0.62 sec. (13.09 ticks)
Tried aggregator 2 times.
MIP Presolve eliminated 28 rows and 11 columns.
MIP Presolve modified 952649 coefficients.
Aggregator did 4 substitutions.
Reduced MIP has 3122 rows, 3155 columns, and 957479 nonzeros.
Reduced MIP has 2019 binaries, 0 generals, 0 SOSs, and 0 indicators.
Presolve time = 2.96 sec. (6611.45 ticks)
Probing fixed 6 vars, tightened 0 bounds.
Probing time = 0.39 sec. (312.10 ticks)
Cover probing fixed 0 vars, tightened 3 bounds.
Tried aggregator 2 times.
MIP Presolve eliminated 6 rows and 6 columns.
MIP Presolve modified 2130 coefficients.
Aggregator did 3 substitutions.
Reduced MIP has 3113 rows, 3146 columns, and 953055 nonzeros.
Reduced MIP has 2013 binaries, 1 generals, 0 SOSs, and 0 indicators.
Presolve time = 1.45 sec. (403.35 ticks)
Probing fixed 4 vars, tightened 0 bounds.
Probing time = 2.42 sec. (295.19 ticks)
Clique table members: 467.
MIP emphasis: balance optimality and feasibility.
MIP search method: dynamic search.
Parallel mode: deterministic, using up to 4 threads.
Root relaxation solution time = 1.27 sec. (509.81 ticks)

        Nodes                                         Cuts/
   Node  Left     Objective  IInf  Best Integer    Best Bound    ItCnt     Gap

      0     0        0.2261   102                      0.2261     2243         
      0     0        0.2435    92                    Cuts: 80     2351         
      0     0        0.2456    68                    Cuts: 29     2427         
      0     0        0.2456    68                    Cuts: 17     2440         
*     0+    0                            0.4128        0.2456     2446   40.50%
      0     0        0.2456    67        0.4128       Cuts: 4     2446   40.50%
*     0+    0                            0.3550        0.2456     2446   30.81%
      0     2        0.2456    67        0.3550        0.2456     2446   30.81%
Elapsed time = 18.88 sec. (12740.44 ticks, tree = 0.01 MB, solutions = 2)
      5     7        0.2969    42        0.3550        0.2462     2562   30.65%
     14    16        0.2940    28        0.3550        0.2469     3049   30.44%
     64    64        0.2553    27        0.3550        0.2517     5439   29.08%
*    73+   68                            0.3473        0.2517     5777   27.53%
     98    80        0.3125    16        0.3473        0.2517     6771   27.53%
*   144+  114                            0.3446        0.2517     7655   26.95%
    155   123        0.2554    10        0.3446        0.2517     8064   26.95%
    176   136        0.2554     7        0.3446        0.2517     8468   26.95%
    177   136        0.3220     7        0.3446        0.2517     8509   26.95%
    245   161        0.2875    13        0.3446        0.2517     9548   26.95%
    319   185        0.3353    19        0.3446        0.2517    11014   26.95%
*   342+  197                            0.3391        0.2517    13084   25.78%
*   404+  219                            0.3370        0.2517    13838   25.30%
    604   322        0.2726    13        0.3370        0.2535    16394   24.77%
Elapsed time = 25.93 sec. (16211.46 ticks, tree = 5.03 MB, solutions = 6)
*   632+  340                            0.3364        0.2535    17412   24.65%
   1139   654        0.2840    16        0.3364        0.2540    24353   24.49%
   1679   928        0.3170    21        0.3364        0.2579    32405   23.34%
   1884  1048        0.2595    11        0.3364        0.2585    35772   23.16%
   2450  1302        cutoff              0.3364        0.2594    44828   22.90%
   2971  1460    infeasible              0.3364        0.2648    52264   21.30%
   3320  1660        0.2733    39        0.3364        0.2700    57639   19.74%
   3603  1845        0.3022     7        0.3364        0.2725    61742   19.01%
   3693  1892        0.2497    54        0.3364        0.2725    65706   19.01%
   3699  1892        0.2528    40        0.3364        0.2725    66089   19.01%
   3712  1577        0.3179    44        0.3364        0.2725    66657   19.01%
Elapsed time = 56.99 sec. (39828.28 ticks, tree = 8.21 MB, solutions = 7)
   3756  1344        0.3136    24        0.3364        0.2725    68289   19.01%
   3982  1127        0.2888    19        0.3364        0.2725    71250   19.01%
   4120  1128        0.3323    12        0.3364        0.2725    72681   19.01%
   4425  1134        0.2757    14        0.3364        0.2725    76612   19.01%
   4843  1140        0.2764    23        0.3364        0.2725    82245   19.01%
   5061  1092        0.2875    17        0.3364        0.2725    85631   19.01%
   5577  1102        0.3169    12        0.3364        0.2725    93046   19.01%
   6007  1296        cutoff              0.3364        0.2758    99529   18.02%
   6307  1422        0.3201    26        0.3364        0.2784   104084   17.26%
   6702  1589        0.3131    17        0.3364        0.2828   109370   15.94%
Elapsed time = 75.71 sec. (53078.17 ticks, tree = 2.55 MB, solutions = 7)
   7197  1727        cutoff              0.3364        0.2843   116477   15.49%
   7506  1825        0.2874     6        0.3364        0.2855   120892   15.14%
   7846  1898        0.3102    14        0.3364        0.2871   126201   14.66%
   8242  1968        cutoff              0.3364        0.2882   132323   14.35%
   8772  2102        0.3127     4        0.3364        0.2895   139664   13.94%
   9147  2179        0.3164    17        0.3364        0.2908   144822   13.56%
   9148  2180        0.3212    12        0.3364        0.2908   144824   13.56%
   9601  2228        0.3253    13        0.3364        0.2923   151263   13.12%
   9993  2260        0.3226    15        0.3364        0.2938   157476   12.66%
  10246  2279        0.3264    11        0.3364        0.2948   161223   12.39%
Elapsed time = 94.65 sec. (65748.97 ticks, tree = 3.60 MB, solutions = 7)
  10616  2322        0.3045    23        0.3364        0.2958   165322   12.07%
  11147  2386        cutoff              0.3364        0.2976   172881   11.55%
  11457  2372        0.3356    22        0.3364        0.2992   176902   11.08%
  11801  2353    infeasible              0.3364        0.3006   181219   10.66%
  12161  2336        0.3305    10        0.3364        0.3019   185312   10.26%
  12615  2281        cutoff              0.3364        0.3047   190649    9.42%
  12934  2258        0.3063    10        0.3364        0.3054   194436    9.21%
  13298  2252        cutoff              0.3364        0.3071   199304    8.72%
  13560  2209        0.3089    13        0.3364        0.3084   202167    8.33%
  13896  2161        0.3099    36        0.3364        0.3085   206095    8.32%
Elapsed time = 114.21 sec. (79049.42 ticks, tree = 3.47 MB, solutions = 7)
  14319  2102        0.3115    12        0.3364        0.3108   210872    7.61%
  14742  2032        cutoff              0.3364        0.3119   215757    7.31%
  14854  1982        0.3315    17        0.3364        0.3133   217188    6.87%
  15284  1896        cutoff              0.3364        0.3149   222264    6.41%
  15657  1744    infeasible              0.3364        0.3162   226082    6.02%
  15778  1713        0.3349    13        0.3364        0.3171   227634    5.74%
  15921  1667    infeasible              0.3364        0.3173   229304    5.70%
  16287  1533        cutoff              0.3364        0.3187   233173    5.28%
  16634  1384        0.3336    13        0.3364        0.3208   236861    4.64%
  16637  1383        0.3210    12        0.3364        0.3208   236891    4.64%
Elapsed time = 128.93 sec. (89861.01 ticks, tree = 1.73 MB, solutions = 7)
  16890  1256        0.3261    26        0.3364        0.3210   239647    4.58%
  17261  1064        cutoff              0.3364        0.3240   242126    3.70%
  17613   887        cutoff              0.3364        0.3254   245343    3.29%
  17763   779        0.5232    12        0.3364        0.3268   246694    2.86%
  17962   664        cutoff              0.3364        0.3274   248511    2.70%
  18333   471        cutoff              0.3364        0.3306   251407    1.75%
  18640   317        0.3326    20        0.3364        0.3325   253486    1.17%
  18669   293        0.3334    19        0.3364        0.3325   253561    1.17%
  18999    93        0.3356    14        0.3364        0.3350   256543    0.43%

Cover cuts applied:  1
Flow cuts applied:  44
Mixed integer rounding cuts applied:  24
Gomory fractional cuts applied:  8

Root node processing (before b&c):
  Real time             =   18.81 sec. (12693.68 ticks)
Parallel b&c, 4 threads:
  Real time             =  123.76 sec. (87185.46 ticks)
  Sync time (average)   =   11.72 sec.
  Wait time (average)   =    0.00 sec.
                          ------------
Total (root+branch&cut) =  142.57 sec. (99879.14 ticks)

Solution pool: 7 solutions saved.

MIP - Integer optimal, tolerance (0.0001/1e-06):  Objective =  3.3643724696e-01
Current MIP best bound =  3.3640612633e-01 (gap = 3.11206e-05, 0.01%)
Solution time =  142.57 sec.  Iterations = 257177  Nodes = 19155 (3)
Deterministic time = 99879.15 ticks  (700.56 ticks/sec)


Incumbent solution written to file 'instancias/formato_lp/grid/g_6x34_a_oplminimos.dat.sol'.
