
Log started (V12.6.0.0) Thu Feb 20 18:27:15 2014


Problem 'instancias/formato_lp/grid/g_6x17_a_oplminimos.dat.lp' read.
Read time = 1.04 sec. (0.53 ticks)
Tried aggregator 2 times.
MIP Presolve eliminated 22 rows and 11 columns.
MIP Presolve modified 29996 coefficients.
Aggregator did 3 substitutions.
Reduced MIP has 1531 rows, 989 columns, and 32101 nonzeros.
Reduced MIP has 430 binaries, 0 generals, 0 SOSs, and 0 indicators.
Presolve time = 0.06 sec. (115.09 ticks)
Probing time = 0.02 sec. (10.58 ticks)
Cover probing fixed 0 vars, tightened 143 bounds.
Tried aggregator 3 times.
MIP Presolve eliminated 105 rows and 3 columns.
MIP Presolve modified 305 coefficients.
Aggregator did 7 substitutions.
Reduced MIP has 1419 rows, 979 columns, and 31809 nonzeros.
Reduced MIP has 430 binaries, 1 generals, 0 SOSs, and 0 indicators.
Presolve time = 0.02 sec. (13.03 ticks)
Probing time = 0.04 sec. (9.99 ticks)
Clique table members: 304.
MIP emphasis: balance optimality and feasibility.
MIP search method: dynamic search.
Parallel mode: deterministic, using up to 4 threads.
Root relaxation solution time = 0.03 sec. (25.08 ticks)

        Nodes                                         Cuts/
   Node  Left     Objective  IInf  Best Integer    Best Bound    ItCnt     Gap

*     0     0      integral     0       -0.0000       -0.0000      468    0.00%
Elapsed time = 0.21 sec. (214.75 ticks, tree = 0.00 MB, solutions = 1)

Root node processing (before b&c):
  Real time             =    0.21 sec. (214.79 ticks)
Parallel b&c, 4 threads:
  Real time             =    0.00 sec. (0.00 ticks)
  Sync time (average)   =    0.00 sec.
  Wait time (average)   =    0.00 sec.
                          ------------
Total (root+branch&cut) =    0.21 sec. (214.79 ticks)

Solution pool: 1 solution saved.

MIP - Integer optimal solution:  Objective = -8.8817841970e-16
Solution time =    0.21 sec.  Iterations = 468  Nodes = 0
Deterministic time = 214.79 ticks  (1007.61 ticks/sec)


Incumbent solution written to file 'instancias/formato_lp/grid/g_6x17_a_oplminimos.dat.sol'.
