
Log started (V12.6.0.0) Thu Feb 20 18:49:46 2014


Problem 'instancias/formato_lp/grid/g_6x60_b_oplminimos.dat.lp' read.
Read time = 3.89 sec. (43.68 ticks)
Presolve has eliminated 15 rows and 9 columns...
Presolve has improved bounds 4019 times...
Tried aggregator 2 times.
MIP Presolve eliminated 22 rows and 11 columns.
MIP Presolve modified 3219180 coefficients.
Aggregator did 4 substitutions.
Reduced MIP has 5572 rows, 5778 columns, and 3225371 nonzeros.
Reduced MIP has 3758 binaries, 0 generals, 0 SOSs, and 0 indicators.
Presolve time = 14.38 sec. (38330.53 ticks)
Probing time = 0.18 sec. (166.42 ticks)
Cover probing fixed 0 vars, tightened 3 bounds.
Tried aggregator 2 times.
MIP Presolve eliminated 4 rows and 0 columns.
MIP Presolve modified 1125 coefficients.
Aggregator did 1 substitutions.
Reduced MIP has 5567 rows, 5777 columns, and 3225357 nonzeros.
Reduced MIP has 3758 binaries, 1 generals, 0 SOSs, and 0 indicators.
Presolve time = 6.49 sec. (1573.56 ticks)
Probing time = 10.42 sec. (166.50 ticks)
Clique table members: 651.
MIP emphasis: balance optimality and feasibility.
MIP search method: dynamic search.
Parallel mode: deterministic, using up to 4 threads.
Root relaxation solution time = 9.77 sec. (1701.09 ticks)

        Nodes                                         Cuts/
   Node  Left     Objective  IInf  Best Integer    Best Bound    ItCnt     Gap

      0     0        0.2439   189                      0.2439     5893         
      0     0        0.2695   192                   Cuts: 170     6117         
      0     0        0.2761   187                    Cuts: 50     6182         
      0     0        0.2789   189                    Cuts: 17     6244         
      0     0        0.2789   189                    Cuts: 20     6262         
*     0+    0                            0.5838        0.2789     6265   52.23%
      0     0        0.2789   189        0.5838       Cuts: 4     6265   52.23%
*     0+    0                            0.5774        0.2789     6265   51.70%
*     0+    0                            0.5688        0.2789     6265   50.97%
      0     2        0.2789   189        0.5688        0.2789     6265   50.97%
Elapsed time = 86.40 sec. (61709.16 ticks, tree = 0.01 MB, solutions = 3)
      4     6        0.2839   197        0.5688        0.2796     6463   50.84%
     14    16        0.2967   129        0.5688        0.2882     7414   49.34%
     38    40        0.3177   124        0.5688        0.2894     8806   49.12%
     52    54        0.3162    62        0.5688        0.2894    10087   49.12%
     89    91        0.3565    64        0.5688        0.2894    12301   49.12%
    106   108        0.3748    35        0.5688        0.2894    13379   49.12%
    131   133        0.3780    27        0.5688        0.2894    14624   49.12%
*   135+  135                            0.5409        0.2894    14714   46.49%
*   137+  137                            0.5334        0.2894    15290   45.74%
    147   149        0.3780    35        0.5334        0.2894    15503   45.74%
*   150+  150                            0.5211        0.2894    15610   44.47%
    168   170        0.3822    35        0.5211        0.2894    17221   44.47%
    195   197        0.4026    21        0.5211        0.2894    19773   44.47%
Elapsed time = 96.68 sec. (65350.01 ticks, tree = 2.24 MB, solutions = 6)
*   291+  278                            0.5169        0.2903    24053   43.84%
    301   290        0.4370    57        0.5169        0.2903    24394   43.84%
    459   429        0.3611    24        0.5169        0.2903    29554   43.84%
    609   541        0.4143    26        0.5169        0.2903    33429   43.84%
*   618+  546                            0.5093        0.2903    33894   43.00%
*   618+  546                            0.5090        0.2903    33894   42.97%
    643   557        0.4145    28        0.5090        0.2903    34649   42.97%
    763   655        0.3675    31        0.5090        0.2903    39328   42.97%
    822   712        0.3663    17        0.5090        0.2903    40481   42.97%
    952   837        0.3954    28        0.5090        0.2903    44678   42.97%
   1022   904        0.4304    26        0.5090        0.2921    46988   42.62%
   1134  1016        0.2938   179        0.5090        0.2938    55049   42.29%
   1135  1017        0.3009   165        0.5090        0.2938    55215   42.29%
Elapsed time = 189.41 sec. (116825.03 ticks, tree = 54.57 MB, solutions = 9)
   1137  1018        0.3047   110        0.5090        0.3011    55575   40.84%
   1141  1020        0.3107   156        0.5090        0.3011    55948   40.84%
   1144  1023        0.3141   151        0.5090        0.3048    56181   40.12%
   1155  1028        0.4026   114        0.5090        0.3075    57776   39.59%
   1171  1036        0.3236    64        0.5090        0.3075    59148   39.59%
   1177  1040        0.3355   102        0.5090        0.3075    61098   39.59%
   1213  1062        0.3650    40        0.5090        0.3075    65625   39.59%
   1245  1080        0.4217    35        0.5090        0.3075    67245   39.59%
   1276  1100        0.4324    25        0.5090        0.3075    68786   39.59%
   1308  1121        0.4184    18        0.5090        0.3075    70475   39.59%
Elapsed time = 209.22 sec. (130458.71 ticks, tree = 52.18 MB, solutions = 9)
   1367  1145        0.4318    31        0.5090        0.3075    73286   39.59%
   1429  1153        0.3729    33        0.5090        0.3138    77250   38.36%
   1495  1163        0.4043    20        0.5090        0.3138    80177   38.36%
   1572  1199        0.3466    25        0.5090        0.3138    83316   38.36%
   1676  1251        0.3543    35        0.5090        0.3138    86533   38.36%
   1777  1283        0.3575    39        0.5090        0.3138    88086   38.36%
   1858  1318        0.4327    57        0.5090        0.3138    88882   38.36%
   1931  1350        0.3855    49        0.5090        0.3138    89458   38.36%
   2002  1375        0.3564    83        0.5090        0.3225    90494   36.65%
   2091  1420        0.3582    96        0.5090        0.3225    91019   36.65%
Elapsed time = 235.70 sec. (141115.82 ticks, tree = 33.33 MB, solutions = 9)
   2145  1453        0.3583    85        0.5090        0.3225    95796   36.65%
   2189  1474        0.3961    25        0.5090        0.3225    96583   36.65%
   2223  1490        0.3932    22        0.5090        0.3225    97347   36.65%
   2317  1545        0.4031    66        0.5090        0.3225   103440   36.65%
   2440  1617        0.4721    15        0.5090        0.3225   110562   36.65%
   2562  1665        0.4000    70        0.5090        0.3225   115663   36.65%
   2673  1724        0.3667    25        0.5090        0.3243   117418   36.30%
   2754  1772        0.4501    42        0.5090        0.3243   117832   36.30%
   2906  1844        0.4529    40        0.5090        0.3243   118974   36.30%
   3013  1897        0.4742    31        0.5090        0.3243   120631   36.30%
Elapsed time = 266.55 sec. (158383.59 ticks, tree = 13.99 MB, solutions = 9)
   3017  1898        0.4888    27        0.5090        0.3243   120748   36.30%
   3078  1924        0.4508    35        0.5090        0.3243   121779   36.30%
   3141  1948        0.4138    27        0.5090        0.3243   123327   36.30%
   3204  1977        0.3455   184        0.5090        0.3243   125661   36.30%
   3331  2039        cutoff              0.5090        0.3249   127420   36.17%
   3575  2243        0.3866    24        0.5090        0.3249   131244   36.17%
   3578  2246        0.3404   170        0.5090        0.3249   132056   36.17%
   3827  2488        0.4641    66        0.5090        0.3263   136867   35.89%
   4096  2714        0.4855    33        0.5090        0.3273   145687   35.70%
   4437  3035        0.3877    23        0.5090        0.3273   149988   35.70%
Elapsed time = 297.53 sec. (178706.75 ticks, tree = 8.38 MB, solutions = 9)
   4811  3383        0.3394   119        0.5090        0.3273   155249   35.70%
   4839  3411        0.3520    29        0.5090        0.3273   156374   35.70%
   5363  3906        0.4450    27        0.5090        0.3295   163757   35.28%
   5547  4069        0.3318   108        0.5090        0.3295   168071   35.28%
   5826  4339        0.3725    76        0.5090        0.3318   180802   34.82%
   6048  4547        cutoff              0.5090        0.3318   203677   34.82%
   6131  4630        0.4968    25        0.5090        0.3318   214782   34.82%
   6612  5055        0.4419    26        0.5090        0.3329   224478   34.60%
   6825  5255        0.4191    23        0.5090        0.3329   230216   34.60%
   6968  5387        0.3583   102        0.5090        0.3329   232327   34.60%
Elapsed time = 320.17 sec. (189751.65 ticks, tree = 13.85 MB, solutions = 9)
   7040  5456        0.4620    20        0.5090        0.3356   234310   34.08%
   7229  5628        0.3957    44        0.5090        0.3356   237840   34.08%
   7452  5840        0.4897    20        0.5090        0.3356   242404   34.08%
   7914  6277        0.4127    60        0.5090        0.3371   248404   33.77%
   7974  6336        0.4514    23        0.5090        0.3371   249736   33.77%
   8325  6670        0.3940    34        0.5090        0.3371   259102   33.77%
   8402  6746        0.4744    31        0.5090        0.3378   261570   33.65%
   8525  6854        0.4629    91        0.5090        0.3378   269985   33.65%
   8600  6911        0.5045    59        0.5090        0.3378   280047   33.65%
   9035  7329        0.4403    42        0.5090        0.3378   289945   33.65%
Elapsed time = 343.61 sec. (202351.94 ticks, tree = 18.57 MB, solutions = 9)
   9060  7349        0.3815    76        0.5090        0.3388   290800   33.44%
   9140  7426        0.3962    72        0.5090        0.3388   293580   33.44%
   9312  7567        0.4857    31        0.5090        0.3388   297506   33.44%
   9444  7683        0.4423    32        0.5090        0.3388   300977   33.44%
   9762  7980        0.4420    22        0.5090        0.3401   307222   33.18%
   9818  8035        0.4529    22        0.5090        0.3401   309015   33.18%
  10017  8213        0.4891    16        0.5090        0.3401   314770   33.18%
  10083  8260        0.4238    21        0.5090        0.3401   317898   33.18%
  10178  8347        0.3933    22        0.5090        0.3401   320305   33.18%
  10454  8614        0.3798   105        0.5090        0.3426   323483   32.71%
Elapsed time = 364.70 sec. (212291.60 ticks, tree = 22.65 MB, solutions = 9)
  10604  8758        0.4468    19        0.5090        0.3426   326490   32.71%
  10928  9074        0.4596    63        0.5090        0.3426   329117   32.71%
  11136  9262        0.4409    62        0.5090        0.3430   336313   32.61%
  11180  9306        0.4866    33        0.5090        0.3430   337451   32.61%
  11344  9445        0.3448   138        0.5090        0.3430   340588   32.61%
  11555  9651        0.4073    24        0.5090        0.3433   342769   32.56%
  11751  9833        0.4082    38        0.5090        0.3433   344733   32.56%
  11967 10035        0.4245    25        0.5090        0.3433   348978   32.56%
  12055 10115        0.4991    41        0.5090        0.3433   351593   32.56%
  12650 10683        0.4242    44        0.5090        0.3444   364741   32.35%
Elapsed time = 396.78 sec. (229461.46 ticks, tree = 27.95 MB, solutions = 9)
  12656 10689        0.3790    14        0.5090        0.3444   364764   32.35%
  13471 11471        0.3803    22        0.5090        0.3448   374525   32.26%
  14315 12286        0.4014    33        0.5090        0.3452   388642   32.19%
  14846 12782        0.4709    18        0.5090        0.3458   403568   32.07%
  15507 13404        0.4309    25        0.5090        0.3462   420630   31.98%
  16326 14196        0.3784    88        0.5090        0.3467   442337   31.89%
  16383 14248        0.4110    86        0.5090        0.3470   469512   31.84%
  16655 14491        0.3642    15        0.5090        0.3470   495455   31.84%
  17376 15174        0.5048    68        0.5090        0.3470   515988   31.84%
  17781 15544        0.4603    18        0.5090        0.3483   526822   31.58%
Elapsed time = 475.15 sec. (269354.92 ticks, tree = 41.45 MB, solutions = 9)
  18310 16031        0.3677    85        0.5090        0.3490   546266   31.44%
  18581 16275        0.4103    42        0.5090        0.3493   554705   31.39%
  19117 16755        0.4125    16        0.5090        0.3497   567206   31.31%
  19224 16855        0.4126    19        0.5090        0.3497   569442   31.29%
  19867 17459        0.4171    26        0.5090        0.3498   578921   31.29%
  20943 18485        0.4880    33        0.5090        0.3500   592404   31.25%
  21641 19133        0.3805   103        0.5090        0.3501   629324   31.23%
* 21725+19205                            0.5090        0.3502   630684   31.20%
  21781 19250        0.4426    90        0.5090        0.3502   648844   31.20%
  22045 19490        0.4996    96        0.5090        0.3503   695969   31.18%
* 22264+19682                            0.5042        0.3504   701049   30.50%
* 22273+19691                            0.5010        0.3504   701103   30.05%
  22503 19748        0.4749    30        0.5010        0.3504   705205   30.05%
Elapsed time = 571.28 sec. (321124.78 ticks, tree = 53.46 MB, solutions = 13)
* 22913+20097                            0.5002        0.3505   713500   29.94%
  23255 20379        0.3748   126        0.5002        0.3505   724337   29.94%
* 23316+20437                            0.5002        0.3505   725840   29.94%
  23674 20780        0.4073    30        0.5002        0.3506   734137   29.91%

Clique cuts applied:  1
Flow cuts applied:  135
Mixed integer rounding cuts applied:  95
Zero-half cuts applied:  2
Lift and project cuts applied:  29
Gomory fractional cuts applied:  12

Root node processing (before b&c):
  Real time             =   86.22 sec. (61544.19 ticks)
Parallel b&c, 4 threads:
  Real time             =  513.93 sec. (284418.17 ticks)
  Sync time (average)   =   59.06 sec.
  Wait time (average)   =    0.00 sec.
                          ------------
Total (root+branch&cut) =  600.15 sec. (345962.36 ticks)

Solution pool: 14 solutions saved.

MIP - Time limit exceeded, integer feasible:  Objective =  5.0023957315e-01
Current MIP best bound =  3.5068673267e-01 (gap = 0.149553, 29.90%)
Solution time =  600.15 sec.  Iterations = 734429  Nodes = 23719 (20821)
Deterministic time = 345962.37 ticks  (576.46 ticks/sec)


Incumbent solution written to file 'instancias/formato_lp/grid/g_6x60_b_oplminimos.dat.sol'.
