
Log started (V12.6.0.0) Thu Feb 20 18:39:41 2014


Problem 'instancias/formato_lp/grid/g_6x60_a_oplminimos.dat.lp' read.
Read time = 4.81 sec. (44.40 ticks)
Presolve has eliminated 11 rows and 9 columns...
Presolve has improved bounds 3603 times...
Tried aggregator 2 times.
MIP Presolve eliminated 16 rows and 11 columns.
MIP Presolve modified 3272780 coefficients.
Aggregator did 3 substitutions.
Reduced MIP has 5579 rows, 5820 columns, and 3278870 nonzeros.
Reduced MIP has 3799 binaries, 0 generals, 0 SOSs, and 0 indicators.
Presolve time = 14.37 sec. (39056.68 ticks)
Probing time = 0.19 sec. (169.43 ticks)
Cover probing fixed 0 vars, tightened 3 bounds.
Tried aggregator 2 times.
MIP Presolve eliminated 5 rows and 0 columns.
MIP Presolve modified 1127 coefficients.
Aggregator did 1 substitutions.
Reduced MIP has 5573 rows, 5819 columns, and 3278853 nonzeros.
Reduced MIP has 3799 binaries, 1 generals, 0 SOSs, and 0 indicators.
Presolve time = 6.55 sec. (1600.58 ticks)
Probing time = 10.75 sec. (170.07 ticks)
Clique table members: 716.
MIP emphasis: balance optimality and feasibility.
MIP search method: dynamic search.
Parallel mode: deterministic, using up to 4 threads.
Root relaxation solution time = 10.02 sec. (1914.67 ticks)

        Nodes                                         Cuts/
   Node  Left     Objective  IInf  Best Integer    Best Bound    ItCnt     Gap

      0     0        0.2525   192                      0.2525     6229         
*     0+    0                            0.6489        0.2525     6229   61.08%
*     0+    0                            0.6405        0.2525     6462   60.57%
      0     0        0.2750   165        0.6405     Cuts: 155     6462   57.06%
*     0+    0                            0.4257        0.2750     6647   35.39%
      0     0        0.2808   144        0.4257      Cuts: 48     6647   34.03%
      0     0        0.2809   144        0.4257      Cuts: 26     6704   34.02%
      0     0        0.2809   144        0.4257    MIRcuts: 7     6710   34.02%
      0     0        0.2809   143        0.4257   Flowcuts: 1     6711   34.02%
      0     2        0.2809   143        0.4257        0.2809     6711   34.02%
Elapsed time = 93.32 sec. (62609.50 ticks, tree = 0.01 MB, solutions = 3)
      4     6        0.3095   135        0.4257        0.2862     7003   32.77%
     12    14        0.2920    71        0.4257        0.2863     7642   32.74%
     28    30        0.3038    31        0.4257        0.2863     8999   32.74%
     40    42        0.3881    33        0.4257        0.2863     9830   32.74%
     47    49        0.3242    39        0.4257        0.2863    11109   32.74%
     50    52        0.3080    33        0.4257        0.2863    12013   32.74%
     66    68        0.3553    48        0.4257        0.2863    14035   32.74%
     74    76        0.3395    65        0.4257        0.2863    14599   32.74%
     96    98        0.3065    38        0.4257        0.2863    15160   32.74%
    145   147        0.3252    23        0.4257        0.2863    18360   32.74%
Elapsed time = 103.37 sec. (66481.03 ticks, tree = 1.22 MB, solutions = 3)
    219   207        0.3848    29        0.4257        0.2863    21177   32.74%
    245   233        0.3054    19        0.4257        0.2863    22419   32.74%
    288   271        0.3884    32        0.4257        0.2863    23700   32.74%
    428   388        0.3187    27        0.4257        0.2863    29943   32.74%
    665   513        0.3178    21        0.4257        0.2893    41588   32.04%
    732   575        0.3347    33        0.4257        0.2899    46394   31.89%
    883   714        0.3460    24        0.4257        0.2899    51133   31.89%
   1047   878        0.3735    23        0.4257        0.2899    55420   31.89%
   1188  1001        0.2865   138        0.4257        0.2899    63402   31.89%
   1189  1002        0.2865   135        0.4257        0.2899    63405   31.89%
Elapsed time = 179.45 sec. (115073.95 ticks, tree = 37.04 MB, solutions = 3)
   1191  1002        0.2865   135        0.4257        0.2899    63821   31.89%
   1195  1004        0.3072   184        0.4257        0.2913    64272   31.57%
   1202  1007        0.2952    94        0.4257        0.2913    64777   31.57%
   1235  1022        0.3272   104        0.4257        0.2916    67875   31.49%
   1302  1034        0.4024    63        0.4257        0.2916    71787   31.49%
   1455   976        cutoff              0.4257        0.2923    81808   31.34%
   1591  1014        0.3094    16        0.4257        0.2925    89215   31.28%
   1747  1077        0.3258    34        0.4257        0.2925    93711   31.28%
   1935  1168        0.3326    72        0.4257        0.2977   100430   30.06%
   2265  1327        0.3008    93        0.4257        0.2977   109487   30.06%
Elapsed time = 199.01 sec. (126844.10 ticks, tree = 17.40 MB, solutions = 3)
   2507  1430        0.2977    42        0.4257        0.2977   116102   30.06%
   2834  1578        0.3371    31        0.4257        0.2978   130677   30.05%
   3116  1708        0.3516    33        0.4257        0.2978   138800   30.05%
   3369  1912        0.3453   107        0.4257        0.2978   142852   30.05%
   3528  2034        0.3106    26        0.4257        0.2978   153551   30.05%
   3871  2359        0.3559    18        0.4257        0.2991   164469   29.74%
   4331  2796        0.2991    22        0.4257        0.2991   173569   29.74%
   4654  3101        0.3011    47        0.4257        0.2991   182383   29.73%
   4817  3236        0.2996    18        0.4257        0.2992   187276   29.71%
   5250  3632        0.3061     8        0.4257        0.2992   193830   29.71%
Elapsed time = 216.92 sec. (136620.78 ticks, tree = 8.95 MB, solutions = 3)
   5455  3815        0.3099    85        0.4257        0.2992   202241   29.71%
   5887  4184        0.3048    20        0.4257        0.2995   207650   29.63%
   6047  4337        0.3214    83        0.4257        0.2995   210579   29.63%
   6088  4374        0.3230    83        0.4257        0.2995   211134   29.63%
   6611  4886        0.3603    17        0.4257        0.3000   217831   29.53%
   7156  5386        0.3079    38        0.4257        0.3001   231901   29.50%
   7677  5839        0.3310    29        0.4257        0.3001   244705   29.50%
   7997  6147        0.3034    68        0.4257        0.3004   251775   29.42%
   8285  6415        0.3073    22        0.4257        0.3005   258610   29.42%
   8933  7004        0.3009    30        0.4257        0.3005   269350   29.41%
Elapsed time = 238.63 sec. (150779.92 ticks, tree = 17.75 MB, solutions = 3)
   9295  7351        0.3039    22        0.4257        0.3005   278295   29.41%
   9678  7711        0.4600    99        0.4257        0.3005   287029   29.41%
   9686  7717        cutoff              0.4257        0.3005   298490   29.41%
   9916  7933        0.5095    64        0.4257        0.3007   312143   29.36%
  10228  8207        0.3427    32        0.4257        0.3008   322900   29.34%
  10722  8678        0.3529    31        0.4257        0.3008   329409   29.34%
* 11089  9010      integral     0        0.4245        0.3008   334758   29.14%
  11148  9035        0.3468    14        0.4245        0.3008   336805   29.14%
  11194  9072        0.4181    30        0.4245        0.3008   342416   29.14%
  11241  9116        cutoff              0.4245        0.3008   352556   29.13%
Elapsed time = 259.38 sec. (161517.31 ticks, tree = 23.37 MB, solutions = 4)
  11603  9446        0.3712    43        0.4245        0.3009   367988   29.13%
  11842  9647        0.3871    49        0.4245        0.3009   371806   29.13%
  12047  9834        0.3712    57        0.4245        0.3009   379872   29.13%
  12446 10183        0.3825    58        0.4245        0.3010   392278   29.11%
  12717 10410        0.4201    38        0.4245        0.3010   398420   29.11%
  13094 10739        cutoff              0.4245        0.3010   405199   29.10%
  13658 11236        0.3324    14        0.4245        0.3010   419561   29.09%
  14080 11609        0.3087    18        0.4245        0.3010   423845   29.09%
  14473 11979        0.3276   109        0.4245        0.3010   429069   29.09%
  14722 12207        0.3832    40        0.4245        0.3010   437799   29.09%
Elapsed time = 277.89 sec. (171176.29 ticks, tree = 31.08 MB, solutions = 4)
  15456 12816        0.3467    52        0.4245        0.3011   451966   29.07%
  15893 13226        0.3201    18        0.4245        0.3011   456974   29.07%
  16142 13456        cutoff              0.4245        0.3011   468824   29.07%
  16243 13546        0.3214    36        0.4245        0.3011   481429   29.07%
  16362 13639        cutoff              0.4245        0.3011   495071   29.07%
  16693 13941        0.3123    36        0.4245        0.3011   508625   29.07%
  16762 13993        0.3462    29        0.4245        0.3011   510565   29.06%
  17049 14241        0.3137    24        0.4245        0.3012   517506   29.06%
  17377 14535        0.3359    12        0.4245        0.3012   521869   29.06%
  17528 14679        0.3953    63        0.4245        0.3012   537115   29.06%
Elapsed time = 298.53 sec. (181662.74 ticks, tree = 38.06 MB, solutions = 4)
  17735 14852        0.4063    87        0.4245        0.3012   547030   29.06%
  18049 15128        0.3548    23        0.4245        0.3012   558636   29.05%
  18257 15306        0.3428    20        0.4245        0.3013   564897   29.04%
  18397 15426        0.3585    86        0.4245        0.3013   566210   29.03%
  18502 15521        0.3208    49        0.4245        0.3013   567530   29.03%
  18561 15571        0.4062    57        0.4245        0.3013   574546   29.03%
  18759 15745        0.3726    18        0.4245        0.3013   607784   29.03%
  18776 15749        0.3802   108        0.4245        0.3013   624267   29.03%
  18812 15770        0.4773   106        0.4245        0.3013   640935   29.03%
  18932 15850        0.3802   112        0.4245        0.3013   655295   29.03%
Elapsed time = 323.52 sec. (194607.07 ticks, tree = 41.63 MB, solutions = 4)
  19119 16011        0.3538   109        0.4245        0.3013   657330   29.03%
  19171 16053        0.3691   102        0.4245        0.3013   667220   29.03%
  19217 16092        0.3691    97        0.4245        0.3013   675398   29.02%
  19452 16304        0.4215    15        0.4245        0.3013   688030   29.02%
  19479 16319        cutoff              0.4245        0.3013   707460   29.02%
  19725 16544        cutoff              0.4245        0.3014   715812   29.01%
  19892 16685        0.3382    37        0.4245        0.3014   724820   29.01%
  20137 16891        0.3014    30        0.4245        0.3014   742980   29.00%
  20303 17016        cutoff              0.4245        0.3014   749749   29.00%
  21382 17936        0.3031    29        0.4245        0.3015   766012   28.98%
Elapsed time = 350.23 sec. (208953.54 ticks, tree = 63.74 MB, solutions = 4)
  22425 18808        0.3743   131        0.4245        0.3016   788721   28.96%
  23423 19668        0.3387    33        0.4245        0.3016   811357   28.94%
* 24695+20765                            0.4245        0.3018   836722   28.90%
  24695 20767        0.3304    31        0.4245        0.3018   836722   28.90%
  25821 21770        0.3354    22        0.4245        0.3019   853413   28.87%
  26114 22011        0.3020    89        0.4245        0.3020   864171   28.87%
  27476 23252        0.3143    22        0.4245        0.3020   883933   28.85%
  28926 24553        0.3543    24        0.4245        0.3021   906430   28.83%
  30116 25649        0.3335    20        0.4245        0.3022   922701   28.82%
  31338 26779        0.3470    18        0.4245        0.3022   942566   28.82%
  32831 28130        0.3217    25        0.4245        0.3023   966152   28.80%
Elapsed time = 454.07 sec. (280414.05 ticks, tree = 93.67 MB, solutions = 4)
  33622 28841        0.4175    34        0.4245        0.3023   981390   28.79%
  35054 30152        0.3512    41        0.4245        0.3024  1006280   28.77%
  36565 31520        cutoff              0.4245        0.3024  1031276   28.76%
  37993 32756        0.3137    20        0.4245        0.3025  1054451   28.75%
  38915 33535        0.4165    23        0.4245        0.3025  1072619   28.74%
  40006 34488        0.3950    28        0.4245        0.3025  1089722   28.73%
  40093 34538        0.3477    42        0.4245        0.3025  1091371   28.73%
  41383 35633        0.3531    72        0.4245        0.3026  1113613   28.72%
  42594 36680        0.3108    53        0.4245        0.3026  1132287   28.71%
  43639 37609        0.3481    30        0.4245        0.3027  1150367   28.70%
Elapsed time = 525.87 sec. (324463.33 ticks, tree = 120.69 MB, solutions = 4)
  44428 38349        0.4053   133        0.4245        0.3027  1160041   28.69%
  45619 39374        0.3340    21        0.4245        0.3028  1180364   28.68%
* 46111+39829                            0.4245        0.3028  1187706   28.68%
  46347 40019        0.3417    12        0.4245        0.3028  1191844   28.67%
* 46783+40401                            0.4245        0.3028  1199311   28.67%
  47677 41196        0.3077    22        0.4245        0.3028  1210752   28.66%
  49108 42470        0.3407    40        0.4245        0.3029  1233313   28.65%
  49718 42987        0.3089    20        0.4245        0.3029  1245427   28.65%
  51123 44175        0.3275    15        0.4245        0.3030  1273054   28.62%
  52032 44952        0.3956    16        0.4245        0.3031  1289784   28.61%
  52566 45419        0.3272    21        0.4245        0.3031  1300014   28.60%
  53951 46599        0.3171    46        0.4245        0.3032  1324202   28.57%
Elapsed time = 595.17 sec. (370542.49 ticks, tree = 144.98 MB, solutions = 6)

Flow cuts applied:  107
Mixed integer rounding cuts applied:  72
Lift and project cuts applied:  14
Gomory fractional cuts applied:  13

Root node processing (before b&c):
  Real time             =   93.13 sec. (62444.29 ticks)
Parallel b&c, 4 threads:
  Real time             =  506.90 sec. (310317.07 ticks)
  Sync time (average)   =   59.53 sec.
  Wait time (average)   =    0.00 sec.
                          ------------
Total (root+branch&cut) =  600.03 sec. (372761.36 ticks)

Solution pool: 6 solutions saved.

MIP - Time limit exceeded, integer feasible:  Objective =  4.2451192111e-01
Current MIP best bound =  3.0329741747e-01 (gap = 0.121215, 28.55%)
Solution time =  600.03 sec.  Iterations = 1341924  Nodes = 55039 (47559)
Deterministic time = 372761.38 ticks  (621.24 ticks/sec)


Incumbent solution written to file 'instancias/formato_lp/grid/g_6x60_a_oplminimos.dat.sol'.
