
Log started (V12.6.0.0) Thu Feb 20 19:09:51 2014


Problem 'instancias/formato_lp/grid/g_7x29_b_oplminimos.dat.lp' read.
Read time = 0.67 sec. (15.90 ticks)
Tried aggregator 2 times.
MIP Presolve eliminated 18 rows and 11 columns.
MIP Presolve modified 1159596 coefficients.
Aggregator did 4 substitutions.
Reduced MIP has 3147 rows, 3436 columns, and 1162549 nonzeros.
Reduced MIP has 2298 binaries, 0 generals, 0 SOSs, and 0 indicators.
Presolve time = 3.70 sec. (8198.11 ticks)
Probing time = 0.08 sec. (78.72 ticks)
Cover probing fixed 0 vars, tightened 3 bounds.
Tried aggregator 1 time.
MIP Presolve eliminated 5 rows and 0 columns.
MIP Presolve modified 608 coefficients.
Reduced MIP has 3142 rows, 3436 columns, and 1162534 nonzeros.
Reduced MIP has 2298 binaries, 1 generals, 0 SOSs, and 0 indicators.
Presolve time = 1.63 sec. (437.57 ticks)
Probing fixed 1 vars, tightened 0 bounds.
Probing time = 2.81 sec. (239.01 ticks)
Clique table members: 475.
MIP emphasis: balance optimality and feasibility.
MIP search method: dynamic search.
Parallel mode: deterministic, using up to 4 threads.
Root relaxation solution time = 2.31 sec. (592.42 ticks)

        Nodes                                         Cuts/
   Node  Left     Objective  IInf  Best Integer    Best Bound    ItCnt     Gap

      0     0        0.2728    97                      0.2728     2414         
      0     0        0.3009   101                    Cuts: 74     2518         
*     0+    0                            1.2408        0.3009     2518   75.75%
*     0+    0                            0.6218        0.3009     2581   51.61%
      0     0        0.3071   102        0.6218      Cuts: 31     2581   50.62%
      0     0        0.3102    96        0.6218       Cuts: 8     2618   50.12%
*     0+    0                            0.6055        0.3102     2618   48.78%
      0     0        0.3150    79        0.6055       Cuts: 2     2641   47.98%
      0     0        0.3150    79        0.6055    MIRcuts: 6     2647   47.98%
      0     0        0.3150    79        0.6055       Cuts: 9     2655   47.98%
      0     2        0.3150    79        0.6055        0.3150     2655   47.98%
Elapsed time = 30.78 sec. (17101.72 ticks, tree = 0.01 MB, solutions = 3)
      4     6        0.3395    72        0.6055        0.3389     2999   44.03%
      6     8        0.3509    52        0.6055        0.3389     3652   44.03%
     30    32        0.3618    34        0.6055        0.3412     5002   43.65%
     71    73        0.5147    22        0.6055        0.3412     7983   43.65%
*   104+  102                            0.5522        0.3412     9552   38.21%
    120   120        0.5094    14        0.5522        0.3412    10185   38.21%
    228   193        cutoff              0.5522        0.3412    13022   38.21%
    313   242        0.3672    23        0.5522        0.3432    15331   37.84%
    388   281        0.4078    13        0.5522        0.3438    17476   37.73%
    448   331        cutoff              0.5522        0.3438    19107   37.73%
    782   546        0.4780    52        0.5522        0.3493    25199   36.75%
Elapsed time = 38.38 sec. (21124.55 ticks, tree = 15.07 MB, solutions = 4)
    837   596        0.4588    21        0.5522        0.3493    26036   36.75%
*   910   666      integral     0        0.5457        0.3493    26540   36.00%
   1386  1034        0.4446    26        0.5457        0.3582    32734   34.37%
   1891  1434        0.4804    23        0.5457        0.3590    40864   34.22%
   2430  1861        0.3247    81        0.5457        0.3617    53680   33.72%
   2434  1864        0.4722    51        0.5457        0.3617    54220   33.72%
   2444  1868        0.4240    75        0.5457        0.3617    54722   33.72%
   2527  1729        0.3820    12        0.5457        0.3617    58197   33.72%
   2641  1667        0.5423    42        0.5457        0.3617    61433   33.72%
   2791  1686        0.4061    25        0.5457        0.3617    63786   33.72%
Elapsed time = 72.96 sec. (47793.48 ticks, tree = 36.42 MB, solutions = 5)
   2939  1695        cutoff              0.5457        0.3617    69637   33.72%
   3153  1707        cutoff              0.5457        0.3617    78221   33.72%
   3470  1737        0.3949    10        0.5457        0.3617    84105   33.72%
   3590  1775        0.4712    12        0.5457        0.3618    85467   33.71%
   3874  1853        0.4624    21        0.5457        0.3620    90858   33.67%
   4332  2015        0.4691    28        0.5457        0.3622    99727   33.62%
   4441  2042        0.4282    29        0.5457        0.3632   102235   33.44%
   5035  2217        0.3699    25        0.5457        0.3652   112487   33.08%
   5528  2325        cutoff              0.5457        0.3669   124251   32.76%
   5849  2566        cutoff              0.5457        0.3677   132408   32.63%
Elapsed time = 90.14 sec. (59014.64 ticks, tree = 4.12 MB, solutions = 5)
   5861  2568        0.4574    15        0.5457        0.3677   134313   32.63%
   6379  2964        0.3722    30        0.5457        0.3704   143060   32.13%
   6917  3350        0.4662    13        0.5457        0.3714   152451   31.95%
   7278  3630        0.4452    19        0.5457        0.3717   161940   31.89%
   7470  3767        0.4133    18        0.5457        0.3718   165435   31.86%
   7875  4059        0.4520    17        0.5457        0.3728   175783   31.69%
   8069  4176        0.4547    26        0.5457        0.3735   179388   31.57%
   8073  4176        0.5238    22        0.5457        0.3735   179653   31.57%
   8623  4554        0.4589    30        0.5457        0.3742   188381   31.43%
   8708  4617        0.4839    33        0.5457        0.3747   190159   31.34%
Elapsed time = 108.52 sec. (73522.87 ticks, tree = 7.17 MB, solutions = 5)
   9313  5059        0.3994    20        0.5457        0.3753   201838   31.23%
   9828  5390        0.4506    46        0.5457        0.3772   215038   30.88%
  10079  5551        0.3800    31        0.5457        0.3773   226881   30.86%
  10251  5646        cutoff              0.5457        0.3777   241163   30.79%
  10566  5856        0.5266    56        0.5457        0.3780   248585   30.73%
  11172  6288        0.3934    14        0.5457        0.3792   260272   30.52%
  11563  6573        0.3806    14        0.5457        0.3796   268940   30.44%
  12115  6905        0.4511    45        0.5457        0.3797   283930   30.43%
  12531  7167        0.5088    31        0.5457        0.3816   296202   30.07%
  12759  7307        0.3822    24        0.5457        0.3820   300410   30.00%
Elapsed time = 131.45 sec. (88093.65 ticks, tree = 11.43 MB, solutions = 5)
  13315  7724        0.4353    46        0.5457        0.3822   310111   29.96%
  13844  8102        0.4790    17        0.5457        0.3828   321547   29.85%
  14113  8280        0.3841    16        0.5457        0.3832   330919   29.77%
  14168  8310        0.4461    16        0.5457        0.3834   332500   29.74%
  14291  8415        0.5398    43        0.5457        0.3836   334095   29.72%
  14645  8675        0.4833    22        0.5457        0.3838   341235   29.67%
  15122  9059        0.4166    19        0.5457        0.3841   351613   29.62%
  15408  9250        0.4760    18        0.5457        0.3844   356669   29.56%
  15663  9409        0.3848    15        0.5457        0.3847   363293   29.50%
  15890  9585        cutoff              0.5457        0.3848   375967   29.49%
Elapsed time = 152.04 sec. (100200.98 ticks, tree = 15.36 MB, solutions = 5)
  16206  9779        0.3861    24        0.5457        0.3851   387930   29.43%
  16586 10036        0.4902    52        0.5457        0.3853   399700   29.39%
  17047 10388        0.4336    24        0.5457        0.3858   406881   29.30%
  17445 10674        0.4347    51        0.5457        0.3860   415682   29.28%
  17803 10911        0.4545    25        0.5457        0.3864   425046   29.19%
  18121 11109        0.4473    23        0.5457        0.3865   431465   29.18%
  18535 11365        0.4756    18        0.5457        0.3870   439223   29.09%
  18905 11602        0.5111    16        0.5457        0.3870   451378   29.09%
  18934 11623        0.4711    53        0.5457        0.3877   451881   28.96%
  18943 11628        0.4993    24        0.5457        0.3877   452097   28.96%
Elapsed time = 174.49 sec. (114142.93 ticks, tree = 23.27 MB, solutions = 5)
  19153 11724        0.5047    30        0.5457        0.3877   468018   28.96%
  19312 11797        0.5097    25        0.5457        0.3881   479065   28.88%
  19659 12052        0.4735    50        0.5457        0.3882   486841   28.87%
  19972 12260        0.5061    52        0.5457        0.3885   492248   28.80%
  20418 12545        0.5108    33        0.5457        0.3890   504011   28.72%
  20601 12668        0.3900    22        0.5457        0.3895   507289   28.63%
  20822 12817        0.4836    41        0.5457        0.3895   511277   28.63%
  21145 13065        0.3984    23        0.5457        0.3897   515196   28.59%
  21536 13324        0.5215    40        0.5457        0.3899   521905   28.55%
  21937 13612        0.4209    26        0.5457        0.3901   527202   28.53%
Elapsed time = 195.42 sec. (125572.07 ticks, tree = 44.87 MB, solutions = 5)
  22247 13828        cutoff              0.5457        0.3902   531354   28.49%
  22563 14039        0.4374    14        0.5457        0.3904   535996   28.46%
  22571 14039        0.4357    16        0.5457        0.3904   536173   28.46%
  22843 14240        0.4285    59        0.5457        0.3904   541650   28.46%
  23135 14406        0.4920    35        0.5457        0.3905   549418   28.43%
  23508 14649        0.5150    35        0.5457        0.3907   557985   28.40%
  23809 14868        cutoff              0.5457        0.3908   562760   28.39%
  23956 14943        0.4225    17        0.5457        0.3910   567077   28.35%
  23968 14945        0.4802    21        0.5457        0.3910   567336   28.35%
  23972 14945        0.4684    15        0.5457        0.3910   567453   28.35%
Elapsed time = 215.05 sec. (141825.65 ticks, tree = 73.28 MB, solutions = 5)
  24283 15168        0.4952    33        0.5457        0.3910   575568   28.35%
  24612 15379        0.4350    17        0.5457        0.3913   587382   28.29%
  25076 15669        0.4623    26        0.5457        0.3915   594706   28.26%
  25436 15866        0.5054    23        0.5457        0.3918   606707   28.20%
  25636 15956        0.5088    18        0.5457        0.3921   611070   28.15%
  25637 15955        cutoff              0.5457        0.3921   611077   28.15%
  25852 16100        cutoff              0.5457        0.3921   617281   28.15%
  26138 16249        0.4687    32        0.5457        0.3925   627623   28.08%
  26350 16363        0.4233    18        0.5457        0.3928   631403   28.03%
  27570 17131        0.4920    18        0.5457        0.3935   660210   27.89%
Elapsed time = 265.11 sec. (177566.14 ticks, tree = 88.35 MB, solutions = 5)
  28685 17854        0.4665    18        0.5457        0.3940   685460   27.80%
  29068 18075        0.5159    44        0.5457        0.3942   701333   27.76%
  29215 18156        0.5126    26        0.5457        0.3943   704460   27.74%
  30397 18935        0.4790    27        0.5457        0.3947   735027   27.67%
  31501 19692        0.4369    21        0.5457        0.3951   756349   27.60%
  32523 20342        0.4217    18        0.5457        0.3954   778451   27.54%
  33881 21174        0.4795    21        0.5457        0.3961   807308   27.43%
  34408 21525        0.4845    14        0.5457        0.3962   815414   27.39%
  34931 21893        0.4008    63        0.5457        0.3966   826619   27.33%
  35941 22567        cutoff              0.5457        0.3968   853151   27.28%
Elapsed time = 332.13 sec. (218964.15 ticks, tree = 125.90 MB, solutions = 5)
  37308 23424        0.4962    18        0.5457        0.3975   881313   27.17%
  37354 23444        0.4868    36        0.5457        0.3977   884639   27.13%
  38545 24202        0.4366    50        0.5457        0.3981   913654   27.04%
  40070 25228        0.4657    23        0.5457        0.3986   951294   26.97%
  40903 25781        0.5078    19        0.5457        0.3989   970099   26.91%
  41857 26478        0.4631    24        0.5457        0.3993   988527   26.83%
  43161 27196        0.4242    10        0.5457        0.3998  1015418   26.74%
  44180 27834        0.4195    26        0.5457        0.4004  1038298   26.63%
  45376 28591        0.5151    21        0.5457        0.4010  1067380   26.52%
  45821 28870        0.5010    45        0.5457        0.4011  1083408   26.50%
Elapsed time = 413.76 sec. (266709.47 ticks, tree = 175.17 MB, solutions = 5)
  46957 29549        0.4594    74        0.5457        0.4018  1109996   26.38%
  48386 30431        0.4349    31        0.5457        0.4024  1131752   26.27%
  48649 30593        0.4406    16        0.5457        0.4024  1135619   26.26%
  48655 30590        0.4436    17        0.5457        0.4024  1135731   26.26%
  50067 31343        0.5013    26        0.5457        0.4031  1161682   26.14%
  51280 32020        0.5094    41        0.5457        0.4035  1191438   26.05%
  51771 32303        0.4077    39        0.5457        0.4038  1200345   26.01%
  53116 33069        0.4788    33        0.5457        0.4043  1236392   25.91%
  53985 33610        cutoff              0.5457        0.4046  1251490   25.86%
  54137 33689        0.4962    22        0.5457        0.4046  1258404   25.86%
Elapsed time = 484.37 sec. (314470.17 ticks, tree = 230.73 MB, solutions = 5)
  55613 34476        0.4799    24        0.5457        0.4052  1299266   25.74%
  57053 35468        0.4518    46        0.5457        0.4057  1331687   25.67%
  57382 35684        cutoff              0.5457        0.4057  1336514   25.65%
  58511 36352        0.5047    20        0.5457        0.4062  1362909   25.56%
  59533 36909        0.5390    12        0.5457        0.4065  1398843   25.50%
  60279 37434        0.4601    27        0.5457        0.4068  1419109   25.46%
* 61045+37934                            0.5457        0.4069  1432146   25.44%
  61160 38000        0.5375    20        0.5457        0.4069  1433502   25.44%
* 61451+38154                            0.5457        0.4071  1443044   25.41%
  62248 38657        0.4679    17        0.5457        0.4074  1457726   25.35%
  62898 39065        0.4852    34        0.5457        0.4076  1470201   25.31%
  63991 39691        0.4995    49        0.5457        0.4078  1497118   25.28%
Elapsed time = 570.63 sec. (367601.83 ticks, tree = 261.14 MB, solutions = 6)
  64124 39779        0.5028    29        0.5457        0.4079  1499583   25.26%
  64875 40261        0.4713    24        0.5457        0.4081  1513345   25.22%
  65228 40466        0.5196    23        0.5457        0.4082  1519354   25.21%

Cover cuts applied:  1
Flow cuts applied:  6
Mixed integer rounding cuts applied:  77
Lift and project cuts applied:  3
Gomory fractional cuts applied:  6

Root node processing (before b&c):
  Real time             =   30.71 sec. (17035.61 ticks)
Parallel b&c, 4 threads:
  Real time             =  569.32 sec. (377431.73 ticks)
  Sync time (average)   =   68.38 sec.
  Wait time (average)   =    0.00 sec.
                          ------------
Total (root+branch&cut) =  600.03 sec. (394467.34 ticks)

Solution pool: 6 solutions saved.

MIP - Time limit exceeded, integer feasible:  Objective =  5.4572443712e-01
Current MIP best bound =  4.0845027325e-01 (gap = 0.137274, 25.15%)
Solution time =  600.03 sec.  Iterations = 1538391  Nodes = 65901 (40841)
Deterministic time = 394467.35 ticks  (657.41 ticks/sec)


Incumbent solution written to file 'instancias/formato_lp/grid/g_7x29_b_oplminimos.dat.sol'.
