
Log started (V12.6.0.0) Thu Feb 20 19:29:57 2014


Problem 'instancias/formato_lp/grid/g_7x70_b_oplminimos.dat.lp' read.
Read time = 6.89 sec. (72.07 ticks)
Presolve has eliminated 13 rows and 9 columns...
Presolve has improved bounds 4794 times...
Tried aggregator 2 times.
MIP Presolve eliminated 20 rows and 11 columns.
MIP Presolve modified 5325907 coefficients.
Aggregator did 6 substitutions.
Reduced MIP has 7694 rows, 7521 columns, and 5332020 nonzeros.
Reduced MIP has 4745 binaries, 0 generals, 0 SOSs, and 0 indicators.
Presolve time = 29.24 sec. (85918.79 ticks)
Probing time = 0.23 sec. (193.75 ticks)
Cover probing fixed 0 vars, tightened 28 bounds.
Tried aggregator 2 times.
MIP Presolve modified 1516 coefficients.
Aggregator did 1 substitutions.
Reduced MIP has 7693 rows, 7520 columns, and 5332018 nonzeros.
Reduced MIP has 4745 binaries, 1 generals, 0 SOSs, and 0 indicators.
Presolve time = 4.44 sec. (2093.04 ticks)
Probing time = 22.26 sec. (193.59 ticks)
Clique table members: 900.
MIP emphasis: balance optimality and feasibility.
MIP search method: dynamic search.
Parallel mode: deterministic, using up to 4 threads.
Root relaxation solution time = 22.51 sec. (4084.07 ticks)

        Nodes                                         Cuts/
   Node  Left     Objective  IInf  Best Integer    Best Bound    ItCnt     Gap

      0     0        0.2879   223                      0.2879    10360         
*     0+    0                            0.7603        0.2879    10599   62.14%
      0     0        0.3055   227        0.7603     Cuts: 180    10599   59.72%
*     0+    0                            0.6537        0.3063    10668   53.15%
      0     0        0.3089   225        0.6537      Cuts: 31    10668   52.74%
      0     0        0.3125   222        0.6537      Cuts: 26    10712   52.19%
*     0+    0                            0.5632        0.3125    10712   44.51%
*     0+    0                            0.5533        0.3125    10712   43.51%
      0     0        0.3125   222        0.5533      Cuts: 13    10724   43.51%
      0     0        0.3125   222        0.5533    MIRcuts: 1    10725   43.51%
*     0+    0                            0.5491        0.3125    10725   43.09%
      0     2        0.3125   222        0.5491        0.3125    10725   43.09%
Elapsed time = 135.30 sec. (129416.36 ticks, tree = 0.01 MB, solutions = 5)
      4     6        0.3298   227        0.5491        0.3245    11031   40.90%
     13    15        0.3393   205        0.5491        0.3251    11530   40.80%
     28    30        0.3485   110        0.5491        0.3280    12854   40.27%
     45    47        0.3505   102        0.5491        0.3280    14595   40.27%
     61    63        0.3905    50        0.5491        0.3280    16218   40.27%
     77    79        0.3561    39        0.5491        0.3280    17285   40.27%
     97    99        0.3601    27        0.5491        0.3280    19072   40.27%
    112   114        0.4011    72        0.5491        0.3280    20636   40.27%
    121   123        0.3978    78        0.5491        0.3280    21617   40.27%
    170   172        0.3704    52        0.5491        0.3280    25238   40.27%
Elapsed time = 150.42 sec. (134075.51 ticks, tree = 2.18 MB, solutions = 5)
    213   215        0.3774    37        0.5491        0.3280    26432   40.27%
    245   247        0.4352    46        0.5491        0.3280    27612   40.27%
    369   368        0.4214    31        0.5491        0.3280    31508   40.27%
    500   492        0.4024    46        0.5491        0.3280    35942   40.27%
    572   554        0.3571    76        0.5491        0.3280    39873   40.27%
    683   650        0.3582    53        0.5491        0.3280    45440   40.27%
    809   769        0.3610    44        0.5491        0.3294    49963   40.01%
    880   839        0.3570    22        0.5491        0.3294    52514   40.01%
    916   875        0.3570    49        0.5491        0.3294    53456   40.01%
   1004   961        0.3570    27        0.5491        0.3294    56079   40.01%
Elapsed time = 188.08 sec. (146126.12 ticks, tree = 68.64 MB, solutions = 5)
   1158  1098        0.3606    41        0.5491        0.3294    59950   40.01%
   1233  1172        0.3199   232        0.5491        0.3294    70230   40.01%
   1234  1173        0.3324   223        0.5491        0.3294    70363   40.01%
   1235  1173        0.3313   232        0.5491        0.3294    70594   40.01%
   1236  1174        0.3314   213        0.5491        0.3314    70670   39.64%
   1238  1176        0.3621   233        0.5491        0.3314    70805   39.64%
   1239  1177        0.3428   186        0.5491        0.3314    71006   39.64%
   1240  1177        0.3713   231        0.5491        0.3314    71288   39.64%
   1241  1177        0.3373   204        0.5491        0.3314    71356   39.64%
   1243  1178        0.3321   195        0.5491        0.3314    71445   39.64%
Elapsed time = 305.18 sec. (307923.11 ticks, tree = 99.08 MB, solutions = 5)
   1244  1179        0.3415   186        0.5491        0.3314    71634   39.64%
   1247  1181        0.3519   203        0.5491        0.3314    72371   39.64%
   1256  1185        0.3772   172        0.5491        0.3314    72793   39.64%
   1266  1193        0.3611   205        0.5491        0.3314    73654   39.64%
   1281  1202        0.4052   156        0.5491        0.3314    75543   39.64%
   1313  1217        0.4189   164        0.5491        0.3314    78058   39.64%
   1357  1244        0.4224    32        0.5491        0.3314    82216   39.64%
   1409  1259        0.4732    81        0.5491        0.3314    88838   39.64%
   1435  1245        0.3915   209        0.5491        0.3314    91015   39.64%
   1496  1243        0.4969    41        0.5491        0.3314    95443   39.64%
Elapsed time = 324.79 sec. (318296.22 ticks, tree = 86.35 MB, solutions = 5)
   1502  1248        0.4259   159        0.5491        0.3314    97456   39.64%
   1558  1255        0.4621   132        0.5491        0.3314   102099   39.64%
   1610  1271        0.3432   159        0.5491        0.3347   105431   39.04%
   1649  1278        0.3814    77        0.5491        0.3380   108139   38.45%
   1703  1297        0.4014    31        0.5491        0.3380   111702   38.45%
   1791  1329        0.5254    46        0.5491        0.3380   114338   38.45%
   1859  1341        0.5405    34        0.5491        0.3380   115549   38.45%
   1913  1350        0.5163    44        0.5491        0.3380   116412   38.45%
   1967  1356        0.5455    42        0.5491        0.3380   117701   38.45%
   2040  1379        0.3755   188        0.5491        0.3380   119377   38.45%
Elapsed time = 352.20 sec. (332595.38 ticks, tree = 74.88 MB, solutions = 5)
   2199  1468        0.4083    33        0.5491        0.3414   122858   37.82%
   2323  1539        0.4607    29        0.5491        0.3414   124344   37.82%
   2411  1592        0.3907    34        0.5491        0.3414   125005   37.82%
   2481  1606        0.3929    54        0.5491        0.3414   126153   37.82%
   2489  1612        0.3587    24        0.5491        0.3414   126382   37.82%
   2642  1688        0.3846    24        0.5491        0.3414   129506   37.82%
   2804  1779        0.3891    26        0.5491        0.3439   131635   37.37%
   2899  1836        0.3820    36        0.5491        0.3439   132450   37.37%
   3007  1892        0.4043   162        0.5491        0.3439   133937   37.37%
   3177  1976        0.3736   104        0.5491        0.3439   135908   37.37%
Elapsed time = 379.04 sec. (342438.77 ticks, tree = 97.55 MB, solutions = 5)
   3254  2016        0.3749    31        0.5491        0.3442   137894   37.31%
   3337  2047        0.3449   160        0.5491        0.3442   140516   37.31%
   3436  2085        0.4924    68        0.5491        0.3442   143091   37.31%
   3556  2145        0.4665    70        0.5491        0.3442   145275   37.31%
   3653  2178        0.3701   138        0.5491        0.3442   147327   37.31%
   3743  2249        0.4212    39        0.5491        0.3449   149882   37.19%
   3837  2340        0.4543    38        0.5491        0.3449   152846   37.19%
   4074  2571        0.5074    53        0.5491        0.3449   156864   37.19%
   4175  2665        0.4606    55        0.5491        0.3449   158992   37.19%
   4336  2791        0.3568    81        0.5491        0.3449   161514   37.19%
Elapsed time = 408.05 sec. (355708.44 ticks, tree = 150.56 MB, solutions = 5)
   4517  2963        0.3983    44        0.5491        0.3456   163615   37.05%
   4715  3155        0.3985    38        0.5491        0.3456   164760   37.05%
   4867  3303        0.4279    54        0.5491        0.3456   166529   37.05%
   5056  3485        0.4576   121        0.5491        0.3465   170253   36.90%
   5131  3552        0.3472   173        0.5491        0.3465   172177   36.90%
*  5155+ 3568                            0.5453        0.3465   172368   36.46%
   5322  3701        0.3783    36        0.5453        0.3473   176587   36.30%
   5539  3918        0.4008    19        0.5453        0.3473   178372   36.30%
   5683  4057        0.4026    30        0.5453        0.3473   180056   36.30%
   5866  4228        0.3768    83        0.5453        0.3474   184946   36.29%
   6070  4423        0.3563    34        0.5453        0.3474   189834   36.29%
Elapsed time = 436.25 sec. (365786.95 ticks, tree = 209.48 MB, solutions = 6)
   6150  4503        0.3910    26        0.5453        0.3474   192786   36.29%
   6357  4689        0.4516    87        0.5453        0.3488   197053   36.03%
   6409  4734        0.4887    44        0.5453        0.3488   198578   36.03%
   6598  4871        0.4480    35        0.5453        0.3488   202718   36.03%
   6728  4984        0.4433    64        0.5453        0.3488   205614   36.03%
   6983  5227        0.3785    28        0.5453        0.3489   209045   36.03%
   7192  5418        0.4140    92        0.5453        0.3489   212318   36.03%
   7372  5587        0.4238    29        0.5453        0.3502   216866   35.79%
   7632  5839        cutoff              0.5453        0.3502   220736   35.79%
   7773  5971        0.4299    53        0.5453        0.3502   223919   35.79%
Elapsed time = 462.92 sec. (375554.88 ticks, tree = 239.63 MB, solutions = 6)
   8044  6222        0.4580    52        0.5453        0.3502   229055   35.79%
   8259  6420        0.3574    29        0.5453        0.3512   232600   35.60%
   8363  6522        0.3594    41        0.5453        0.3512   233895   35.60%
   8769  6916        0.3631    44        0.5453        0.3512   238608   35.59%
   9002  7144        0.4574    37        0.5453        0.3512   242646   35.59%
   9320  7420        0.3796    27        0.5453        0.3513   252887   35.58%
   9425  7514        0.4401    28        0.5453        0.3513   257495   35.58%
   9521  7595        0.5042    26        0.5453        0.3513   259842   35.58%
   9636  7683        0.3769    25        0.5453        0.3513   262157   35.58%
  10188  8168        0.4017    30        0.5453        0.3513   270379   35.57%
Elapsed time = 494.78 sec. (394485.69 ticks, tree = 254.87 MB, solutions = 6)
* 10662+ 8623                            0.5392        0.3514   277732   34.83%
  10734  8693        0.3520    36        0.5392        0.3514   278596   34.83%
  11706  9487        0.3654   106        0.5392        0.3514   289477   34.83%
  12572 10286        0.3706    76        0.5392        0.3515   305039   34.81%
  13064 10726        0.3521   102        0.5392        0.3515   314454   34.80%
  14232 11859        0.4803    50        0.5392        0.3516   329541   34.79%
  14336 11956        0.5023   121        0.5392        0.3516   332445   34.79%
* 14382+11996                            0.5388        0.3516   334326   34.75%
* 14668+12264                            0.5388        0.3516   342622   34.75%
* 14683+12275                            0.5388        0.3516   342889   34.75%
  15157 12715        0.3658    54        0.5388        0.3517   348862   34.73%
  15579 13112        0.3982    44        0.5388        0.3517   358774   34.73%
* 15632+13161                            0.5388        0.3517   359655   34.73%
  16441 13919        0.3565    27        0.5388        0.3517   372532   34.73%
  16680 14150        0.3574    26        0.5388        0.3518   377524   34.72%
Elapsed time = 568.62 sec. (437499.45 ticks, tree = 278.65 MB, solutions = 10)
  17371 14737        0.4756    50        0.5388        0.3518   391136   34.71%
  18228 15546        0.3842    46        0.5388        0.3519   400987   34.70%
  18646 15937        0.3519   172        0.5388        0.3519   410923   34.68%
  19459 16669        0.5358    67        0.5388        0.3520   432625   34.68%

Clique cuts applied:  1
Flow cuts applied:  145
Mixed integer rounding cuts applied:  75
Lift and project cuts applied:  11
Gomory fractional cuts applied:  9

Root node processing (before b&c):
  Real time             =  134.94 sec. (129145.47 ticks)
Parallel b&c, 4 threads:
  Real time             =  465.15 sec. (324743.65 ticks)
  Sync time (average)   =   56.13 sec.
  Wait time (average)   =    0.00 sec.
                          ------------
Total (root+branch&cut) =  600.10 sec. (453889.12 ticks)

Solution pool: 10 solutions saved.

MIP - Time limit exceeded, integer feasible:  Objective =  5.3883352667e-01
Current MIP best bound =  3.5201954835e-01 (gap = 0.186814, 34.67%)
Solution time =  600.10 sec.  Iterations = 435715  Nodes = 19753 (16929)
Deterministic time = 453889.14 ticks  (756.36 ticks/sec)


Incumbent solution written to file 'instancias/formato_lp/grid/g_7x70_b_oplminimos.dat.sol'.
