
Log started (V12.6.0.0) Thu Feb 20 19:19:52 2014


Problem 'instancias/formato_lp/grid/g_7x70_a_oplminimos.dat.lp' read.
Read time = 4.26 sec. (85.12 ticks)
Presolve has eliminated 13 rows and 10 columns...
Presolve has improved bounds 4740 times...
Tried aggregator 2 times.
MIP Presolve eliminated 16 rows and 12 columns.
MIP Presolve modified 6300083 coefficients.
Aggregator did 3 substitutions.
Reduced MIP has 7701 rows, 8063 columns, and 6311551 nonzeros.
Reduced MIP has 5285 binaries, 0 generals, 0 SOSs, and 0 indicators.
Presolve time = 32.78 sec. (101921.40 ticks)
Probing time = 0.28 sec. (229.47 ticks)
Cover probing fixed 0 vars, tightened 3 bounds.
Tried aggregator 1 time.
MIP Presolve modified 1537 coefficients.
Reduced MIP has 7701 rows, 8063 columns, and 6311551 nonzeros.
Reduced MIP has 5285 binaries, 1 generals, 0 SOSs, and 0 indicators.
Presolve time = 12.01 sec. (2307.62 ticks)
Probing time = 24.02 sec. (228.68 ticks)
Clique table members: 900.
MIP emphasis: balance optimality and feasibility.
MIP search method: dynamic search.
Parallel mode: deterministic, using up to 4 threads.
Root relaxation solution time = 22.80 sec. (3949.23 ticks)

        Nodes                                         Cuts/
   Node  Left     Objective  IInf  Best Integer    Best Bound    ItCnt     Gap

      0     0        0.3052   237                      0.3052     9388         
*     0+    0                            0.9613        0.3052     9388   68.26%
*     0+    0                            0.9190        0.3052     9696   66.79%
      0     0        0.3233   247        0.9190     Cuts: 211     9696   64.82%
*     0+    0                            0.6043        0.3233     9816   46.50%
      0     0        0.3289   240        0.6043      Cuts: 54     9816   45.56%
      0     0        0.3290   240        0.6043       Cuts: 6     9843   45.55%
*     0+    0                            0.5999        0.3290     9843   45.15%
      0     0        0.3290   240        0.5999    MIRcuts: 2     9865   45.15%
      0     2        0.3290   240        0.5999        0.3290     9886   45.15%
Elapsed time = 225.58 sec. (164673.38 ticks, tree = 0.01 MB, solutions = 4)
      4     6        0.3476   240        0.5999        0.3356    10035   44.06%
      8    10        0.3434   192        0.5999        0.3356    10231   44.05%
     21    23        0.3704   208        0.5999        0.3356    11019   44.05%
     36    38        0.3698   152        0.5999        0.3356    12348   44.05%
     51    53        0.3989   104        0.5999        0.3356    13689   44.05%
     69    71        0.4189    51        0.5999        0.3356    15052   44.05%
     82    84        0.3866    69        0.5999        0.3356    16668   44.05%
     97    99        0.4429    31        0.5999        0.3356    18324   44.05%
    119   121        0.3936    40        0.5999        0.3356    21209   44.05%
    121   123        0.4454    49        0.5999        0.3356    22039   44.05%
Elapsed time = 241.59 sec. (169301.86 ticks, tree = 0.54 MB, solutions = 4)
    165   167        0.4297    52        0.5999        0.3356    27982   44.05%
    207   209        0.4942    44        0.5999        0.3356    30797   44.05%
    235   237        0.5007    31        0.5999        0.3356    32503   44.05%
    276   278        0.4530    52        0.5999        0.3356    33992   44.05%
    294   296        0.4302    41        0.5999        0.3356    35172   44.05%
    352   354        0.4726    35        0.5999        0.3356    37978   44.05%
    388   390        0.5080    35        0.5999        0.3356    39607   44.05%
    426   428        0.4942    37        0.5999        0.3356    41811   44.05%
    466   468        0.4941    39        0.5999        0.3356    43127   44.05%
    475   477        0.4592    41        0.5999        0.3356    43519   44.05%
Elapsed time = 280.79 sec. (180738.97 ticks, tree = 15.42 MB, solutions = 4)
    476   478        0.5082    33        0.5999        0.3356    43690   44.05%
    572   572        0.5078    41        0.5999        0.3356    48626   44.05%
    656   653        0.4768    35        0.5999        0.3356    54511   44.05%
    664   661        0.4518    67        0.5999        0.3356    55235   44.05%
    723   711        0.5268    52        0.5999        0.3356    73079   44.05%
    815   773        0.3595   176        0.5999        0.3356    79735   44.05%
    905   856        0.3966    71        0.5999        0.3356    84007   44.05%
    917   868        0.4095    44        0.5999        0.3356    84506   44.05%
    967   912        0.3889    55        0.5999        0.3412    86279   43.13%
*   989+  932                            0.5980        0.3412    87169   42.95%
   1053   997        0.4339    41        0.5980        0.3412    88840   42.95%
Elapsed time = 318.97 sec. (194177.95 ticks, tree = 35.62 MB, solutions = 5)
   1115  1059        0.4144    28        0.5980        0.3412    90562   42.95%
   1124  1068        0.3889    35        0.5980        0.3412    90682   42.95%
*  1177+  746                            0.5944        0.3412    98498   42.60%
   1177   747        0.3348   207        0.5944        0.3412    99181   42.60%
   1178   748        0.3410   189        0.5944        0.3412    99231   42.60%
   1179   749        0.3440   178        0.5944        0.3412    99506   42.60%
   1182   751        0.3559   157        0.5944        0.3412   100020   42.60%
   1183   752        0.3706   171        0.5944        0.3412   100037   42.60%
   1184   752        0.3540   139        0.5944        0.3470   100115   41.63%
   1189   755        0.3633   156        0.5944        0.3470   100788   41.63%
   1192   756        0.3835   145        0.5944        0.3470   101549   41.63%
Elapsed time = 455.50 sec. (279366.35 ticks, tree = 38.05 MB, solutions = 6)
   1200   762        0.3593   138        0.5944        0.3470   102444   41.63%
   1210   768        0.4271   127        0.5944        0.3470   103928   41.63%
   1212   769        0.3629    96        0.5944        0.3470   103944   41.63%
   1235   784        0.3912    32        0.5944        0.3470   106324   41.63%
   1248   790        0.4099    75        0.5944        0.3470   109099   41.63%
   1274   807        0.3915    33        0.5944        0.3470   114076   41.63%
   1283   810        0.4433   101        0.5944        0.3470   116807   41.63%
   1323   832        0.4126    39        0.5944        0.3470   120027   41.63%
   1355   851        0.4379    43        0.5944        0.3470   122253   41.63%
   1360   855        0.5189    55        0.5944        0.3470   123542   41.63%
Elapsed time = 485.40 sec. (296638.88 ticks, tree = 35.92 MB, solutions = 6)
   1393   874        0.5414    61        0.5944        0.3470   125114   41.63%
   1427   890        0.4745    47        0.5944        0.3470   126590   41.63%
   1468   903        0.4640    51        0.5944        0.3501   128510   41.10%
   1502   917        0.4722    41        0.5944        0.3501   130079   41.10%
   1536   932        0.5085    40        0.5944        0.3501   131231   41.10%
   1567   941        0.5936    48        0.5944        0.3501   132303   41.10%
   1599   948        0.5936    45        0.5944        0.3501   132993   41.10%
   1635   949        0.5937    52        0.5944        0.3501   134105   41.10%
   1678   965        cutoff              0.5944        0.3501   135282   41.10%
   1707   974        0.5827    58        0.5944        0.3501   136384   41.10%
Elapsed time = 515.31 sec. (307402.90 ticks, tree = 50.23 MB, solutions = 6)
   1755   989        0.3554   116        0.5944        0.3501   138143   41.10%
   1793   998        0.3852    55        0.5944        0.3501   138979   41.10%
   1851  1021        0.5795    51        0.5944        0.3501   140338   41.10%
   1900  1036        0.4292    29        0.5944        0.3501   142379   41.10%
   1933  1049        0.5796    55        0.5944        0.3501   143017   41.10%
   1944  1055        0.3980    61        0.5944        0.3501   143226   41.10%
   1964  1064        0.4565    35        0.5944        0.3501   143463   41.10%
   1982  1063        0.5806    65        0.5944        0.3501   143862   41.10%
*  2054+  970                            0.5944        0.3550   145162   40.27%
   2054   972        0.5853    41        0.5944        0.3550   145162   40.27%
   2103   991        0.4145    33        0.5944        0.3550   145889   40.27%
Elapsed time = 545.12 sec. (323380.96 ticks, tree = 64.14 MB, solutions = 6)
   2138   998        0.5937    55        0.5944        0.3550   146127   40.27%
   2183  1015        0.5938    75        0.5944        0.3550   146428   40.27%
   2259  1047        0.3839    58        0.5944        0.3550   147255   40.27%
   2330  1080        0.3751    37        0.5944        0.3550   147647   40.27%
   2361  1100        0.3844    37        0.5944        0.3550   148009   40.27%
*  2438+ 1119                            0.5892        0.3550   148479   39.74%
   2438  1121        0.3753    73        0.5892        0.3550   148479   39.74%
   2529  1161        0.4160   108        0.5892        0.3550   148871   39.74%
   2589  1218        0.3755    42        0.5892        0.3550   149359   39.74%
   2645  1274        0.3899    29        0.5892        0.3556   150003   39.65%
   2728  1357        0.3777    75        0.5892        0.3556   150442   39.65%
Elapsed time = 584.95 sec. (343910.46 ticks, tree = 99.21 MB, solutions = 8)
   2767  1396        0.4999   111        0.5892        0.3556   150862   39.65%
*  2815+ 1441                            0.5891        0.3556   151179   39.64%
*  2815+ 1441                            0.5889        0.3556   151179   39.61%
   2815  1443        0.4999    86        0.5889        0.3556   151179   39.61%
   2949  1574        0.4048    34        0.5889        0.3556   153046   39.61%

Clique cuts applied:  1
Flow cuts applied:  137
Mixed integer rounding cuts applied:  52
Lift and project cuts applied:  6
Gomory fractional cuts applied:  9

Root node processing (before b&c):
  Real time             =  224.82 sec. (164088.97 ticks)
Parallel b&c, 4 threads:
  Real time             =  375.39 sec. (185629.91 ticks)
  Sync time (average)   =   46.24 sec.
  Wait time (average)   =    0.00 sec.
                          ------------
Total (root+branch&cut) =  600.21 sec. (349718.88 ticks)

Solution pool: 10 solutions saved.

MIP - Time limit exceeded, integer feasible:  Objective =  5.8885091841e-01
Current MIP best bound =  3.5557792254e-01 (gap = 0.233273, 39.61%)
Solution time =  600.21 sec.  Iterations = 153518  Nodes = 3033 (1657)
Deterministic time = 349718.90 ticks  (582.66 ticks/sec)


Incumbent solution written to file 'instancias/formato_lp/grid/g_7x70_a_oplminimos.dat.sol'.
