
Log started (V12.6.0.0) Thu Feb 20 18:59:50 2014


Problem 'instancias/formato_lp/grid/g_7x29_a_oplminimos.dat.lp' read.
Read time = 0.81 sec. (14.57 ticks)
Tried aggregator 2 times.
MIP Presolve eliminated 16 rows and 11 columns.
MIP Presolve modified 1060688 coefficients.
Aggregator did 2 substitutions.
Reduced MIP has 3151 rows, 3304 columns, and 1066807 nonzeros.
Reduced MIP has 2164 binaries, 0 generals, 0 SOSs, and 0 indicators.
Presolve time = 3.23 sec. (7359.68 ticks)
Probing time = 0.08 sec. (71.31 ticks)
Cover probing fixed 0 vars, tightened 3 bounds.
Tried aggregator 1 time.
MIP Presolve modified 642 coefficients.
Reduced MIP has 3151 rows, 3304 columns, and 1066807 nonzeros.
Reduced MIP has 2164 binaries, 1 generals, 0 SOSs, and 0 indicators.
Presolve time = 1.49 sec. (400.98 ticks)
Probing time = 2.46 sec. (71.07 ticks)
Clique table members: 389.
MIP emphasis: balance optimality and feasibility.
MIP search method: dynamic search.
Parallel mode: deterministic, using up to 4 threads.
Root relaxation solution time = 2.00 sec. (412.75 ticks)

        Nodes                                         Cuts/
   Node  Left     Objective  IInf  Best Integer    Best Bound    ItCnt     Gap

      0     0        0.2654    81                      0.2654     2539         
*     0+    0                            0.4535        0.2654     2651   41.47%
      0     0        0.2879   107        0.4535      Cuts: 77     2651   36.50%
      0     0        0.2955   113        0.4535      Cuts: 44     2724   34.84%
      0     0        0.2960   110        0.4535      Cuts: 22     2750   34.73%
      0     0        0.2960   110        0.4535    MIRcuts: 6     2756   34.73%
      0     2        0.2960   109        0.4535        0.2960     2757   34.73%
Elapsed time = 20.44 sec. (13309.50 ticks, tree = 0.01 MB, solutions = 1)
      5     7        0.3188    88        0.4535        0.2996     3079   33.94%
     27    29        0.4190    16        0.4535        0.2998     4571   33.90%
     83    85        0.3640    14        0.4535        0.2998     8493   33.90%
    135   116        0.3564    87        0.4535        0.2998    10809   33.90%
*   147+  120                            0.4499        0.2998    11186   33.37%
    226   172        cutoff              0.4499        0.3117    13927   30.72%
    306   208        0.3475    20        0.4499        0.3117    15773   30.72%
    369   233        0.3887    15        0.4499        0.3131    17490   30.40%
    398   248        0.3952    30        0.4499        0.3133    18456   30.37%
    482   296        0.3469    10        0.4499        0.3137    20728   30.26%
    985   614        0.3813    17        0.4499        0.3153    27867   29.92%
Elapsed time = 27.66 sec. (17257.48 ticks, tree = 13.93 MB, solutions = 2)
   1613  1042        0.3501    23        0.4499        0.3194    36971   29.00%
   2040  1304        0.3223    13        0.4499        0.3195    43504   28.99%
   2345  1521        0.3041    83        0.4499        0.3199    51429   28.89%
   2350  1522        0.3959    67        0.4499        0.3199    52164   28.89%
   2371  1529        0.3214    14        0.4499        0.3199    53323   28.89%
   2464  1369        0.3994    15        0.4499        0.3199    56333   28.89%
   2661  1288        0.3583    18        0.4499        0.3199    60850   28.89%
   2876  1311        0.3135    14        0.4499        0.3199    64061   28.89%
   3239  1411        0.4114    15        0.4499        0.3199    68189   28.89%
   3710  1554        0.3176    36        0.4499        0.3199    74135   28.89%
Elapsed time = 67.55 sec. (49242.43 ticks, tree = 17.97 MB, solutions = 2)
   3888  1585        0.3481    16        0.4499        0.3199    77154   28.89%
   3894  1583        0.3481    16        0.4499        0.3199    77551   28.89%
   4212  1650        0.3932    30        0.4499        0.3199    82467   28.89%
   4605  1794        0.4044    25        0.4499        0.3203    87189   28.80%
   4953  1912        0.3493    10        0.4499        0.3212    93717   28.60%
   5353  2202        cutoff              0.4499        0.3222    98575   28.39%
   5356  2203        0.3235    16        0.4499        0.3222    98579   28.39%
   5791  2501        0.3637    17        0.4499        0.3231   104051   28.18%
   6219  2754        cutoff              0.4499        0.3241   109555   27.95%
   6622  2937        0.4280    18        0.4499        0.3251   117695   27.73%
Elapsed time = 86.48 sec. (61159.44 ticks, tree = 46.33 MB, solutions = 2)
   7034  3131        0.3918    14        0.4499        0.3265   126155   27.42%
   7628  3513        cutoff              0.4499        0.3277   133701   27.16%
   8213  3894        0.3875    13        0.4499        0.3284   143467   27.00%
   8722  4081        0.3882    21        0.4499        0.3301   153563   26.62%
   8724  4081        0.3302    13        0.4499        0.3301   153572   26.62%
   9227  4286        0.3538    12        0.4499        0.3315   163640   26.31%
   9740  4550        0.4016    20        0.4499        0.3321   172263   26.19%
  10268  4740        0.3349    24        0.4499        0.3345   182779   25.65%
  10734  4969        0.3667    26        0.4499        0.3355   190619   25.42%
  11073  5090        0.3428    21        0.4499        0.3364   198374   25.23%
Elapsed time = 105.55 sec. (71822.64 ticks, tree = 45.32 MB, solutions = 2)
  11378  5225        0.3978    16        0.4499        0.3379   202442   24.90%
  11381  5225        0.4460    11        0.4499        0.3379   202507   24.90%
  11797  5418        0.3385    23        0.4499        0.3385   208879   24.75%
  12257  5662        cutoff              0.4499        0.3392   216193   24.59%
  12771  5963        0.4150    19        0.4499        0.3397   225449   24.49%
  12854  5968        0.4151    17        0.4499        0.3398   227044   24.46%
  13326  6213        0.5353    12        0.4499        0.3404   233612   24.33%
  13778  6436        0.4195    12        0.4499        0.3415   240185   24.10%
  14290  6655        0.4338    26        0.4499        0.3421   249380   23.95%
  14655  6793        0.3531    12        0.4499        0.3426   254368   23.86%
Elapsed time = 126.73 sec. (87454.18 ticks, tree = 68.77 MB, solutions = 2)
  15097  6999        0.3803    10        0.4499        0.3430   260478   23.76%
  15527  7216        0.3634    21        0.4499        0.3438   265780   23.58%
  16096  7524        0.3707    14        0.4499        0.3440   272675   23.54%
  16129  7546        0.4100    10        0.4499        0.3440   272873   23.54%
  16185  7554        cutoff              0.4499        0.3445   275189   23.43%
  16202  7550        0.4086    10        0.4499        0.3445   276050   23.43%
  16205  7551        0.3448    29        0.4499        0.3445   276078   23.43%
  16682  7796        0.3567    20        0.4499        0.3450   283797   23.30%
  17165  8010        0.4003    16        0.4499        0.3454   291633   23.23%
  17652  8321        0.4045    18        0.4499        0.3458   297712   23.13%
Elapsed time = 145.09 sec. (103026.43 ticks, tree = 100.20 MB, solutions = 2)
  18114  8566        0.4119    22        0.4499        0.3461   304275   23.06%
  18557  8783        0.3465    19        0.4499        0.3465   309541   22.99%
  18584  8791        0.3772    34        0.4499        0.3465   310178   22.98%
  18586  8792        0.4104    25        0.4499        0.3465   310185   22.98%
  18587  8793        0.3465    15        0.4499        0.3465   310186   22.98%
  18589  8793        0.3602    52        0.4499        0.3465   310320   22.98%
  19102  9098        0.3472    14        0.4499        0.3467   316283   22.93%
  19525  9292        0.3823    21        0.4499        0.3470   321701   22.86%
  19925  9466        0.3477    20        0.4499        0.3473   327078   22.81%
  20401  9732        0.3973    18        0.4499        0.3476   332054   22.73%
Elapsed time = 163.56 sec. (117407.92 ticks, tree = 154.35 MB, solutions = 2)
  20886  9982        0.3491    14        0.4499        0.3480   338298   22.65%
  21372 10271        0.4165    11        0.4499        0.3483   344118   22.57%
  21855 10542        cutoff              0.4499        0.3485   350286   22.54%
  22348 10817        0.3682    69        0.4499        0.3487   356785   22.49%
  22835 11063        0.4304    10        0.4499        0.3489   362489   22.45%
  22942 11116        0.3494    14        0.4499        0.3493   363459   22.36%
  22948 11113        0.4266    19        0.4499        0.3493   363541   22.36%
  23384 11298        cutoff              0.4499        0.3495   370867   22.32%
  23734 11445        0.3501    11        0.4499        0.3497   377384   22.26%
  24078 11549        0.4094    93        0.4499        0.3500   382452   22.21%
Elapsed time = 183.49 sec. (131814.25 ticks, tree = 218.96 MB, solutions = 2)
  24439 11653        0.4325    17        0.4499        0.3504   389278   22.12%
  24727 11777        0.3912    21        0.4499        0.3506   394637   22.06%
  24801 11822        0.4293    18        0.4499        0.3506   395361   22.06%
  25226 12002        cutoff              0.4499        0.3509   402454   22.00%
  25453 12105        cutoff              0.4499        0.3511   405227   21.95%
  25457 12106        0.3041    84        0.4499        0.3511   408244   21.95%
  25461 12110        0.3841    84        0.4499        0.3511   408925   21.95%
  25465 12113        0.3083    42        0.4499        0.3511   409284   21.95%
  25473 12114        0.3083    46        0.4499        0.3511   409621   21.95%
  25488 12117        0.4199    36        0.4499        0.3511   410016   21.95%
Elapsed time = 239.00 sec. (182497.63 ticks, tree = 229.99 MB, solutions = 2)
  25505 11372        0.3153    22        0.4499        0.3511   410638   21.95%
  25529 10848        0.3489    23        0.4499        0.3511   411360   21.95%
  25552 10404        0.4062    19        0.4499        0.3511   412567   21.95%
  25578 10262        0.3465    17        0.4499        0.3511   413517   21.95%
  25611 10024        0.3458    51        0.4499        0.3511   414235   21.95%
  25657  9869        0.3122    66        0.4499        0.3511   415258   21.95%
  25698  9808        0.3221    40        0.4499        0.3511   416382   21.95%
  25763  9649        0.3224    26        0.4499        0.3511   417507   21.95%
  25824  9662        0.3248    34        0.4499        0.3511   418565   21.95%
  26143  9020        0.3421    15        0.4499        0.3511   427049   21.95%
Elapsed time = 259.23 sec. (195817.78 ticks, tree = 164.54 MB, solutions = 2)
  26665  8632        0.3709    19        0.4499        0.3511   441567   21.95%
  27354  7996        0.3821    26        0.4499        0.3511   456744   21.95%
  27909  7787        0.4458    25        0.4499        0.3511   472825   21.95%
  28698  7588        0.4484    11        0.4499        0.3511   493284   21.95%
  29303  7317        0.4196    16        0.4499        0.3511   511528   21.95%
  30011  7200        0.3522    12        0.4499        0.3511   535435   21.95%
  30836  7116        0.4007    11        0.4499        0.3511   561933   21.95%
  31529  6899        cutoff              0.4499        0.3511   580552   21.95%
  32417  6893        0.3917    23        0.4499        0.3511   598873   21.95%
  33073  6737        0.3774    15        0.4499        0.3511   614897   21.95%
Elapsed time = 324.66 sec. (234089.33 ticks, tree = 66.05 MB, solutions = 2)
  33752  6610        0.3957    18        0.4499        0.3511   638947   21.95%
  34380  6530        0.3967    17        0.4499        0.3511   661849   21.95%
  35046  6413        0.4210    18        0.4499        0.3511   679910   21.95%
  36031  6457        0.4049    16        0.4499        0.3511   702820   21.95%
  36792  6413        0.5094    17        0.4499        0.3511   719027   21.95%
  37502  6368        0.4295    22        0.4499        0.3511   734597   21.95%
  38192  6632        0.3544    53        0.4499        0.3511   747590   21.95%
  38823  6990        0.4299    15        0.4499        0.3511   761499   21.95%
  39528  7269        0.3442    21        0.4499        0.3511   778022   21.95%
  40255  7657        0.3918    16        0.4499        0.3511   795064   21.95%
Elapsed time = 390.27 sec. (272515.02 ticks, tree = 49.86 MB, solutions = 2)
  40899  7953        0.4039    12        0.4499        0.3511   807871   21.95%
  41556  8213        0.3465    18        0.4499        0.3511   823083   21.95%
  42139  8508        0.3942    19        0.4499        0.3511   832674   21.95%
  42777  8820        0.4005    17        0.4499        0.3511   843210   21.95%
  43232  9074        0.3744    54        0.4499        0.3511   850544   21.95%
  43825  9382        0.3484    11        0.4499        0.3511   860502   21.95%
  44488  9704        0.4309    17        0.4499        0.3511   873938   21.95%
  45072  9982        0.4253    12        0.4499        0.3511   885166   21.95%
  45599 10250        0.3974    19        0.4499        0.3511   899916   21.95%
  46103 10463        0.3724    13        0.4499        0.3511   908880   21.95%
Elapsed time = 453.83 sec. (310982.10 ticks, tree = 128.67 MB, solutions = 2)
  46639 10691        cutoff              0.4499        0.3511   924203   21.95%
  47164 10872        0.3631    17        0.4499        0.3511   936535   21.95%
  47773 11141        0.3512    13        0.4499        0.3511   946895   21.95%
  48379 11432        0.3915    22        0.4499        0.3513   957824   21.92%
  48938 11697        0.4286    18        0.4499        0.3517   966562   21.83%
  49534 11954        0.3969    16        0.4499        0.3521   977208   21.74%
  50133 12181        0.4303    15        0.4499        0.3524   988317   21.67%
  50866 12471        0.3758    13        0.4499        0.3531  1008207   21.52%
  51457 12651        0.4179    19        0.4499        0.3534  1025564   21.44%
  52070 12786        0.4437     8        0.4499        0.3537  1041610   21.37%
Elapsed time = 516.44 sec. (349469.45 ticks, tree = 178.14 MB, solutions = 2)
  52721 12996        0.4341    14        0.4499        0.3543  1058405   21.25%
  53340 13254        0.3893    27        0.4499        0.3547  1070760   21.15%
  53969 13481        0.3964    13        0.4499        0.3552  1082616   21.05%
  54619 13703        0.4201    14        0.4499        0.3556  1098850   20.95%
* 55209+13928                            0.4499        0.3561  1111057   20.85%
  55221 13934        0.4343    10        0.4499        0.3562  1111184   20.83%
* 55256+13949                            0.4499        0.3562  1111661   20.83%
  55771 14101        0.4461    19        0.4499        0.3566  1122658   20.74%
  56256 14251        0.3669    13        0.4499        0.3569  1133727   20.68%
  56433 14304        0.4062    23        0.4499        0.3569  1137733   20.66%
  56932 14483        0.3948    12        0.4499        0.3574  1152220   20.55%
  57479 14679        0.3590    34        0.4499        0.3577  1163681   20.48%
Elapsed time = 577.20 sec. (388027.66 ticks, tree = 214.96 MB, solutions = 2)
  57990 14891        0.3687    17        0.4499        0.3581  1173495   20.40%
  58108 14953        cutoff              0.4499        0.3582  1175686   20.37%
  58611 15139        0.4476    14        0.4499        0.3585  1187110   20.31%
  59116 15333        0.4162    23        0.4499        0.3589  1199123   20.23%

Cover cuts applied:  2
Flow cuts applied:  6
Mixed integer rounding cuts applied:  103
Zero-half cuts applied:  1
Lift and project cuts applied:  14
Gomory fractional cuts applied:  6

Root node processing (before b&c):
  Real time             =   20.39 sec. (13261.73 ticks)
Parallel b&c, 4 threads:
  Real time             =  579.64 sec. (390515.29 ticks)
  Sync time (average)   =   48.67 sec.
  Wait time (average)   =    0.00 sec.
                          ------------
Total (root+branch&cut) =  600.03 sec. (403777.02 ticks)

Solution pool: 2 solutions saved.

MIP - Time limit exceeded, integer feasible:  Objective =  4.4987559321e-01
Current MIP best bound =  3.5892573472e-01 (gap = 0.0909499, 20.22%)
Solution time =  600.03 sec.  Iterations = 1199920  Nodes = 59152 (15352)
Deterministic time = 403777.03 ticks  (672.93 ticks/sec)


Incumbent solution written to file 'instancias/formato_lp/grid/g_7x29_a_oplminimos.dat.sol'.
