
Log started (V12.6.0.0) Thu Feb 20 19:40:30 2014


Problem 'instancias/formato_lp/grid/g_8x25_b_oplminimos.dat.lp' read.
Read time = 0.38 sec. (9.65 ticks)
Tried aggregator 2 times.
MIP Presolve eliminated 20 rows and 11 columns.
MIP Presolve modified 695633 coefficients.
Aggregator did 3 substitutions.
Reduced MIP has 3119 rows, 2798 columns, and 700672 nonzeros.
Reduced MIP has 1671 binaries, 0 generals, 0 SOSs, and 0 indicators.
Presolve time = 2.21 sec. (4847.51 ticks)
Probing fixed 1 vars, tightened 0 bounds.
Probing time = 0.20 sec. (153.40 ticks)
Cover probing fixed 0 vars, tightened 3 bounds.
Tried aggregator 2 times.
MIP Presolve eliminated 2 rows and 1 columns.
MIP Presolve modified 2073 coefficients.
Aggregator did 1 substitutions.
Reduced MIP has 3116 rows, 2796 columns, and 699934 nonzeros.
Reduced MIP has 1670 binaries, 1 generals, 0 SOSs, and 0 indicators.
Presolve time = 0.65 sec. (299.27 ticks)
Probing time = 1.67 sec. (57.24 ticks)
Clique table members: 398.
MIP emphasis: balance optimality and feasibility.
MIP search method: dynamic search.
Parallel mode: deterministic, using up to 4 threads.
Root relaxation solution time = 1.40 sec. (448.82 ticks)

        Nodes                                         Cuts/
   Node  Left     Objective  IInf  Best Integer    Best Bound    ItCnt     Gap

      0     0        0.2456    80                      0.2456     2467         
      0     0        0.2581    80                    Cuts: 74     2564         
      0     0        0.2633    78                    Cuts: 28     2618         
*     0+    0                            0.4949        0.2633     2618   46.80%
      0     0        0.2633    78        0.4949      Cuts: 21     2640   41.69%
      0     0        0.2633    78        0.4949    MIRcuts: 6     2645   41.69%
*     0+    0                            0.4077        0.2886     2645   29.22%
      0     2        0.2633    78        0.4077        0.2886     2645   29.22%
Elapsed time = 11.31 sec. (8961.99 ticks, tree = 0.01 MB, solutions = 2)
     12    14        0.3905    17        0.4077        0.2929     3528   28.15%
     54    47        0.3799    10        0.4077        0.2943     5056   27.82%
    112    81        0.3905    36        0.4077        0.2943     7186   27.82%
    195   125        0.2989    23        0.4077        0.2943     9062   27.82%
    283   164        0.3630     4        0.4077        0.2943    10444   27.82%
    323   176        0.3038    13        0.4077        0.2943    11308   27.82%
    333   184        0.2977    38        0.4077        0.2943    11625   27.81%
    434   250        0.2982    22        0.4077        0.2943    14394   27.81%
    555   317        0.3167    31        0.4077        0.2943    15976   27.81%
   1217   722        0.3143    17        0.4077        0.2944    23937   27.79%
Elapsed time = 17.48 sec. (12506.77 ticks, tree = 4.40 MB, solutions = 2)
   1774  1061        0.3185    25        0.4077        0.2963    31230   27.32%
   2359  1365        0.3453    15        0.4077        0.3033    39821   25.60%
   2984  1706        0.3318    12        0.4077        0.3058    49545   25.01%
   3629  2159        cutoff              0.4077        0.3064    58398   24.85%
   3675  2177        0.2633    77        0.4077        0.3064    61024   24.85%
   3683  2178        0.3256    50        0.4077        0.3064    61657   24.85%
   3766  1915        0.3905    36        0.4077        0.3064    64383   24.85%
   3901  1581        0.3175    12        0.4077        0.3064    68417   24.85%
   4217  1528        0.3171    18        0.4077        0.3064    71798   24.85%
   4737  1509        0.3091    13        0.4077        0.3064    77906   24.85%
Elapsed time = 43.42 sec. (32060.20 ticks, tree = 3.87 MB, solutions = 2)
   5201  1518        0.3063    23        0.4077        0.3064    85546   24.85%
   5334  1550        0.3063    10        0.4077        0.3064    87448   24.85%
   5820  1582        0.3892    30        0.4077        0.3073    95736   24.62%
   6047  1565        0.3375    22        0.4077        0.3080    99572   24.47%
   6055  1557        0.3679    10        0.4077        0.3080    99825   24.47%
   6509  1658        0.3311    22        0.4077        0.3096   107338   24.06%
   6879  1826        cutoff              0.4077        0.3114   113725   23.63%
   7215  1951        0.3547    14        0.4077        0.3132   120361   23.19%
   7765  2246        0.3357    13        0.4077        0.3150   129795   22.75%
   8341  2508        0.3594    25        0.4077        0.3165   140223   22.38%
Elapsed time = 60.44 sec. (43386.85 ticks, tree = 3.48 MB, solutions = 2)
   8410  2534        0.3231    14        0.4077        0.3171   141682   22.24%
   9030  2784        0.4023    26        0.4077        0.3193   152995   21.68%
   9575  3001        0.3818    11        0.4077        0.3213   162306   21.19%
   9708  3055        0.4013    12        0.4077        0.3220   164580   21.03%
  10213  3202        0.3719     8        0.4077        0.3238   174138   20.59%
  10214  3203        0.3455    38        0.4077        0.3238   174142   20.59%
  10591  3328        cutoff              0.4077        0.3248   181223   20.34%
  11055  3530        0.3797    19        0.4077        0.3260   188873   20.03%
  11521  3686        0.3912    11        0.4077        0.3275   197294   19.68%
  11665  3692        0.3299    21        0.4077        0.3275   199957   19.68%
Elapsed time = 76.53 sec. (56223.97 ticks, tree = 5.03 MB, solutions = 2)
  12083  3852        0.3920    19        0.4077        0.3288   206080   19.37%
  12262  3916        0.3308    16        0.4077        0.3295   209425   19.18%
  12488  3975        0.3912    15        0.4077        0.3295   213659   19.18%
  12867  4099        0.3339    25        0.4077        0.3305   220817   18.95%
  13248  4227        0.3498    25        0.4077        0.3312   227627   18.76%
  13749  4432        0.3990     8        0.4077        0.3329   235157   18.35%
  13751  4432        0.3547    12        0.4077        0.3329   235226   18.35%
  14273  4610        0.3346    12        0.4077        0.3336   243777   18.17%
  14813  4721        cutoff              0.4077        0.3345   252807   17.96%
  14940  4756        0.3571    15        0.4077        0.3351   254525   17.81%
Elapsed time = 94.36 sec. (69336.34 ticks, tree = 6.63 MB, solutions = 2)
  15465  4972        0.3705    23        0.4077        0.3357   262527   17.67%
  15976  5104        cutoff              0.4077        0.3362   271125   17.53%
  16249  5165        0.4036    25        0.4077        0.3370   276132   17.34%
  16754  5273        0.3953    10        0.4077        0.3378   284636   17.15%
  17263  5392        0.3423    21        0.4077        0.3385   293147   16.97%
  17472  5443        0.3937    27        0.4077        0.3395   296315   16.72%
  17997  5594        0.3560    18        0.4077        0.3403   306009   16.55%
  18585  5773        cutoff              0.4077        0.3410   315756   16.38%
  19054  5894        0.3484    19        0.4077        0.3417   323197   16.19%
  19190  5922        0.4024    15        0.4077        0.3426   325290   15.97%
Elapsed time = 113.79 sec. (81995.95 ticks, tree = 8.51 MB, solutions = 2)
  19634  6009        0.3609    23        0.4077        0.3434   333494   15.78%
  19941  6048        0.3939    21        0.4077        0.3440   338383   15.63%
  20455  6145        cutoff              0.4077        0.3446   346570   15.49%
  20870  6209        0.3953    27        0.4077        0.3452   353851   15.34%
  21345  6303        cutoff              0.4077        0.3455   361121   15.27%
  21466  6336        0.3613    12        0.4077        0.3464   363045   15.03%
  21974  6438        0.3799    17        0.4077        0.3472   371868   14.83%
  22112  6455        0.3728    12        0.4077        0.3472   374406   14.83%
  22617  6554        0.3632    11        0.4077        0.3486   381658   14.51%
  22726  6573        0.3503    25        0.4077        0.3486   383601   14.51%
Elapsed time = 132.27 sec. (95033.88 ticks, tree = 9.76 MB, solutions = 2)
  23152  6663        0.3762    19        0.4077        0.3491   391168   14.38%
  23374  6689        0.4004    25        0.4077        0.3495   395056   14.27%
  23996  6783        0.3508    13        0.4077        0.3504   404801   14.05%
  24299  6797        0.3677    10        0.4077        0.3512   409798   13.87%
  24561  6864        0.3650     9        0.4077        0.3512   413891   13.87%
  25097  6912        0.4048    42        0.4077        0.3516   421887   13.77%
  25155  6912        0.3666    17        0.4077        0.3524   422953   13.57%
  25163  6906        0.3672    16        0.4077        0.3524   423164   13.57%
  25771  7081        0.3928    16        0.4077        0.3528   431428   13.47%
  26218  7080        0.3704    10        0.4077        0.3537   438569   13.25%
Elapsed time = 148.83 sec. (106084.05 ticks, tree = 10.54 MB, solutions = 2)
  26765  7126        0.3549    12        0.4077        0.3540   446901   13.17%
  26827  7125        0.3672    31        0.4077        0.3548   447688   12.98%
  27284  7166    infeasible              0.4077        0.3554   454548   12.84%
  27552  7174    infeasible              0.4077        0.3559   458377   12.71%
  27556  7178        0.2633    77        0.4077        0.3559   460456   12.71%
  27560  7181        0.3307    36        0.4077        0.3559   461208   12.71%
  27566  7184        0.3024    46        0.4077        0.3559   461600   12.71%
  27571  7188        0.3361    42        0.4077        0.3559   462024   12.71%
  27575  7188        0.3446    34        0.4077        0.3559   462667   12.71%
  27582  6809        0.3812    32        0.4077        0.3559   463210   12.71%
Elapsed time = 182.45 sec. (136174.05 ticks, tree = 11.22 MB, solutions = 2)
  27593  5787        0.3478    22        0.4077        0.3559   464155   12.71%
  27601  5785        0.3844    56        0.4077        0.3559   464630   12.71%
  27614  5578        0.3343    41        0.4077        0.3559   465347   12.71%
  27624  5395        0.3406    57        0.4077        0.3559   465736   12.71%
  27637  5393        0.3532    36        0.4077        0.3559   466172   12.71%
  27652  5105        0.3631    37        0.4077        0.3559   466932   12.71%
  27668  5106        0.3797    55        0.4077        0.3559   467826   12.71%
  27686  4996        0.3770    41        0.4077        0.3559   469211   12.71%
  27701  4812        0.3979    64        0.4077        0.3559   470191   12.71%
  27787  4386        0.3418    42        0.4077        0.3559   473964   12.71%
Elapsed time = 203.99 sec. (150442.55 ticks, tree = 7.20 MB, solutions = 2)
  27932  3808        0.3569    48        0.4077        0.3559   479786   12.71%
  28105  3445        0.3761    37        0.4077        0.3559   487775   12.71%
  28310  3168        0.4018    44        0.4077        0.3559   496339   12.71%
  28556  2872        0.3697    35        0.4077        0.3559   507179   12.71%
  28682  2690        0.3899    46        0.4077        0.3559   512817   12.71%
  28858  2518        0.4046    45        0.4077        0.3559   522316   12.71%
  28991  2456        0.3729    37        0.4077        0.3559   526996   12.71%
  29138  2348        0.3496    45        0.4077        0.3559   533629   12.71%
  29340  2218        0.3729    49        0.4077        0.3559   542180   12.71%
  29489  2121        0.3741    51        0.4077        0.3559   549215   12.71%
Elapsed time = 262.97 sec. (189571.98 ticks, tree = 3.22 MB, solutions = 2)
  29615  2048        0.3770    57        0.4077        0.3559   554621   12.71%
  29770  1954        0.3706    42        0.4077        0.3559   560581   12.71%
  29877  1888        0.3879    54        0.4077        0.3559   565273   12.71%
  30005  1803        0.3744    58        0.4077        0.3559   571045   12.71%
  30138  1712        0.3905    61        0.4077        0.3575   577370   12.31%
  30210  1669        0.4024    35        0.4077        0.3575   579966   12.31%
  30312  1598        0.3822    48        0.4077        0.3595   584261   11.83%
  30430  1526        0.3837    40        0.4077        0.3610   588691   11.46%
  30545  1485        0.3934    40        0.4077        0.3624   592784   11.11%
  30655  1411        0.3989    47        0.4077        0.3632   596887   10.93%
Elapsed time = 319.62 sec. (229658.28 ticks, tree = 1.93 MB, solutions = 2)
  30760  1301        0.3796    40        0.4077        0.3644   602003   10.61%
  30878  1227        0.4010    49        0.4077        0.3660   605956   10.24%
  31005  1110        0.3904    70        0.4077        0.3675   610545    9.87%
  31120  1028        0.3703    40        0.4077        0.3694   614497    9.40%
  31253   906        0.3838    51        0.4077        0.3713   619406    8.93%
  31403   801        0.3986    58        0.4077        0.3736   624597    8.37%
  31542   769        cutoff              0.4077        0.3756   629457    7.87%
  31671   756        0.3883    36        0.4077        0.3767   632675    7.60%
  31834   703        0.3943    40        0.4077        0.3786   638247    7.15%
  32012   612        0.3910    37        0.4077        0.3804   643116    6.71%
Elapsed time = 376.59 sec. (268978.00 ticks, tree = 0.52 MB, solutions = 2)
  32226   497        0.3941    42        0.4077        0.3843   648840    5.74%
  32386   441        0.3903    46        0.4077        0.3866   652659    5.17%
  32647   295        0.3958    30        0.4077        0.3897   657360    4.42%
  32919    97        0.4026    49        0.4077        0.3970   661141    2.64%

Cover cuts applied:  1
Flow cuts applied:  3
Mixed integer rounding cuts applied:  67
Lift and project cuts applied:  2
Gomory fractional cuts applied:  3

Root node processing (before b&c):
  Real time             =   11.27 sec. (8924.26 ticks)
Parallel b&c, 4 threads:
  Real time             =  389.09 sec. (276034.36 ticks)
  Sync time (average)   =   38.24 sec.
  Wait time (average)   =    0.00 sec.
                          ------------
Total (root+branch&cut) =  400.36 sec. (284958.62 ticks)

Solution pool: 2 solutions saved.

MIP - Integer optimal solution:  Objective =  4.0772078265e-01
Solution time =  400.36 sec.  Iterations = 661823  Nodes = 33022
Deterministic time = 284958.63 ticks  (711.76 ticks/sec)


Incumbent solution written to file 'instancias/formato_lp/grid/g_8x25_b_oplminimos.dat.sol'.
