
Log started (V12.6.0.0) Thu Feb 20 19:40:04 2014


Problem 'instancias/formato_lp/grid/g_8x25_a_oplminimos.dat.lp' read.
Read time = 0.56 sec. (12.39 ticks)
Tried aggregator 2 times.
MIP Presolve eliminated 16 rows and 11 columns.
MIP Presolve modified 900179 coefficients.
Aggregator did 3 substitutions.
Reduced MIP has 3123 rows, 3076 columns, and 903909 nonzeros.
Reduced MIP has 1949 binaries, 0 generals, 0 SOSs, and 0 indicators.
Presolve time = 2.99 sec. (6298.26 ticks)
Probing time = 0.07 sec. (60.48 ticks)
Cover probing fixed 0 vars, tightened 3 bounds.
Tried aggregator 2 times.
MIP Presolve eliminated 2 rows and 0 columns.
MIP Presolve modified 610 coefficients.
Aggregator did 1 substitutions.
Reduced MIP has 3120 rows, 3075 columns, and 903902 nonzeros.
Reduced MIP has 1949 binaries, 1 generals, 0 SOSs, and 0 indicators.
Presolve time = 0.70 sec. (374.74 ticks)
Probing time = 1.85 sec. (60.25 ticks)
Clique table members: 410.
MIP emphasis: balance optimality and feasibility.
MIP search method: dynamic search.
Parallel mode: deterministic, using up to 4 threads.
Root relaxation solution time = 1.67 sec. (371.90 ticks)

        Nodes                                         Cuts/
   Node  Left     Objective  IInf  Best Integer    Best Bound    ItCnt     Gap

      0     0        0.1831    36                      0.1831     2341         
      0     0        0.1973    65                    Cuts: 35     2439         
*     0+    0                            0.2731        0.1973     2540   27.74%
      0     0        0.2003    20        0.2731      Cuts: 45     2540   24.95%
*     0+    0                            0.2688        0.2050     2614   23.75%
      0     0        0.2041    69        0.2688       Cuts: 6     2614   23.75%
      0     0        0.2052    69        0.2688      Cuts: 16     2637   21.41%
      0     0        0.2052    69        0.2688    MIRcuts: 5     2642   21.41%
      0     2        0.2052    69        0.2688        0.2215     2642   17.58%
Elapsed time = 14.64 sec. (11507.19 ticks, tree = 0.01 MB, solutions = 2)
      7     8        0.2207    27        0.2688        0.2215     2983   17.58%
     37    23        0.2396    12        0.2688        0.2215     3674   17.58%
    117    58        0.2344    29        0.2688        0.2215     5139   17.58%
    237   111        0.2451     4        0.2688        0.2215     7086   17.58%
    278   108        0.2620    26        0.2688        0.2215     7590   17.58%
    429   140        0.2520    30        0.2688        0.2377     9203   11.56%
    677   305    infeasible              0.2688        0.2393     9969   10.96%
    770   269        0.2591    20        0.2688        0.2397    10306   10.83%
    876   234    infeasible              0.2688        0.2408    10754   10.40%
   1605   279        0.2647     5        0.2688        0.2447    13635    8.96%
Elapsed time = 21.66 sec. (15083.78 ticks, tree = 0.26 MB, solutions = 2)
   2173   120        cutoff              0.2688        0.2534    17556    5.74%

Implied bound cuts applied:  3
Flow cuts applied:  6
Mixed integer rounding cuts applied:  42
Gomory fractional cuts applied:  4

Root node processing (before b&c):
  Real time             =   14.58 sec. (11472.11 ticks)
Parallel b&c, 4 threads:
  Real time             =   10.72 sec. (5331.68 ticks)
  Sync time (average)   =    1.46 sec.
  Wait time (average)   =    0.00 sec.
                          ------------
Total (root+branch&cut) =   25.30 sec. (16803.79 ticks)

Solution pool: 2 solutions saved.

MIP - Integer optimal solution:  Objective =  2.6878612717e-01
Solution time =   25.30 sec.  Iterations = 20216  Nodes = 3300
Deterministic time = 16803.80 ticks  (664.09 ticks/sec)


Incumbent solution written to file 'instancias/formato_lp/grid/g_8x25_a_oplminimos.dat.sol'.
