
Log started (V12.6.0.0) Thu Feb 20 19:47:11 2014


Problem 'instancias/formato_lp/grid/g_8x80_a_oplminimos.dat.lp' read.
Read time = 4.40 sec. (105.11 ticks)
Presolve has eliminated 16 rows and 10 columns...
Presolve has improved bounds 8367 times...
Tried aggregator 2 times.
MIP Presolve eliminated 18 rows and 12 columns.
MIP Presolve modified 7778126 coefficients.
Aggregator did 3 substitutions.
Reduced MIP has 10161 rows, 9292 columns, and 7797617 nonzeros.
Reduced MIP has 5636 binaries, 0 generals, 0 SOSs, and 0 indicators.
Presolve time = 49.95 sec. (163415.10 ticks)
Probing time = 0.34 sec. (283.45 ticks)
Cover probing fixed 0 vars, tightened 3 bounds.
Tried aggregator 1 time.
MIP Presolve modified 1980 coefficients.
Reduced MIP has 10161 rows, 9292 columns, and 7797617 nonzeros.
Reduced MIP has 5636 binaries, 1 generals, 0 SOSs, and 0 indicators.
Presolve time = 4.21 sec. (2106.33 ticks)
Probing time = 36.91 sec. (282.41 ticks)
Clique table members: 1189.
MIP emphasis: balance optimality and feasibility.
MIP search method: dynamic search.
Parallel mode: deterministic, using up to 4 threads.
Root relaxation solution time = 27.61 sec. (6040.06 ticks)

        Nodes                                         Cuts/
   Node  Left     Objective  IInf  Best Integer    Best Bound    ItCnt     Gap

      0     0        0.2668   267                      0.2668    13350         
*     0+    0                            0.7104        0.2668    13350   62.45%
*     0+    0                            0.6695        0.2668    13679   60.15%
      0     0        0.2777   256        0.6695     Cuts: 206    13679   58.52%
*     0+    0                            0.4778        0.2777    13780   41.87%
      0     0        0.2815   275        0.4778      Cuts: 30    13780   41.08%
      0     0        0.2819   268        0.4778      Cuts: 47    13824   41.00%
*     0+    0                            0.4689        0.2819    13824   39.88%
      0     0        0.2824   275        0.4689      Cuts: 30    13841   39.77%
      0     0        0.2836   249        0.4689      Cuts: 27    13877   39.51%
      0     0        0.2839   253        0.4689      Cuts: 36    13924   39.44%
      0     0        0.2839   250        0.4689      Cuts: 40    14005   39.44%
      0     0        0.2839   250        0.4689      Cuts: 33    14012   39.44%
      0     2        0.2839   250        0.4689        0.2839    14012   39.44%
Elapsed time = 237.52 sec. (245832.79 ticks, tree = 0.01 MB, solutions = 4)
      4     6        0.2908   230        0.4689        0.2854    14302   39.12%
      9    11        0.2900   213        0.4689        0.2865    15195   38.90%
     12    14        0.3037   266        0.4689        0.2865    16071   38.90%
     13    15        0.2921   230        0.4689        0.2865    16742   38.90%
     31    33        0.3154   185        0.4689        0.2865    19408   38.90%
     43    45        0.3158   140        0.4689        0.2865    21093   38.90%
     55    57        0.3519   133        0.4689        0.2865    21916   38.90%
     70    72        0.3261   145        0.4689        0.2865    22654   38.90%
     72    74        0.3293   144        0.4689        0.2865    22763   38.90%
    109   111        0.3368    82        0.4689        0.2865    25311   38.90%
Elapsed time = 255.81 sec. (250182.51 ticks, tree = 2.66 MB, solutions = 4)
    149   151        0.3450    65        0.4689        0.2865    27860   38.90%
    169   171        0.3745    49        0.4689        0.2865    31817   38.90%
    193   195        0.3610    40        0.4689        0.2865    34590   38.90%
    227   229        0.3881    74        0.4689        0.2865    38826   38.90%
    265   267        0.3451    33        0.4689        0.2865    40900   38.90%
    310   312        0.3905    64        0.4689        0.2865    42261   38.90%
    312   314        0.3863    64        0.4689        0.2865    42298   38.90%
    317   319        0.4025    64        0.4689        0.2865    42447   38.90%
    391   391        0.3828    30        0.4689        0.2865    44199   38.90%
    443   435        0.3451    35        0.4689        0.2865    45367   38.90%
Elapsed time = 294.82 sec. (262318.71 ticks, tree = 28.02 MB, solutions = 4)
    528   505        0.3452    49        0.4689        0.2865    47895   38.90%
    568   540        0.3453    42        0.4689        0.2865    49257   38.90%
    644   611        0.3454    48        0.4689        0.2865    52164   38.90%
    730   672        0.3455    52        0.4689        0.2865    55326   38.90%
    751   689        0.2926   155        0.4689        0.2865    58415   38.90%
    752   690        0.3713    24        0.4689        0.2865    58423   38.90%
    832   763        0.3713    25        0.4689        0.2873    63472   38.73%
    919   814        0.3001   170        0.4689        0.2873    66586   38.73%
    987   874        0.3331    37        0.4689        0.2873    68601   38.73%
   1087   945        0.3618    33        0.4689        0.2873    71993   38.73%
Elapsed time = 330.31 sec. (273267.02 ticks, tree = 84.14 MB, solutions = 4)
   1169  1026        0.3361    38        0.4689        0.2873    75352   38.73%
   1213  1070        0.3494    27        0.4689        0.2873    76666   38.73%
   1338  1191        0.3332    47        0.4689        0.2873    81318   38.73%
   1378  1227        0.3332    39        0.4689        0.2873    82762   38.73%
   1500  1332        0.3332    32        0.4689        0.2873    86555   38.73%
   1536  1363        0.3651    31        0.4689        0.2873    88639   38.73%
   1619  1434        0.3333    45        0.4689        0.2873    91791   38.73%
   1663  1472        0.3334    45        0.4689        0.2873    93040   38.73%
   1784  1583        0.3335    47        0.4689        0.2873   100524   38.73%
   1790  1589        0.3303    23        0.4689        0.2873   100583   38.73%
Elapsed time = 366.40 sec. (286425.05 ticks, tree = 159.12 MB, solutions = 4)
   1888  1673        0.3337    45        0.4689        0.2873   105960   38.73%
   1944  1723        0.3338    57        0.4689        0.2873   108585   38.73%
*  1978+ 1751                            0.4679        0.2873   110211   38.60%
   2043  1805        0.3340    62        0.4679        0.2916   111981   37.67%
*  2088+ 1844                            0.4650        0.2916   114304   37.28%
   2096  1854        0.3459   199        0.4650        0.2916   114532   37.28%
   2271  1979        0.3816    24        0.4650        0.2923   118979   37.12%
   2272  1980        0.3705   176        0.4650        0.2923   119285   37.12%
   2427  2100        0.2871   249        0.4650        0.2923   136757   37.12%
   2428  2101        0.2877   235        0.4650        0.2923   136774   37.12%
   2429  2101        0.2905   217        0.4650        0.2923   137009   37.12%
   2430  2102        0.2883   226        0.4650        0.2923   137151   37.12%
Elapsed time = 527.03 sec. (541652.55 ticks, tree = 221.76 MB, solutions = 6)
   2431  2102        0.2907   192        0.4650        0.2923   137268   37.12%
   2432  2103        0.2975   231        0.4650        0.2923   137329   37.12%
   2434  2104        0.2923   234        0.4650        0.2923   137655   37.12%
   2435  2105        0.2919   192        0.4650        0.2923   137716   37.12%
   2438  2105        0.2969   216        0.4650        0.2923   137918   37.12%
   2439  2106        0.2923   176        0.4650        0.2923   137964   37.12%
   2443  2109        0.3040   137        0.4650        0.2923   138470   37.12%
   2452  2113        0.3104   139        0.4650        0.2923   140143   37.12%
   2470  2121        0.3290    70        0.4650        0.2923   142771   37.12%
   2490  2134        0.3328   135        0.4650        0.2923   144969   37.12%
Elapsed time = 548.76 sec. (554438.00 ticks, tree = 219.45 MB, solutions = 6)
   2497  2140        0.3227   133        0.4650        0.2923   146483   37.12%
   2531  2161        0.3660   136        0.4650        0.2923   149961   37.12%
   2557  2177        0.3670    77        0.4650        0.2923   153139   37.12%
   2589  2196        0.3768    24        0.4650        0.2923   157481   37.12%
   2618  2215        0.3929    30        0.4650        0.2923   159450   37.12%
   2663  2213        0.4384    32        0.4650        0.2923   162403   37.12%
   2686  2215        0.2979   183        0.4650        0.2923   164071   37.12%
   2706  2210        0.2929   222        0.4650        0.2923   165021   37.12%
   2736  2196        0.3095   151        0.4650        0.2933   166895   36.92%
   2786  2205        0.3402   152        0.4650        0.2933   170064   36.92%
Elapsed time = 573.55 sec. (565326.23 ticks, tree = 220.86 MB, solutions = 6)
   2839  2227        0.4184    58        0.4650        0.2933   174590   36.92%
   2872  2224        0.2974   249        0.4650        0.2933   176534   36.92%
   2917  2220        0.4367   122        0.4650        0.2933   178900   36.92%
   2974  2205        0.3428   116        0.4650        0.2933   181823   36.92%
   3026  2213        0.4553    34        0.4650        0.2933   185818   36.92%
   3069  2212        0.3399    29        0.4650        0.2933   189572   36.92%
   3119  2219        0.3026   229        0.4650        0.2967   192765   36.19%
   3202  2258        0.3258    57        0.4650        0.2967   197599   36.19%
   3234  2262        0.3033   251        0.4650        0.2967   198894   36.19%
*  3265+ 1748                            0.4647        0.2967   200392   36.15%
   3265  1750        0.3486    62        0.4647        0.2967   200392   36.15%
Elapsed time = 597.98 sec. (575873.04 ticks, tree = 149.32 MB, solutions = 7)

Clique cuts applied:  6
Implied bound cuts applied:  2
Flow cuts applied:  28
Mixed integer rounding cuts applied:  214
Lift and project cuts applied:  6
Gomory fractional cuts applied:  15

Root node processing (before b&c):
  Real time             =  236.82 sec. (245218.95 ticks)
Parallel b&c, 4 threads:
  Real time             =  363.27 sec. (331423.16 ticks)
  Sync time (average)   =   50.96 sec.
  Wait time (average)   =    0.00 sec.
                          ------------
Total (root+branch&cut) =  600.08 sec. (576642.10 ticks)

Solution pool: 7 solutions saved.

MIP - Time limit exceeded, integer feasible:  Objective =  4.6469855949e-01
Current MIP best bound =  2.9774381477e-01 (gap = 0.166955, 35.93%)
Solution time =  600.08 sec.  Iterations = 204274  Nodes = 3337 (1780)
Deterministic time = 576642.13 ticks  (960.94 ticks/sec)


Incumbent solution written to file 'instancias/formato_lp/grid/g_8x80_a_oplminimos.dat.sol'.
