
Log started (V12.6.0.0) Thu Feb 20 19:57:15 2014


Problem 'instancias/formato_lp/grid/g_8x80_b_oplminimos.dat.lp' read.
Read time = 9.65 sec. (104.76 ticks)
Presolve has eliminated 12 rows and 9 columns...
Presolve has improved bounds 6175 times...
Tried aggregator 2 times.
MIP Presolve eliminated 16 rows and 11 columns.
MIP Presolve modified 7751797 coefficients.
Aggregator did 3 substitutions.
Reduced MIP has 10163 rows, 9282 columns, and 7768200 nonzeros.
Reduced MIP has 5625 binaries, 0 generals, 0 SOSs, and 0 indicators.
Presolve time = 52.30 sec. (163818.94 ticks)
Probing time = 0.34 sec. (281.97 ticks)
Cover probing fixed 0 vars, tightened 3 bounds.
Tried aggregator 1 time.
MIP Presolve eliminated 4 rows and 0 columns.
MIP Presolve modified 1983 coefficients.
Reduced MIP has 10159 rows, 9282 columns, and 7768188 nonzeros.
Reduced MIP has 5625 binaries, 1 generals, 0 SOSs, and 0 indicators.
Presolve time = 4.32 sec. (2098.35 ticks)
Probing time = 37.58 sec. (281.94 ticks)
Clique table members: 1189.
MIP emphasis: balance optimality and feasibility.
MIP search method: dynamic search.
Parallel mode: deterministic, using up to 4 threads.
Root relaxation solution time = 41.13 sec. (6693.36 ticks)

        Nodes                                         Cuts/
   Node  Left     Objective  IInf  Best Integer    Best Bound    ItCnt     Gap

      0     0        0.3015   268                      0.3015    11867         
*     0+    0                            0.6102        0.3015    11867   50.58%
      0     0        0.3042   291        0.6102     Cuts: 177    12110   49.80%
*     0+    0                            0.5372        0.3063    12244   42.98%
      0     0        0.3063   263        0.5372      Cuts: 34    12244   42.98%
      0     0        0.3063   263        0.5372      Cuts: 15    12277   42.98%
      0     0        0.3063   263        0.5372      Cuts: 19    12285   42.98%
      0     2        0.3063   263        0.5372        0.3063    12285   42.98%
Elapsed time = 232.10 sec. (239810.35 ticks, tree = 0.01 MB, solutions = 2)
      4     6        0.3187   274        0.5372        0.3070    12662   42.86%
     11    13        0.3111   216        0.5372        0.3100    13381   42.29%
     14    16        0.3306   274        0.5372        0.3100    13657   42.29%
     15    17        0.3178   224        0.5372        0.3105    14248   42.21%
     24    26        0.3213   221        0.5372        0.3112    15683   42.08%
     38    40        0.3197   186        0.5372        0.3129    17752   41.75%
     39    41        0.3599   195        0.5372        0.3129    17920   41.75%
     62    64        0.3330   132        0.5372        0.3129    20849   41.75%
     73    75        0.3724   138        0.5372        0.3129    21810   41.75%
    108   109        0.3665   119        0.5372        0.3129    25705   41.75%
Elapsed time = 250.32 sec. (244504.70 ticks, tree = 0.23 MB, solutions = 2)
    153   145        0.3952    43        0.5372        0.3129    30287   41.75%
    179   171        0.3732    50        0.5372        0.3129    33052   41.75%
    204   193        0.3167   186        0.5372        0.3165    35963   41.08%
    244   233        0.3873    67        0.5372        0.3167    41260   41.05%
    282   271        0.3790    49        0.5372        0.3168    45876   41.03%
    323   312        0.4275    29        0.5372        0.3168    50449   41.03%
    370   359        0.4124    44        0.5372        0.3168    56994   41.03%
    403   392        0.3703    33        0.5372        0.3168    61086   41.03%
    433   422        0.4920    35        0.5372        0.3168    63951   41.03%
    449   438        0.4285    34        0.5372        0.3168    67375   41.03%
Elapsed time = 290.79 sec. (257380.58 ticks, tree = 5.55 MB, solutions = 2)
*   520+  507                            0.5350        0.3168    73828   40.78%
    526   515        0.4407    38        0.5350        0.3168    74000   40.78%
    611   597        0.4002    49        0.5350        0.3168    77265   40.78%
    651   636        0.4653    35        0.5350        0.3168    81828   40.78%
    726   707        0.4412    32        0.5350        0.3168    86323   40.78%
    782   763        0.4858    64        0.5350        0.3168    90691   40.78%
    856   827        0.4996    34        0.5350        0.3168    94699   40.78%
    937   901        0.3971    56        0.5350        0.3168    98349   40.78%
    960   920        0.4412    36        0.5350        0.3168   100689   40.78%
*   963+  921                            0.5319        0.3168   100746   40.44%
   1018   975        0.4773    31        0.5319        0.3168   106322   40.44%
   1026   983        0.4087    37        0.5319        0.3168   107790   40.44%
Elapsed time = 325.07 sec. (268416.31 ticks, tree = 61.22 MB, solutions = 4)
   1107  1064        0.4087    32        0.5319        0.3168   116522   40.44%
   1121  1078        0.4513    37        0.5319        0.3168   119728   40.44%
   1196  1153        0.3097   310        0.5319        0.3168   132770   40.44%
   1197  1154        0.3098   247        0.5319        0.3168   132870   40.44%
   1198  1154        0.3195   244        0.5319        0.3168   133231   40.44%
   1199  1155        0.3113   241        0.5319        0.3168   133421   40.44%
   1200  1155        0.3304   221        0.5319        0.3168   133625   40.44%
   1203  1157        0.3305   199        0.5319        0.3168   134079   40.44%
   1205  1158        0.3495   214        0.5319        0.3168   134231   40.44%
   1206  1159        0.3180   180        0.5319        0.3168   134568   40.44%
Elapsed time = 479.61 sec. (525022.55 ticks, tree = 90.04 MB, solutions = 4)
   1210  1162        0.3238   249        0.5319        0.3168   139001   40.44%
   1215  1165        0.3331   212        0.5319        0.3168   139848   40.44%
   1228  1173        0.3829   217        0.5319        0.3168   141313   40.44%
   1247  1183        0.3582   109        0.5319        0.3168   142924   40.44%
   1261  1194        0.3838   102        0.5319        0.3168   144056   40.44%
   1268  1199        0.3628    23        0.5319        0.3168   145501   40.44%
   1288  1209        0.3628    25        0.5319        0.3168   147231   40.44%
   1311  1223        0.3628    53        0.5319        0.3168   150102   40.44%
   1333  1235        0.3725    35        0.5319        0.3168   153924   40.44%
   1347  1241        0.3932    35        0.5319        0.3168   157948   40.44%
Elapsed time = 516.69 sec. (544229.31 ticks, tree = 85.98 MB, solutions = 4)
   1374  1258        0.4587    39        0.5319        0.3168   162495   40.44%
   1393  1269        0.3725    24        0.5319        0.3168   164617   40.44%
   1411  1276        0.4212    31        0.5319        0.3168   165665   40.44%
   1421  1274        0.3725    40        0.5319        0.3168   166134   40.44%
   1435  1282        0.4293    90        0.5319        0.3168   167484   40.44%
   1474  1305        0.4212   106        0.5319        0.3168   168862   40.44%
   1513  1326        0.4704    95        0.5319        0.3168   170686   40.44%
   1545  1347        0.4682    37        0.5319        0.3168   171641   40.44%
   1569  1359        0.4213    71        0.5319        0.3168   172312   40.44%
*  1606+ 1055                            0.5319        0.3168   173833   40.44%
   1606  1057        0.4464    37        0.5319        0.3168   173833   40.44%
Elapsed time = 545.25 sec. (555505.35 ticks, tree = 71.22 MB, solutions = 5)
   1641  1074        0.4729    39        0.5319        0.3168   175701   40.44%
*  1650+  869                            0.5319        0.3168   175898   40.44%
   1657   871        0.5243    41        0.5319        0.3168   176363   40.44%
   1685   871        0.3199   175        0.5319        0.3168   177421   40.44%
   1770   923        0.3715    29        0.5319        0.3200   181343   39.84%
   1809   946        0.4643    90        0.5319        0.3238   183113   39.12%
   1852   967        0.4687    56        0.5319        0.3238   184311   39.12%
   1880   979        0.5277    76        0.5319        0.3238   185064   39.12%
   1941  1011        0.4347    30        0.5319        0.3238   187094   39.12%
   1965  1020        0.4416    97        0.5319        0.3238   187648   39.12%
   2001  1020        0.5278    45        0.5319        0.3238   188601   39.12%
Elapsed time = 576.28 sec. (566265.82 ticks, tree = 79.61 MB, solutions = 5)
   2044  1024        0.5279    82        0.5319        0.3238   188921   39.12%
   2056  1023        0.5279    77        0.5319        0.3238   188982   39.12%
   2068  1023        0.5028    74        0.5319        0.3238   189232   39.12%
   2113  1026        0.3719    55        0.5319        0.3238   190263   39.12%
*  2171+  981                            0.5278        0.3238   191716   38.65%
   2171   983        0.3828    77        0.5278        0.3238   191716   38.65%
   2259   968        0.4271    84        0.5278        0.3238   192889   38.65%
*  2279+  953                            0.5278        0.3238   193620   38.65%
   2329   983        0.4235    38        0.5278        0.3238   195202   38.65%

Clique cuts applied:  4
Implied bound cuts applied:  1
Flow cuts applied:  30
Mixed integer rounding cuts applied:  232
Lift and project cuts applied:  5
Gomory fractional cuts applied:  6

Root node processing (before b&c):
  Real time             =  231.43 sec. (239236.17 ticks)
Parallel b&c, 4 threads:
  Real time             =  368.68 sec. (343119.40 ticks)
  Sync time (average)   =   50.47 sec.
  Wait time (average)   =    0.00 sec.
                          ------------
Total (root+branch&cut) =  600.11 sec. (582355.57 ticks)

Solution pool: 7 solutions saved.

MIP - Time limit exceeded, integer feasible:  Objective =  5.2777539478e-01
Current MIP best bound =  3.2379553408e-01 (gap = 0.20398, 38.65%)
Solution time =  600.11 sec.  Iterations = 195645  Nodes = 2357 (997)
Deterministic time = 582355.59 ticks  (970.41 ticks/sec)


Incumbent solution written to file 'instancias/formato_lp/grid/g_8x80_b_oplminimos.dat.sol'.
