
Log started (V12.6.0.0) Thu Feb 20 20:17:36 2014


Problem 'instancias/formato_lp/grid/g_9x90_b_oplminimos.dat.lp' read.
Read time = 39.33 sec. (141.40 ticks)
Presolve has eliminated 13 rows and 9 columns...
Presolve has improved bounds 9206 times...
Tried aggregator 2 times.
MIP Presolve eliminated 21 rows and 11 columns.
MIP Presolve modified 10473960 coefficients.
Aggregator did 5 substitutions.
Reduced MIP has 12958 rows, 11127 columns, and 10488473 nonzeros.
Reduced MIP has 6474 binaries, 0 generals, 0 SOSs, and 0 indicators.
Presolve time = 86.68 sec. (280507.83 ticks)
Probing time = 0.46 sec. (381.47 ticks)
Cover probing fixed 0 vars, tightened 25 bounds.
Tried aggregator 1 time.
MIP Presolve eliminated 1 rows and 0 columns.
MIP Presolve modified 2411 coefficients.
Reduced MIP has 12957 rows, 11127 columns, and 10488470 nonzeros.
Reduced MIP has 6474 binaries, 1 generals, 0 SOSs, and 0 indicators.
Presolve time = 5.92 sec. (2833.28 ticks)
Probing time = 89.04 sec. (380.95 ticks)
Clique table members: 1520.
MIP emphasis: balance optimality and feasibility.
MIP search method: dynamic search.
Parallel mode: deterministic, using up to 4 threads.
Root relaxation solution time = 70.93 sec. (9710.79 ticks)

        Nodes                                         Cuts/
   Node  Left     Objective  IInf  Best Integer    Best Bound    ItCnt     Gap

      0     0        0.3074   327                      0.3074    14171         
*     0+    0                            0.7110        0.3074    14171   56.77%
*     0+    0                            0.7062        0.3074    14440   56.48%
      0     0        0.3127   323        0.7062     Cuts: 226    14440   55.72%
*     0+    0                            0.6986        0.3127    14440   55.23%
*     0+    0                            0.6021        0.3127    14580   48.06%
      0     0        0.3184   316        0.6021      Cuts: 26    14580   47.12%
      0     0        0.3190   315        0.6021      Cuts: 32    14620   47.01%
*     0+    0                            0.5916        0.3190    14631   46.07%
      0     0        0.3194   315        0.5916       Cuts: 3    14631   46.01%
      0     0        0.3206   309        0.5916       Cuts: 3    14648   45.81%
      0     0        0.3206   309        0.5916       Cuts: 2    14649   45.81%
      0     2        0.3206   309        0.5916        0.3206    14649   45.81%
Elapsed time = 400.78 sec. (396420.89 ticks, tree = 0.01 MB, solutions = 5)
      3     5        0.3319   278        0.5916        0.3223    15039   45.52%
      4     6        0.3251   268        0.5916        0.3223    15196   45.52%
     10    12        0.3305   283        0.5916        0.3235    15571   45.32%
     11    13        0.3279   263        0.5916        0.3235    15623   45.32%
     22    24        0.3335   247        0.5916        0.3235    16163   45.32%
     35    37        0.3348   238        0.5916        0.3235    16747   45.32%
     46    48        0.3682   204        0.5916        0.3235    18023   45.32%
     60    62        0.3445   133        0.5916        0.3235    19690   45.32%
     68    70        0.3584   141        0.5916        0.3235    21826   45.32%
     87    89        0.3604   105        0.5916        0.3235    28072   45.32%
Elapsed time = 422.59 sec. (400851.40 ticks, tree = 0.09 MB, solutions = 5)
    104   106        0.3797   108        0.5916        0.3235    31836   45.32%
    118   120        0.3540    61        0.5916        0.3235    33403   45.32%
    140   142        0.3737    83        0.5916        0.3235    38469   45.32%
    152   154        0.3782    83        0.5916        0.3235    38973   45.32%
    182   184        0.3540    37        0.5916        0.3235    41379   45.32%
    207   209        0.3936    36        0.5916        0.3235    43504   45.32%
*   227+  227                            0.5226        0.3235    44453   38.09%
    229   231        0.3887    95        0.5226        0.3235    44483   38.09%
    272   274        0.3762    43        0.5226        0.3235    46496   38.09%
*   273+  273                            0.5223        0.3235    46515   38.06%
    301   303        0.3541    44        0.5223        0.3235    47920   38.06%
    341   343        0.3766    36        0.5223        0.3235    49426   38.06%
Elapsed time = 471.16 sec. (411981.15 ticks, tree = 15.26 MB, solutions = 10)
    381   383        0.3678    46        0.5223        0.3235    50739   38.06%
    436   438        0.4311    40        0.5223        0.3235    52347   38.06%
    512   512        0.3541    46        0.5223        0.3235    54377   38.06%
    549   548        0.3748    48        0.5223        0.3235    55469   38.06%
    619   616        0.4251    40        0.5223        0.3235    59621   38.06%
    639   636        0.4188    44        0.5223        0.3235    61924   38.06%
    666   663        0.3748    61        0.5223        0.3235    66916   38.06%
    694   689        0.4069    44        0.5223        0.3235    72595   38.06%
    734   729        0.4296    38        0.5223        0.3235    76000   38.06%
    805   782        0.3347   240        0.5223        0.3235    80486   38.06%
Elapsed time = 514.93 sec. (423832.63 ticks, tree = 82.25 MB, solutions = 10)
    837   814        0.3478   157        0.5223        0.3235    84057   38.06%
    854   827        0.3965   156        0.5223        0.3235    86069   38.06%
    878   848        0.3942    61        0.5223        0.3285    89084   37.10%
    945   913        0.3526    49        0.5223        0.3285    92905   37.10%
*   973+  939                            0.5196        0.3285    95281   36.78%
    976   944        0.4643    31        0.5196        0.3285    95393   36.78%
    996   964        0.4814    33        0.5196        0.3285    97694   36.78%
*  1017+  982                            0.5196        0.3285    98711   36.78%
   1017   984        0.3652    29        0.5196        0.3285    98711   36.78%
   1053  1020        0.3640    22        0.5196        0.3285   102497   36.78%
   1129  1092        0.4267    67        0.5196        0.3285   105973   36.78%
   1153  1114        0.4730    37        0.5196        0.3285   109796   36.78%
Elapsed time = 558.08 sec. (436324.43 ticks, tree = 125.70 MB, solutions = 12)

Root node processing (before b&c):
  Real time             =  399.84 sec. (395669.23 ticks)
Parallel b&c, 4 threads:
  Real time             =  233.20 sec. (311326.01 ticks)
  Sync time (average)   =   24.91 sec.
  Wait time (average)   =    0.00 sec.
                          ------------
Total (root+branch&cut) =  633.05 sec. (706995.24 ticks)

Solution pool: 12 solutions saved.

MIP - Time limit exceeded, integer feasible:  Objective =  5.1958260587e-01
Current MIP best bound =  3.2850039898e-01 (gap = 0.191082, 36.78%)
Solution time =  633.05 sec.  Iterations = 112639  Nodes = 1232 (1186)
Deterministic time = 706995.27 ticks  (1116.81 ticks/sec)


Incumbent solution written to file 'instancias/formato_lp/grid/g_9x90_b_oplminimos.dat.sol'.
