
Log started (V12.6.0.0) Thu Feb 20 21:49:29 2014


Problem 'instancias/formato_lp/karasans/K-1000-200-0.9-a-25_oplminimos.dat.lp' read.
Read time = 1.54 sec. (49.37 ticks)
Presolve has eliminated 7677 rows and 18 columns...
Presolve has improved bounds 3879 times...
Tried aggregator 3 times.
MIP Presolve eliminated 15204 rows and 49 columns.
MIP Presolve modified 2944718 coefficients.
Aggregator did 67 substitutions.
Reduced MIP has 83437 rows, 50853 columns, and 3101867 nonzeros.
Reduced MIP has 24539 binaries, 0 generals, 0 SOSs, and 0 indicators.
Presolve time = 136.09 sec. (586278.16 ticks)
Found incumbent of value 37.790323 after 136.98 sec. (586900.01 ticks)
Probing fixed 19 vars, tightened 868 bounds.
Probing time = 3.66 sec. (1936.32 ticks)
Cover probing fixed 0 vars, tightened 21522 bounds.
Presolve has eliminated 23942 rows and 952 columns...
Presolve has improved bounds 15 times...
Tried aggregator 3 times.
MIP Presolve eliminated 24336 rows and 952 columns.
MIP Presolve modified 2486590 coefficients.
Aggregator did 16 substitutions.
Reduced MIP has 59085 rows, 49885 columns, and 2565408 nonzeros.
Reduced MIP has 24520 binaries, 2 generals, 0 SOSs, and 0 indicators.
Presolve time = 112.10 sec. (487136.31 ticks)
Probing time = 0.40 sec. (232.08 ticks)
Clique table members: 1393920.
MIP emphasis: balance optimality and feasibility.
MIP search method: dynamic search.
Parallel mode: deterministic, using up to 4 threads.
Root relaxation solution time = 26.52 sec. (16578.08 ticks)

        Nodes                                         Cuts/
   Node  Left     Objective  IInf  Best Integer    Best Bound    ItCnt     Gap

*     0+    0                           37.7903       -1.0000    10407  102.65%
      0     0        0.3734    93       37.7903        0.3734    10407   99.01%
*     0+    0                            0.8960        0.3734    10407   58.32%
      0     0        0.3830    93        0.8960     Cuts: 374    10642   57.26%
      0     0        0.3830    93        0.8960      Cuts: 11    10654   57.26%

Repeating presolve.
Presolve has eliminated 25108 rows and 24503 columns...
Presolve has improved bounds 10 times...
Tried aggregator 3 times.
MIP Presolve eliminated 25452 rows and 24503 columns.
MIP Presolve modified 1138898 coefficients.
Aggregator did 21 substitutions.
Reduced MIP has 33612 rows, 25361 columns, and 1199479 nonzeros.
Reduced MIP has 12267 binaries, 4 generals, 0 SOSs, and 0 indicators.
Presolve time = 27.27 sec. (112902.67 ticks)
Probing time = 0.13 sec. (108.07 ticks)
Tried aggregator 1 time.
MIP Presolve eliminated 236 rows and 2 columns.
MIP Presolve modified 893 coefficients.
Reduced MIP has 33376 rows, 25359 columns, and 1198833 nonzeros.
Reduced MIP has 12267 binaries, 4 generals, 0 SOSs, and 0 indicators.
Presolve time = 0.51 sec. (505.56 ticks)
Represolve time = 28.45 sec. (113765.72 ticks)
Probing time = 0.13 sec. (108.00 ticks)
Clique table members: 683788.
MIP emphasis: balance optimality and feasibility.
MIP search method: dynamic search.
Parallel mode: deterministic, using up to 4 threads.
Root relaxation solution time = 17.03 sec. (9874.51 ticks)

        Nodes                                         Cuts/
   Node  Left     Objective  IInf  Best Integer    Best Bound    ItCnt     Gap

*     0+    0                            0.8960        0.3830    22411   57.26%
      0     0        0.3830    93        0.8960        0.3830    22411   57.26%
*     0+    0                            0.8661        0.3830    22411   55.78%
      0     0        0.3830    95        0.8661     Cuts: 343    22662   55.78%
*     0+    0                            0.6736        0.3830    22662   43.15%
*     0+    0                            0.6690        0.3830    22662   42.76%
      0     2        0.3830    93        0.6690        0.3830    22662   42.76%
Elapsed time = 419.77 sec. (1369779.48 ticks, tree = 0.01 MB, solutions = 5)
      2     4        0.3975    63        0.6690        0.3830    23272   42.76%
      4     6        0.3911    91        0.6690        0.3838    23650   42.64%
     11    13        0.4101    73        0.6690        0.3930    24656   41.25%
     20    22        0.5209    33        0.6690        0.3930    26844   41.25%
     30    32        0.4156    21        0.6690        0.3930    28927   41.25%
     31    33        0.4787    26        0.6690        0.3930    29495   41.25%
     37    39        0.4013    32        0.6690        0.3930    31144   41.25%
     45    47        0.5570    14        0.6690        0.3930    32233   41.25%
     55    57        0.4114    26        0.6690        0.3930    34512   41.25%
     75    77        0.4851    23        0.6690        0.3930    42933   41.25%
Elapsed time = 430.62 sec. (1374632.25 ticks, tree = 1.38 MB, solutions = 5)
    111   113        0.5473    60        0.6690        0.3930    49232   41.25%
    125   127        0.4067    46        0.6690        0.3930    50609   41.25%
    178   165        0.5443    21        0.6690        0.3941    57260   41.09%
    226   199        0.4249    49        0.6690        0.3941    64058   41.09%
    272   239        0.4374    29        0.6690        0.3941    68737   41.09%
    294   261        0.4141    27        0.6690        0.3941    71002   41.09%
    344   303        0.4406    15        0.6690        0.3941    74921   41.09%
    394   343        0.4916    25        0.6690        0.3969    79980   40.68%
    424   373        0.4502    31        0.6690        0.3969    81882   40.68%
    486   431        0.4845    17        0.6690        0.3969    85399   40.68%
Elapsed time = 467.37 sec. (1386508.28 ticks, tree = 40.66 MB, solutions = 5)
    524   459        0.4428    20        0.6690        0.3969    87496   40.68%
    627   552        0.5462    19        0.6690        0.4039    91254   39.63%
    675   587        0.6127    14        0.6690        0.4039    93564   39.63%
*   708+  612                            0.6507        0.4039    95342   37.93%
    751   645        0.5354    58        0.6507        0.4039    97148   37.93%
    844   726        0.6135    20        0.6507        0.4071   101226   37.43%
    876   754        0.4322    31        0.6507        0.4071   103297   37.43%
    935   798        0.5964    24        0.6507        0.4097   108468   37.04%
    973   836        0.5300    17        0.6507        0.4097   110421   37.04%
   1039   868        cutoff              0.6507        0.4097   114199   37.04%
   1073   879        cutoff              0.6507        0.4097   117476   37.04%
Elapsed time = 502.01 sec. (1396831.36 ticks, tree = 121.46 MB, solutions = 6)
   1202   994        0.4361    19        0.6507        0.4105   120727   36.92%
   1274  1066        0.4412    32        0.6507        0.4105   122252   36.92%
   1419  1195        0.4652    22        0.6507        0.4107   125858   36.88%
   1487  1257        0.5662    33        0.6507        0.4107   129308   36.88%
   1603  1364        0.4963    19        0.6507        0.4107   132966   36.88%
   1647  1397        0.5225    23        0.6507        0.4107   135187   36.88%
   1789  1535        0.4683     8        0.6507        0.4114   139128   36.77%
   1807  1547        0.4575    19        0.6507        0.4114   139753   36.77%
   1836  1569        0.4464    31        0.6507        0.4124   140803   36.63%
   1852  1585        0.4527    21        0.6507        0.4124   141432   36.63%
Elapsed time = 533.16 sec. (1409545.85 ticks, tree = 351.50 MB, solutions = 6)
   1939  1666        cutoff              0.6507        0.4124   144494   36.63%
   1995  1698        0.4380    30        0.6507        0.4124   147942   36.63%
   2038  1726        0.6268     8        0.6507        0.4124   150993   36.63%
*  2091+ 1765                            0.6507        0.4137   153082   36.42%
   2094  1768        0.4540    39        0.6507        0.4137   153187   36.42%
   2254  1891        0.4164    27        0.6507        0.4137   159632   36.42%
   2307  1935        0.5530    26        0.6507        0.4137   162781   36.42%
   2382  2000        cutoff              0.6507        0.4137   165151   36.42%
*  2385+ 2001                            0.6507        0.4137   165251   36.42%
   2427  2039        0.3980    69        0.6507        0.4152   178487   36.19%
   2429  2040        0.4046    58        0.6507        0.4152   178923   36.19%
   2431  2040        0.4012    72        0.6507        0.4152   179669   36.19%
Elapsed time = 599.39 sec. (1463196.21 ticks, tree = 501.66 MB, solutions = 6)

Implied bound cuts applied:  12
Flow cuts applied:  5
Mixed integer rounding cuts applied:  37
Gomory fractional cuts applied:  6

Root node processing (before b&c):
  Real time             =  419.33 sec. (1369226.23 ticks)
Parallel b&c, 4 threads:
  Real time             =  180.68 sec. (94399.68 ticks)
  Sync time (average)   =   16.17 sec.
  Wait time (average)   =    0.00 sec.
                          ------------
Total (root+branch&cut) =  600.01 sec. (1463625.91 ticks)

Solution pool: 6 solutions saved.

MIP - Time limit exceeded, integer feasible:  Objective =  6.5068479643e-01
Current MIP best bound =  4.1521918941e-01 (gap = 0.235466, 36.19%)
Solution time =  600.01 sec.  Iterations = 180498  Nodes = 2432 (2040)
Deterministic time = 1463626.05 ticks  (2439.34 ticks/sec)


Incumbent solution written to file 'instancias/formato_lp/karasans/K-1000-200-0.9-a-25_oplminimos.dat.sol'.
