
Log started (V12.6.0.0) Thu Feb 20 20:50:02 2014


Problem 'instancias/formato_lp/karasans/K-100-200-0.9-a-2_oplminimos.dat.lp' read.
Read time = 0.04 sec. (0.46 ticks)
Tried aggregator 3 times.
MIP Presolve eliminated 89 rows and 19 columns.
MIP Presolve modified 28763 coefficients.
Aggregator did 11 substitutions.
Reduced MIP has 808 rows, 708 columns, and 29404 nonzeros.
Reduced MIP has 331 binaries, 0 generals, 0 SOSs, and 0 indicators.
Presolve time = 0.06 sec. (87.64 ticks)
Found incumbent of value 1.149303 after 0.07 sec. (94.23 ticks)
Probing time = 0.02 sec. (11.53 ticks)
Cover probing fixed 0 vars, tightened 393 bounds.
Tried aggregator 3 times.
MIP Presolve eliminated 208 rows and 104 columns.
MIP Presolve modified 562 coefficients.
Aggregator did 38 substitutions.
Reduced MIP has 562 rows, 566 columns, and 28728 nonzeros.
Reduced MIP has 331 binaries, 1 generals, 0 SOSs, and 0 indicators.
Presolve time = 0.02 sec. (13.34 ticks)
Probing time = 0.01 sec. (9.59 ticks)
Tried aggregator 1 time.
MIP Presolve eliminated 1 rows and 0 columns.
MIP Presolve modified 2 coefficients.
Reduced MIP has 561 rows, 566 columns, and 28725 nonzeros.
Reduced MIP has 331 binaries, 1 generals, 0 SOSs, and 0 indicators.
Presolve time = 0.02 sec. (11.02 ticks)
Probing time = 0.01 sec. (9.54 ticks)
Clique table members: 156.
MIP emphasis: balance optimality and feasibility.
MIP search method: dynamic search.
Parallel mode: deterministic, using up to 4 threads.
Root relaxation solution time = 0.01 sec. (8.94 ticks)

        Nodes                                         Cuts/
   Node  Left     Objective  IInf  Best Integer    Best Bound    ItCnt     Gap

*     0+    0                            1.1493       -1.0000      209  187.01%
*     0     0      integral     0       -0.0000       -0.0000      209    0.00%
Elapsed time = 0.17 sec. (177.52 ticks, tree = 0.00 MB, solutions = 2)

Root node processing (before b&c):
  Real time             =    0.17 sec. (177.55 ticks)
Parallel b&c, 4 threads:
  Real time             =    0.00 sec. (0.00 ticks)
  Sync time (average)   =    0.00 sec.
  Wait time (average)   =    0.00 sec.
                          ------------
Total (root+branch&cut) =    0.17 sec. (177.55 ticks)

Solution pool: 2 solutions saved.

MIP - Integer optimal solution:  Objective = -4.4408920985e-16
Solution time =    0.17 sec.  Iterations = 209  Nodes = 0
Deterministic time = 177.55 ticks  (1031.33 ticks/sec)


Incumbent solution written to file 'instancias/formato_lp/karasans/K-100-200-0.9-a-2_oplminimos.dat.sol'.
