
Log started (V12.6.0.0) Thu Feb 20 20:50:08 2014


Problem 'instancias/formato_lp/karasans/K-100-200-0.9-b-50_oplminimos.dat.lp' read.
Read time = 0.07 sec. (1.34 ticks)
Tried aggregator 3 times.
MIP Presolve eliminated 5213 rows and 201 columns.
MIP Presolve modified 22820 coefficients.
Aggregator did 19 substitutions.
Reduced MIP has 5276 rows, 5188 columns, and 30851 nonzeros.
Reduced MIP has 2602 binaries, 0 generals, 0 SOSs, and 0 indicators.
Presolve time = 0.10 sec. (194.85 ticks)
Found incumbent of value 30.333333 after 0.13 sec. (206.61 ticks)
Probing fixed 0 vars, tightened 2486 bounds.
Probing time = 2.07 sec. (588.64 ticks)
Tried aggregator 1 time.
MIP Presolve modified 2486 coefficients.
Reduced MIP has 5276 rows, 5188 columns, and 30851 nonzeros.
Reduced MIP has 2602 binaries, 1 generals, 0 SOSs, and 0 indicators.
Presolve time = 0.02 sec. (15.60 ticks)
Probing time = 2.12 sec. (787.98 ticks)
Clique table members: 18165.
MIP emphasis: balance optimality and feasibility.
MIP search method: dynamic search.
Parallel mode: deterministic, using up to 4 threads.
Root relaxation solution time = 0.08 sec. (67.58 ticks)

        Nodes                                         Cuts/
   Node  Left     Objective  IInf  Best Integer    Best Bound    ItCnt     Gap

*     0+    0                           30.3333       -1.0000      523  103.30%
*     0     0      integral     0        0.0000        0.0000      523    0.00%
Elapsed time = 4.49 sec. (1713.10 ticks, tree = 0.00 MB, solutions = 2)

Root node processing (before b&c):
  Real time             =    4.49 sec. (1713.32 ticks)
Parallel b&c, 4 threads:
  Real time             =    0.00 sec. (0.00 ticks)
  Sync time (average)   =    0.00 sec.
  Wait time (average)   =    0.00 sec.
                          ------------
Total (root+branch&cut) =    4.49 sec. (1713.32 ticks)

Solution pool: 2 solutions saved.

MIP - Integer optimal solution:  Objective =  0.0000000000e+00
Solution time =    4.49 sec.  Iterations = 523  Nodes = 0
Deterministic time = 1713.33 ticks  (381.21 ticks/sec)


Incumbent solution written to file 'instancias/formato_lp/karasans/K-100-200-0.9-b-50_oplminimos.dat.sol'.
