
Log started (V12.6.0.0) Thu Feb 20 22:17:17 2014


Problem 'instancias/formato_lp/karasans/K-1000-200-0.9-b-5_oplminimos.dat.lp' read.
Read time = 8.13 sec. (207.95 ticks)
Presolve has eliminated 32 rows and 6 columns...
Presolve has improved bounds 3334 times...
Tried aggregator 2 times.
MIP Presolve eliminated 140 rows and 11 columns.
MIP Presolve modified 15409267 coefficients.
Aggregator did 14 substitutions.
Reduced MIP has 20794 rows, 15034 columns, and 15452501 nonzeros.
Reduced MIP has 8069 binaries, 0 generals, 0 SOSs, and 0 indicators.
Presolve time = 173.79 sec. (669119.61 ticks)
Found incumbent of value 9.049641 after 179.89 sec. (672378.29 ticks)
Probing time = 0.67 sec. (559.72 ticks)
Cover probing fixed 0 vars, tightened 846 bounds.
Presolve has eliminated 4933 rows and 997 columns...
Presolve has improved bounds 12 times...
Tried aggregator 2 times.
MIP Presolve eliminated 4941 rows and 997 columns.
MIP Presolve modified 15351417 coefficients.
Aggregator did 3 substitutions.
Reduced MIP has 15850 rows, 14034 columns, and 15382843 nonzeros.
Reduced MIP has 8058 binaries, 1 generals, 0 SOSs, and 0 indicators.
Presolve time = 169.37 sec. (665185.74 ticks)
Probing time = 2.05 sec. (557.20 ticks)
Cover probing fixed 0 vars, tightened 672 bounds.
Clique table members: 13.
MIP emphasis: balance optimality and feasibility.
MIP search method: dynamic search.
Parallel mode: deterministic, using up to 4 threads.
Root relaxation solution time = 105.15 sec. (7139.35 ticks)

        Nodes                                         Cuts/
   Node  Left     Objective  IInf  Best Integer    Best Bound    ItCnt     Gap

*     0+    0                            9.0496       -1.0000     7086  111.05%
      0     0        0.3725   401        9.0496        0.3725     7086   95.88%
*     0+    0                            0.8477        0.3725     7086   56.06%
*     0+    0                            0.8415        0.3725     7286   55.73%
      0     0        0.3896   346        0.8415      Cuts: 60     7286   53.69%
      0     0        0.3932   317        0.8415      Cuts: 13     7352   53.27%
      0     0        0.3932   315        0.8415    MIRcuts: 1     7354   53.27%
*     0+    0                            0.8409        0.3932     7354   53.23%

Implied bound cuts applied:  1
Flow cuts applied:  5
Mixed integer rounding cuts applied:  4
Lift and project cuts applied:  5
Gomory fractional cuts applied:  34

Root node processing (before b&c):
  Real time             =  601.36 sec. (1523192.25 ticks)
Parallel b&c, 4 threads:
  Real time             =    0.00 sec. (0.00 ticks)
  Sync time (average)   =    0.00 sec.
  Wait time (average)   =    0.00 sec.
                          ------------
Total (root+branch&cut) =  601.36 sec. (1523192.25 ticks)

Solution pool: 4 solutions saved.

MIP - Time limit exceeded, integer feasible:  Objective =  8.4086150165e-01
Current MIP best bound =  3.9324512060e-01 (gap = 0.447616, 53.23%)
Solution time =  601.36 sec.  Iterations = 7354  Nodes = 0 (1)
Deterministic time = 1523192.30 ticks  (2532.92 ticks/sec)


Incumbent solution written to file 'instancias/formato_lp/karasans/K-1000-200-0.9-b-5_oplminimos.dat.sol'.
