
Log started (V12.6.0.0) Thu Feb 20 20:50:03 2014


Problem 'instancias/formato_lp/karasans/K-100-200-0.9-a-10_oplminimos.dat.lp' read.
Read time = 0.05 sec. (0.61 ticks)
Tried aggregator 3 times.
MIP Presolve eliminated 1075 rows and 67 columns.
MIP Presolve modified 20318 coefficients.
Aggregator did 43 substitutions.
Reduced MIP has 2670 rows, 1950 columns, and 23882 nonzeros.
Reduced MIP has 935 binaries, 0 generals, 0 SOSs, and 0 indicators.
Presolve time = 0.06 sec. (141.54 ticks)
Found incumbent of value 5.712329 after 0.07 sec. (154.16 ticks)
Probing time = 0.03 sec. (7.32 ticks)
Cover probing fixed 0 vars, tightened 883 bounds.
Tried aggregator 4 times.
MIP Presolve eliminated 725 rows and 90 columns.
MIP Presolve modified 1883 coefficients.
Aggregator did 10 substitutions.
Reduced MIP has 1935 rows, 1850 columns, and 21795 nonzeros.
Reduced MIP has 935 binaries, 2 generals, 0 SOSs, and 0 indicators.
Presolve time = 0.02 sec. (12.99 ticks)
Probing time = 0.02 sec. (6.85 ticks)
Clique table members: 13759.
MIP emphasis: balance optimality and feasibility.
MIP search method: dynamic search.
Parallel mode: deterministic, using up to 4 threads.
Root relaxation solution time = 0.08 sec. (92.20 ticks)

        Nodes                                         Cuts/
   Node  Left     Objective  IInf  Best Integer    Best Bound    ItCnt     Gap

*     0+    0                            5.7123       -1.0000     1218  117.51%
      0     0        0.0052    10        5.7123        0.0052     1218   99.91%
*     0+    0                            0.6375        0.0052     1218   99.18%
*     0+    0                            0.0063        0.0052     1220   16.67%
      0     0        cutoff              0.0063        0.0062     1220    0.00%
Elapsed time = 0.29 sec. (350.15 ticks, tree = 0.00 MB, solutions = 3)

Root node processing (before b&c):
  Real time             =    0.29 sec. (350.25 ticks)
Parallel b&c, 4 threads:
  Real time             =    0.00 sec. (0.00 ticks)
  Sync time (average)   =    0.00 sec.
  Wait time (average)   =    0.00 sec.
                          ------------
Total (root+branch&cut) =    0.29 sec. (350.25 ticks)

Solution pool: 3 solutions saved.

MIP - Integer optimal solution:  Objective =  6.2500000000e-03
Solution time =    0.29 sec.  Iterations = 1220  Nodes = 0
Deterministic time = 350.26 ticks  (1214.13 ticks/sec)


Incumbent solution written to file 'instancias/formato_lp/karasans/K-100-200-0.9-a-10_oplminimos.dat.sol'.
