
Log started (V12.6.0.0) Thu Feb 20 22:56:58 2014


Problem 'instancias/formato_lp/karasans/K-1000-200-0.9-b-100_oplminimos.dat.lp' read.
Read time = 2.05 sec. (74.14 ticks)
Presolve has eliminated 74850 rows and 144 columns...
Presolve has improved bounds 5211 times...
Tried aggregator 2 times.
MIP Presolve eliminated 104008 rows and 279 columns.
MIP Presolve modified 2489348 coefficients.
Aggregator did 246 substitutions.
Reduced MIP has 257554 rows, 181901 columns, and 2920767 nonzeros.
Reduced MIP has 90221 binaries, 0 generals, 0 SOSs, and 0 indicators.
Presolve time = 331.61 sec. (1450621.50 ticks)
Found incumbent of value 82.833333 after 333.22 sec. (1451383.54 ticks)
Probing fixed 7 vars, tightened 592 bounds.
Probing time = 26.81 sec. (8749.63 ticks)
Presolve has eliminated 71568 rows and 795 columns...
Presolve has improved bounds 39 times...
Aggregator has done 41 substitutions...
Tried aggregator 3 times.
MIP Presolve eliminated 72215 rows and 795 columns.
MIP Presolve modified 1726085 coefficients.
Aggregator did 41 substitutions.
Reduced MIP has 185298 rows, 181065 columns, and 2082863 nonzeros.
Reduced MIP has 90214 binaries, 16 generals, 0 SOSs, and 0 indicators.
Presolve time = 218.66 sec. (959574.13 ticks)

        Nodes                                         Cuts/
   Node  Left     Objective  IInf  Best Integer    Best Bound    ItCnt     Gap

      0     0  -1.00000e+37     0       82.8333       -1.0000        0  101.21%

Root node processing (before b&c):
  Real time             =  672.26 sec. (2621945.16 ticks)
Parallel b&c, 4 threads:
  Real time             =    0.00 sec. (0.00 ticks)
  Sync time (average)   =    0.00 sec.
  Wait time (average)   =    0.00 sec.
                          ------------
Total (root+branch&cut) =  672.26 sec. (2621945.16 ticks)

Solution pool: 1 solution saved.

MIP - Time limit exceeded, integer feasible:  Objective =  8.2833333333e+01
Current MIP best bound = -1.0000000000e+00 (gap = 83.8333, 101.21%)
Solution time =  672.26 sec.  Iterations = 0  Nodes = 0
Deterministic time = 2621945.68 ticks  (3900.17 ticks/sec)


Incumbent solution written to file 'instancias/formato_lp/karasans/K-1000-200-0.9-b-100_oplminimos.dat.sol'.
