
Log started (V12.6.0.0) Thu Feb 20 22:07:13 2014


Problem 'instancias/formato_lp/karasans/K-1000-200-0.9-a-100_oplminimos.dat.lp' read.
Read time = 1.73 sec. (70.53 ticks)
Presolve has eliminated 77536 rows and 148 columns...
Presolve has improved bounds 5294 times...
Aggregator has done 254 substitutions...
Tried aggregator 3 times.
MIP Presolve eliminated 105456 rows and 279 columns.
MIP Presolve modified 2224430 coefficients.
Aggregator did 256 substitutions.
Reduced MIP has 256096 rows, 181888 columns, and 2645755 nonzeros.
Reduced MIP has 90218 binaries, 0 generals, 0 SOSs, and 0 indicators.
Presolve time = 284.41 sec. (1245113.71 ticks)
Found incumbent of value 66.888889 after 285.93 sec. (1245826.59 ticks)
Probing fixed 6 vars, tightened 531 bounds.
Probing time = 26.32 sec. (8386.33 ticks)
Presolve has eliminated 71365 rows and 825 columns...
Presolve has improved bounds 46 times...
Aggregator has done 52 substitutions...
Tried aggregator 3 times.
MIP Presolve eliminated 71907 rows and 825 columns.
MIP Presolve modified 1545049 coefficients.
Aggregator did 56 substitutions.
Reduced MIP has 184133 rows, 181007 columns, and 1898989 nonzeros.
Reduced MIP has 90212 binaries, 15 generals, 0 SOSs, and 0 indicators.
Presolve time = 188.70 sec. (823700.74 ticks)
Probing fixed 2 vars, tightened 5 bounds.
Probing time = 3.33 sec. (866.79 ticks)
Cover probing fixed 0 vars, tightened 66543 bounds.
Clique table members: 1494783.
Tightened 1 constraints.
MIP emphasis: balance optimality and feasibility.
MIP search method: dynamic search.
Parallel mode: deterministic, using up to 4 threads.
Root relaxation solution time = 13.86 sec. (10336.63 ticks)

        Nodes                                         Cuts/
   Node  Left     Objective  IInf  Best Integer    Best Bound    ItCnt     Gap

*     0+    0                           66.8889       -1.0000     4933  101.50%
      0     0  -1.00000e+37     0       66.8889       -1.0000     4933  101.50%

Root node processing (before b&c):
  Real time             =  600.51 sec. (2260605.99 ticks)
Parallel b&c, 4 threads:
  Real time             =    0.00 sec. (0.00 ticks)
  Sync time (average)   =    0.00 sec.
  Wait time (average)   =    0.00 sec.
                          ------------
Total (root+branch&cut) =  600.51 sec. (2260605.99 ticks)

Solution pool: 1 solution saved.

MIP - Time limit exceeded, integer feasible:  Objective =  6.6888888889e+01
Current MIP best bound = -1.0000000000e+00 (gap = 67.8889, 101.50%)
Solution time =  600.51 sec.  Iterations = 4933  Nodes = 0
Deterministic time = 2260606.51 ticks  (3764.47 ticks/sec)


Incumbent solution written to file 'instancias/formato_lp/karasans/K-1000-200-0.9-a-100_oplminimos.dat.sol'.
