
Log started (V12.6.0.0) Thu Feb 20 22:38:20 2014


Problem 'instancias/formato_lp/karasans/K-1000-200-0.9-b-25_oplminimos.dat.lp' read.
Read time = 1.68 sec. (50.02 ticks)
Presolve has eliminated 7798 rows and 18 columns...
Presolve has improved bounds 3767 times...
Tried aggregator 3 times.
MIP Presolve eliminated 15949 rows and 57 columns.
MIP Presolve modified 2993641 coefficients.
Aggregator did 67 substitutions.
Reduced MIP has 82692 rows, 50847 columns, and 3148569 nonzeros.
Reduced MIP has 24541 binaries, 0 generals, 0 SOSs, and 0 indicators.
Presolve time = 149.97 sec. (596528.54 ticks)
Found incumbent of value 39.570370 after 150.91 sec. (597158.72 ticks)
Probing fixed 12 vars, tightened 848 bounds.
Probing time = 4.40 sec. (2890.50 ticks)
Cover probing fixed 0 vars, tightened 20686 bounds.
Presolve has eliminated 23367 rows and 945 columns...
Presolve has improved bounds 6 times...
Tried aggregator 2 times.
MIP Presolve eliminated 23668 rows and 945 columns.
MIP Presolve modified 2706135 coefficients.
Aggregator did 13 substitutions.
Reduced MIP has 59011 rows, 49889 columns, and 2785066 nonzeros.
Reduced MIP has 24529 binaries, 6 generals, 0 SOSs, and 0 indicators.
Presolve time = 122.36 sec. (532724.36 ticks)
Probing time = 0.46 sec. (214.16 ticks)
Clique table members: 1446291.
MIP emphasis: balance optimality and feasibility.
MIP search method: dynamic search.
Parallel mode: deterministic, using up to 4 threads.
Root relaxation solution time = 22.82 sec. (14078.86 ticks)

        Nodes                                         Cuts/
   Node  Left     Objective  IInf  Best Integer    Best Bound    ItCnt     Gap

*     0+    0                           39.5704       -1.0000     8324  102.53%
      0     0        0.4162    78       39.5704        0.4162     8324   98.95%
*     0+    0                            0.8143        0.4162     8324   48.89%
*     0+    0                            0.7857        0.4162     8515   47.03%
      0     0        0.4262    66        0.7857     Cuts: 341     8515   45.75%
      0     0        0.4267    72        0.7857      Cuts: 27     8555   45.70%

Repeating presolve.
Presolve has eliminated 30012 rows and 29394 columns...
Presolve has improved bounds 2 times...
Tried aggregator 2 times.
MIP Presolve eliminated 30346 rows and 29394 columns.
MIP Presolve modified 1036336 coefficients.
Aggregator did 10 substitutions.
Reduced MIP has 28655 rows, 20485 columns, and 1107709 nonzeros.
Reduced MIP has 9828 binaries, 8 generals, 0 SOSs, and 0 indicators.
Presolve time = 20.80 sec. (84757.86 ticks)
Probing fixed 11 vars, tightened 653 bounds.
Probing time = 1.14 sec. (789.46 ticks)
Cover probing fixed 0 vars, tightened 1 bounds.
Presolve has eliminated 439 rows and 27 columns...
Presolve has improved bounds 4 times...
Tried aggregator 2 times.
MIP Presolve eliminated 716 rows and 27 columns.
MIP Presolve modified 915338 coefficients.
Aggregator did 7 substitutions.
Reduced MIP has 27932 rows, 20451 columns, and 998802 nonzeros.
Reduced MIP has 9817 binaries, 5 generals, 0 SOSs, and 0 indicators.
Presolve time = 17.31 sec. (73439.92 ticks)
Represolve time = 39.78 sec. (159246.81 ticks)
Probing fixed 8 vars, tightened 2 bounds.
Probing time = 0.58 sec. (420.95 ticks)
Cover probing fixed 0 vars, tightened 34 bounds.
Clique table members: 579188.
MIP emphasis: balance optimality and feasibility.
MIP search method: dynamic search.
Parallel mode: deterministic, using up to 4 threads.
Root relaxation solution time = 11.81 sec. (6009.53 ticks)

        Nodes                                         Cuts/
   Node  Left     Objective  IInf  Best Integer    Best Bound    ItCnt     Gap

*     0+    0                            0.7857        0.4267    18452   45.70%
      0     0        0.4269    65        0.7857        0.4269    18452   45.66%
      0     0        0.4276    64        0.7857       Cuts: 7    18479   45.58%
      0     0        0.4276    64        0.7857       Cuts: 7    18484   45.58%
      0     0        0.4276    64        0.7857   Impl Bds: 2    18485   45.58%
      0     2        0.4276    64        0.7857        0.4276    18485   45.58%
Elapsed time = 444.21 sec. (1464838.17 ticks, tree = 0.01 MB, solutions = 3)
      3     5        0.4475    78        0.7857        0.4348    18965   44.66%
      4     6        0.4361    50        0.7857        0.4348    19001   44.66%
      5     7        0.4734    50        0.7857        0.4348    19646   44.66%
     13    15        0.4853    53        0.7857        0.4368    20497   44.40%
     26    28        0.4972    26        0.7857        0.4370    22816   44.38%
     31    33        0.5153    21        0.7857        0.4370    25382   44.38%
     35    37        0.5209    25        0.7857        0.4370    26582   44.38%
     47    49        0.5624    29        0.7857        0.4370    29092   44.38%
     48    50        0.5228    40        0.7857        0.4370    29226   44.38%
     64    66        0.5487    29        0.7857        0.4370    31815   44.38%
Elapsed time = 454.26 sec. (1468754.03 ticks, tree = 1.46 MB, solutions = 3)
     99   101        0.5961    29        0.7857        0.4370    40051   44.38%
    163   163        0.6293    52        0.7857        0.4370    46036   44.38%
    243   231        0.4977    27        0.7857        0.4370    54165   44.38%
    285   264        0.6711    28        0.7857        0.4370    58036   44.38%
    358   334        0.5347    18        0.7857        0.4370    66677   44.38%
    430   385        0.6862    29        0.7857        0.4370    72120   44.38%
    506   455        0.6043    56        0.7857        0.4385    77257   44.18%
    579   521        0.7089    17        0.7857        0.4385    83091   44.18%
    643   579        0.4528    35        0.7857        0.4385    88216   44.18%
    719   642        0.4634    58        0.7857        0.4385    91820   44.18%
Elapsed time = 484.21 sec. (1478669.71 ticks, tree = 7.61 MB, solutions = 3)
    875   796        0.5487    16        0.7857        0.4401    96198   43.99%
    982   891        0.5566    36        0.7857        0.4401   101566   43.99%
   1013   918        0.5818    36        0.7857        0.4401   107005   43.99%
   1103  1002        0.5851    32        0.7857        0.4410   112454   43.87%
*  1145+  690                            0.7793        0.4410   121213   43.41%
   1145   691        0.4331    30        0.7793        0.4410   121584   43.41%
   1146   692        0.4374    67        0.7793        0.4410   121959   43.41%
*  1148+  461                            0.7793        0.4410   122335   43.41%
   1148   463        0.4437    50        0.7793        0.4410   122335   43.41%
   1150   465        0.4496    78        0.7793        0.4410   122692   43.41%
   1151   466        0.4670    25        0.7793        0.4410   122740   43.41%
   1152   466        0.4825    56        0.7793        0.4410   122791   43.41%
Elapsed time = 550.42 sec. (1567043.16 ticks, tree = 6.57 MB, solutions = 4)
   1154   467        0.4682    38        0.7793        0.4410   122911   43.41%
   1156   468        0.5262    96        0.7793        0.4410   123587   43.41%
   1160   470        0.5119    88        0.7793        0.4410   126935   43.41%
   1167   474        0.4521    42        0.7793        0.4410   129546   43.41%
   1180   481        0.4780    37        0.7793        0.4410   131844   43.41%
   1182   481        0.4685    75        0.7793        0.4410   132037   43.41%
   1191   487        0.5196    41        0.7793        0.4410   139675   43.41%
   1211   498        0.5315    17        0.7793        0.4410   161966   43.41%
   1228   510        0.5761    25        0.7793        0.4410   170375   43.41%
   1250   524        0.5462    27        0.7793        0.4410   172127   43.41%
Elapsed time = 579.91 sec. (1583066.37 ticks, tree = 6.46 MB, solutions = 4)
   1267   537        0.5488    23        0.7793        0.4410   172762   43.41%
   1299   550        0.7443    20        0.7793        0.4410   174184   43.41%
   1304   550        0.7201    39        0.7793        0.4410   174475   43.41%
   1336   541        0.4614    60        0.7793        0.4410   176032   43.41%
   1367   549        0.4637    28        0.7793        0.4410   180503   43.41%
   1390   555        0.5007    25        0.7793        0.4410   182431   43.41%
   1411   562        0.5171    22        0.7793        0.4410   183193   43.41%

Implied bound cuts applied:  106
Flow cuts applied:  6
Mixed integer rounding cuts applied:  27
Gomory fractional cuts applied:  4

Root node processing (before b&c):
  Real time             =  443.80 sec. (1464488.78 ticks)
Parallel b&c, 4 threads:
  Real time             =  156.24 sec. (126512.53 ticks)
  Sync time (average)   =   22.62 sec.
  Wait time (average)   =    0.00 sec.
                          ------------
Total (root+branch&cut) =  600.03 sec. (1591001.31 ticks)

Solution pool: 4 solutions saved.

MIP - Time limit exceeded, integer feasible:  Objective =  7.7931017483e-01
Current MIP best bound =  4.4102727273e-01 (gap = 0.338283, 43.41%)
Solution time =  600.03 sec.  Iterations = 184926  Nodes = 1417 (564)
Deterministic time = 1591001.46 ticks  (2651.52 ticks/sec)


Incumbent solution written to file 'instancias/formato_lp/karasans/K-1000-200-0.9-b-25_oplminimos.dat.sol'.
