
Log started (V12.6.0.0) Thu Feb 20 20:50:02 2014


Problem 'instancias/formato_lp/karasans/K-100-200-0.9-a-5_oplminimos.dat.lp' read.
Read time = 0.01 sec. (0.38 ticks)
Tried aggregator 3 times.
MIP Presolve eliminated 457 rows and 44 columns.
MIP Presolve modified 15686 coefficients.
Aggregator did 19 substitutions.
Reduced MIP has 1572 rows, 1136 columns, and 17281 nonzeros.
Reduced MIP has 509 binaries, 0 generals, 0 SOSs, and 0 indicators.
Presolve time = 0.04 sec. (71.97 ticks)
Found incumbent of value 3.484009 after 0.05 sec. (78.02 ticks)
Probing fixed 2 vars, tightened 30 bounds.
Probing time = 0.03 sec. (4.28 ticks)
Cover probing fixed 0 vars, tightened 474 bounds.
Tried aggregator 3 times.
MIP Presolve eliminated 472 rows and 120 columns.
MIP Presolve modified 13757 coefficients.
Aggregator did 23 substitutions.
Reduced MIP has 1077 rows, 993 columns, and 14894 nonzeros.
Reduced MIP has 507 binaries, 1 generals, 0 SOSs, and 0 indicators.
Presolve time = 0.03 sec. (54.67 ticks)
Probing time = 0.00 sec. (2.21 ticks)
Cover probing fixed 0 vars, tightened 1 bounds.
Tried aggregator 1 time.
Reduced MIP has 1077 rows, 993 columns, and 14894 nonzeros.
Reduced MIP has 507 binaries, 2 generals, 0 SOSs, and 0 indicators.
Presolve time = 0.01 sec. (5.64 ticks)
Probing time = 0.01 sec. (3.06 ticks)
Cover probing fixed 0 vars, tightened 1 bounds.
Clique table members: 3107.
Tightened 1 constraints.
MIP emphasis: balance optimality and feasibility.
MIP search method: dynamic search.
Parallel mode: deterministic, using up to 4 threads.
Root relaxation solution time = 0.02 sec. (16.22 ticks)

        Nodes                                         Cuts/
   Node  Left     Objective  IInf  Best Integer    Best Bound    ItCnt     Gap

*     0+    0                            3.4840       -1.0000      390  128.70%
      0     0        0.0127    24        3.4840        0.0127      390   99.64%
*     0+    0                            0.0227        0.0127      461   44.11%
      0     0        cutoff              0.0227        0.0227      461    0.00%
Elapsed time = 0.24 sec. (204.47 ticks, tree = 0.00 MB, solutions = 2)

Clique cuts applied:  3
Implied bound cuts applied:  2
Flow cuts applied:  1
Lift and project cuts applied:  3
Gomory fractional cuts applied:  3

Root node processing (before b&c):
  Real time             =    0.24 sec. (204.52 ticks)
Parallel b&c, 4 threads:
  Real time             =    0.00 sec. (0.00 ticks)
  Sync time (average)   =    0.00 sec.
  Wait time (average)   =    0.00 sec.
                          ------------
Total (root+branch&cut) =    0.24 sec. (204.52 ticks)

Solution pool: 2 solutions saved.

MIP - Integer optimal solution:  Objective =  2.2727272727e-02
Solution time =    0.24 sec.  Iterations = 461  Nodes = 0
Deterministic time = 204.53 ticks  (834.96 ticks/sec)


Incumbent solution written to file 'instancias/formato_lp/karasans/K-100-200-0.9-a-5_oplminimos.dat.sol'.
