
Log started (V12.6.0.0) Thu Feb 20 20:50:06 2014


Problem 'instancias/formato_lp/karasans/K-100-200-0.9-b-5_oplminimos.dat.lp' read.
Read time = 0.04 sec. (0.38 ticks)
Tried aggregator 2 times.
MIP Presolve eliminated 226 rows and 27 columns.
MIP Presolve modified 15942 coefficients.
Aggregator did 21 substitutions.
Reduced MIP has 1801 rows, 1151 columns, and 17900 nonzeros.
Reduced MIP has 509 binaries, 0 generals, 0 SOSs, and 0 indicators.
Presolve time = 0.05 sec. (71.42 ticks)
Found incumbent of value 2.411382 after 0.06 sec. (77.85 ticks)
Probing fixed 1 vars, tightened 33 bounds.
Probing time = 0.11 sec. (4.37 ticks)
Cover probing fixed 0 vars, tightened 690 bounds.
Tried aggregator 3 times.
MIP Presolve eliminated 679 rows and 117 columns.
MIP Presolve modified 13281 coefficients.
Aggregator did 21 substitutions.
Reduced MIP has 1101 rows, 1013 columns, and 15418 nonzeros.
Reduced MIP has 508 binaries, 1 generals, 0 SOSs, and 0 indicators.
Presolve time = 0.03 sec. (58.99 ticks)
Probing time = 0.06 sec. (1.95 ticks)
Cover probing fixed 0 vars, tightened 1 bounds.
Tried aggregator 3 times.
MIP Presolve eliminated 13 rows and 9 columns.
Aggregator did 8 substitutions.
Reduced MIP has 1080 rows, 996 columns, and 15371 nonzeros.
Reduced MIP has 508 binaries, 1 generals, 0 SOSs, and 0 indicators.
Presolve time = 0.01 sec. (7.39 ticks)
Probing time = 0.01 sec. (2.70 ticks)
Cover probing fixed 0 vars, tightened 1 bounds.
Clique table members: 2729.
Tightened 1 constraints.
MIP emphasis: balance optimality and feasibility.
MIP search method: dynamic search.
Parallel mode: deterministic, using up to 4 threads.
Root relaxation solution time = 0.01 sec. (11.13 ticks)

        Nodes                                         Cuts/
   Node  Left     Objective  IInf  Best Integer    Best Bound    ItCnt     Gap

*     0+    0                            2.4114       -1.0000      333  141.47%
      0     0        0.0044     4        2.4114        0.0044      333   99.82%
*     0+    0                            0.0374        0.0044      339   88.36%
      0     0        0.0078     7        0.0374       Cuts: 3      339   79.04%
*     0     0      integral     0        0.0078       Cuts: 2      346   -0.02%
      0     0        cutoff              0.0078        0.0079      346   -0.79%
Elapsed time = 0.41 sec. (205.52 ticks, tree = 0.00 MB, solutions = 3)

Lift and project cuts applied:  1
Gomory fractional cuts applied:  2

Root node processing (before b&c):
  Real time             =    0.41 sec. (205.58 ticks)
Parallel b&c, 4 threads:
  Real time             =    0.00 sec. (0.00 ticks)
  Sync time (average)   =    0.00 sec.
  Wait time (average)   =    0.00 sec.
                          ------------
Total (root+branch&cut) =    0.41 sec. (205.58 ticks)

Solution pool: 3 solutions saved.

MIP - Integer optimal solution:  Objective =  7.8369905956e-03
Solution time =    0.41 sec.  Iterations = 346  Nodes = 0
Deterministic time = 205.58 ticks  (503.53 ticks/sec)


Incumbent solution written to file 'instancias/formato_lp/karasans/K-100-200-0.9-b-5_oplminimos.dat.sol'.
