
Log started (V12.6.0.0) Thu Feb 20 20:50:07 2014


Problem 'instancias/formato_lp/karasans/K-100-200-0.9-b-25_oplminimos.dat.lp' read.
Read time = 0.03 sec. (0.99 ticks)
Tried aggregator 2 times.
MIP Presolve eliminated 3150 rows and 99 columns.
MIP Presolve modified 23012 coefficients.
Aggregator did 79 substitutions.
Reduced MIP has 4579 rows, 3881 columns, and 26029 nonzeros.
Reduced MIP has 1929 binaries, 0 generals, 0 SOSs, and 0 indicators.
Presolve time = 0.10 sec. (167.53 ticks)
Found incumbent of value 7.680556 after 0.12 sec. (177.17 ticks)
Probing fixed 1 vars, tightened 5 bounds.
Probing time = 0.25 sec. (50.10 ticks)
Cover probing fixed 0 vars, tightened 1835 bounds.
Tried aggregator 2 times.
MIP Presolve eliminated 637 rows and 33 columns.
MIP Presolve modified 11414 coefficients.
Aggregator did 3 substitutions.
Reduced MIP has 3939 rows, 3845 columns, and 22822 nonzeros.
Reduced MIP has 1928 binaries, 1 generals, 0 SOSs, and 0 indicators.
Presolve time = 0.06 sec. (106.44 ticks)
Probing time = 0.03 sec. (9.80 ticks)
Clique table members: 16320.
MIP emphasis: balance optimality and feasibility.
MIP search method: dynamic search.
Parallel mode: deterministic, using up to 4 threads.
Root relaxation solution time = 0.14 sec. (103.84 ticks)

        Nodes                                         Cuts/
   Node  Left     Objective  IInf  Best Integer    Best Bound    ItCnt     Gap

*     0+    0                            7.6806       -1.0000     1017  113.02%
      0     0        0.0133     8        7.6806        0.0133     1017   99.83%
*     0+    0                            0.0135        0.0133     1017    1.29%
      0     0        cutoff              0.0135                   1017    0.00%
Elapsed time = 0.67 sec. (482.48 ticks, tree = 0.00 MB, solutions = 2)

Root node processing (before b&c):
  Real time             =    0.67 sec. (482.65 ticks)
Parallel b&c, 4 threads:
  Real time             =    0.00 sec. (0.00 ticks)
  Sync time (average)   =    0.00 sec.
  Wait time (average)   =    0.00 sec.
                          ------------
Total (root+branch&cut) =    0.67 sec. (482.65 ticks)

Solution pool: 2 solutions saved.

MIP - Integer optimal solution:  Objective =  1.3513513514e-02
Solution time =    0.67 sec.  Iterations = 1017  Nodes = 0
Deterministic time = 482.66 ticks  (723.06 ticks/sec)


Incumbent solution written to file 'instancias/formato_lp/karasans/K-100-200-0.9-b-25_oplminimos.dat.sol'.
