
Log started (V12.6.0.0) Thu Feb 20 20:50:06 2014


Problem 'instancias/formato_lp/karasans/K-100-200-0.9-b-2_oplminimos.dat.lp' read.
Read time = 0.08 sec. (0.42 ticks)
Tried aggregator 2 times.
MIP Presolve eliminated 93 rows and 22 columns.
MIP Presolve modified 26338 coefficients.
Aggregator did 11 substitutions.
Reduced MIP has 804 rows, 693 columns, and 26728 nonzeros.
Reduced MIP has 319 binaries, 0 generals, 0 SOSs, and 0 indicators.
Presolve time = 0.07 sec. (85.01 ticks)
Found incumbent of value 0.864401 after 0.08 sec. (90.87 ticks)
Probing time = 0.03 sec. (10.36 ticks)
Cover probing fixed 0 vars, tightened 389 bounds.
Tried aggregator 3 times.
MIP Presolve eliminated 206 rows and 106 columns.
MIP Presolve modified 562 coefficients.
Aggregator did 35 substitutions.
Reduced MIP has 563 rows, 552 columns, and 26055 nonzeros.
Reduced MIP has 319 binaries, 1 generals, 0 SOSs, and 0 indicators.
Presolve time = 0.02 sec. (13.42 ticks)
Probing time = 0.02 sec. (8.95 ticks)
Tried aggregator 2 times.
MIP Presolve eliminated 2 rows and 0 columns.
MIP Presolve modified 2 coefficients.
Aggregator did 1 substitutions.
Reduced MIP has 560 rows, 551 columns, and 26048 nonzeros.
Reduced MIP has 319 binaries, 1 generals, 0 SOSs, and 0 indicators.
Presolve time = 0.01 sec. (8.63 ticks)
Probing time = 0.02 sec. (8.91 ticks)
Clique table members: 100.
MIP emphasis: balance optimality and feasibility.
MIP search method: dynamic search.
Parallel mode: deterministic, using up to 4 threads.
Root relaxation solution time = 0.01 sec. (8.21 ticks)

        Nodes                                         Cuts/
   Node  Left     Objective  IInf  Best Integer    Best Bound    ItCnt     Gap

*     0+    0                            0.8644       -1.0000      243  215.69%
*     0     0      integral     0        0.0000        0.0000      243    0.00%
Elapsed time = 0.21 sec. (166.74 ticks, tree = 0.00 MB, solutions = 2)

Root node processing (before b&c):
  Real time             =    0.21 sec. (166.77 ticks)
Parallel b&c, 4 threads:
  Real time             =    0.00 sec. (0.00 ticks)
  Sync time (average)   =    0.00 sec.
  Wait time (average)   =    0.00 sec.
                          ------------
Total (root+branch&cut) =    0.21 sec. (166.77 ticks)

Solution pool: 2 solutions saved.

MIP - Integer optimal solution:  Objective =  1.3322676296e-15
Solution time =    0.21 sec.  Iterations = 243  Nodes = 0
Deterministic time = 166.77 ticks  (788.78 ticks/sec)


Incumbent solution written to file 'instancias/formato_lp/karasans/K-100-200-0.9-b-2_oplminimos.dat.sol'.
