
Log started (V12.6.0.0) Thu Feb 20 20:50:07 2014


Problem 'instancias/formato_lp/karasans/K-100-200-0.9-b-10_oplminimos.dat.lp' read.
Read time = 0.04 sec. (0.54 ticks)
Tried aggregator 2 times.
MIP Presolve eliminated 1084 rows and 73 columns.
MIP Presolve modified 15589 coefficients.
Aggregator did 36 substitutions.
Reduced MIP has 2668 rows, 1946 columns, and 19318 nonzeros.
Reduced MIP has 930 binaries, 0 generals, 0 SOSs, and 0 indicators.
Presolve time = 0.05 sec. (97.70 ticks)
Found incumbent of value 6.019608 after 0.06 sec. (109.59 ticks)
Probing time = 0.10 sec. (6.36 ticks)
Cover probing fixed 0 vars, tightened 886 bounds.
Tried aggregator 2 times.
MIP Presolve eliminated 729 rows and 95 columns.
MIP Presolve modified 1885 coefficients.
Aggregator did 8 substitutions.
Reduced MIP has 1931 rows, 1843 columns, and 17227 nonzeros.
Reduced MIP has 930 binaries, 1 generals, 0 SOSs, and 0 indicators.
Presolve time = 0.02 sec. (9.55 ticks)
Probing time = 0.02 sec. (5.73 ticks)
Clique table members: 11507.
MIP emphasis: balance optimality and feasibility.
MIP search method: dynamic search.
Parallel mode: deterministic, using up to 4 threads.
Root relaxation solution time = 0.03 sec. (29.02 ticks)

        Nodes                                         Cuts/
   Node  Left     Objective  IInf  Best Integer    Best Bound    ItCnt     Gap

*     0+    0                            6.0196       -1.0000      487  116.61%
*     0     0      integral     0        0.0000       -0.0000      487    0.00%
Elapsed time = 0.25 sec. (188.64 ticks, tree = 0.00 MB, solutions = 2)

Root node processing (before b&c):
  Real time             =    0.25 sec. (188.72 ticks)
Parallel b&c, 4 threads:
  Real time             =    0.00 sec. (0.00 ticks)
  Sync time (average)   =    0.00 sec.
  Wait time (average)   =    0.00 sec.
                          ------------
Total (root+branch&cut) =    0.25 sec. (188.72 ticks)

Solution pool: 2 solutions saved.

MIP - Integer optimal solution:  Objective = -2.7755575616e-17
Solution time =    0.26 sec.  Iterations = 487  Nodes = 0
Deterministic time = 188.73 ticks  (740.05 ticks/sec)


Incumbent solution written to file 'instancias/formato_lp/karasans/K-100-200-0.9-b-10_oplminimos.dat.sol'.
