
Log started (V12.6.0.0) Thu Feb 20 21:59:31 2014


Problem 'instancias/formato_lp/karasans/K-1000-200-0.9-a-50_oplminimos.dat.lp' read.
Read time = 1.48 sec. (48.59 ticks)
Presolve has eliminated 31556 rows and 53 columns...
Presolve has improved bounds 4738 times...
Tried aggregator 3 times.
MIP Presolve eliminated 45006 rows and 111 columns.
MIP Presolve modified 2071441 coefficients.
Aggregator did 132 substitutions.
Reduced MIP has 146270 rows, 96999 columns, and 2334224 nonzeros.
Reduced MIP has 47637 binaries, 0 generals, 0 SOSs, and 0 indicators.
Presolve time = 164.49 sec. (719273.11 ticks)
Found incumbent of value 83.186047 after 165.49 sec. (719814.48 ticks)
Probing fixed 10 vars, tightened 734 bounds.
Probing time = 11.70 sec. (4121.81 ticks)
Cover probing fixed 0 vars, tightened 31933 bounds.
Presolve has eliminated 43454 rows and 893 columns...
Presolve has improved bounds 41 times...
Tried aggregator 3 times.
MIP Presolve eliminated 44036 rows and 893 columns.
MIP Presolve modified 1585931 coefficients.
Aggregator did 43 substitutions.
Reduced MIP has 102191 rows, 96063 columns, and 1728705 nonzeros.
Reduced MIP has 47627 binaries, 2 generals, 0 SOSs, and 0 indicators.
Presolve time = 119.73 sec. (521263.86 ticks)
Probing time = 0.26 sec. (198.30 ticks)
Clique table members: 1261626.
MIP emphasis: balance optimality and feasibility.
MIP search method: dynamic search.
Parallel mode: deterministic, using up to 4 threads.
Root relaxation solution time = 43.07 sec. (17787.08 ticks)

        Nodes                                         Cuts/
   Node  Left     Objective  IInf  Best Integer    Best Bound    ItCnt     Gap

*     0+    0                           83.1860       -1.0000     9359  101.20%
      0     0        0.4049    31       83.1860        0.4049     9359   99.51%
*     0+    0                            0.7556        0.4049     9359   46.41%
      0     0        0.4053    36        0.7556     Cuts: 205     9428   46.35%
*     0+    0                            0.6809        0.4053     9428   40.47%

Repeating presolve.
Tried aggregator 2 times.
MIP Presolve eliminated 84196 rows and 83011 columns.
MIP Presolve modified 194597 coefficients.
Aggregator did 16 substitutions.
Reduced MIP has 17979 rows, 13036 columns, and 211833 nonzeros.
Reduced MIP has 6128 binaries, 5 generals, 0 SOSs, and 0 indicators.
Presolve time = 2.93 sec. (8546.58 ticks)
Probing fixed 94 vars, tightened 641 bounds.
Probing time = 0.75 sec. (312.00 ticks)
Tried aggregator 3 times.
MIP Presolve eliminated 1367 rows and 212 columns.
MIP Presolve modified 138746 coefficients.
Aggregator did 21 substitutions.
Reduced MIP has 16591 rows, 12803 columns, and 183688 nonzeros.
Reduced MIP has 6034 binaries, 4 generals, 0 SOSs, and 0 indicators.
Presolve time = 1.52 sec. (5922.61 ticks)
Probing time = 0.07 sec. (22.01 ticks)
Tried aggregator 2 times.
MIP Presolve eliminated 317 rows and 14 columns.
MIP Presolve modified 5830 coefficients.
Aggregator did 3 substitutions.
Reduced MIP has 16271 rows, 12786 columns, and 182925 nonzeros.
Reduced MIP has 6034 binaries, 4 generals, 0 SOSs, and 0 indicators.
Presolve time = 0.20 sec. (193.86 ticks)
Represolve time = 5.72 sec. (15106.70 ticks)
Probing time = 0.05 sec. (21.42 ticks)
Clique table members: 168047.
MIP emphasis: balance optimality and feasibility.
MIP search method: dynamic search.
Parallel mode: deterministic, using up to 4 threads.
Root relaxation solution time = 7.49 sec. (4103.16 ticks)

        Nodes                                         Cuts/
   Node  Left     Objective  IInf  Best Integer    Best Bound    ItCnt     Gap

*     0+    0                            0.6809        0.4053    16710   40.47%
      0     0        0.4106    66        0.6809        0.4106    16710   39.69%
      0     0        0.4154    66        0.6809      Cuts: 13    16731   38.99%
      0     0        0.4195    80        0.6809      Cuts: 30    16795   38.39%

Repeating presolve.
Tried aggregator 2 times.
MIP Presolve eliminated 4983 rows and 4625 columns.
MIP Presolve modified 3582 coefficients.
Aggregator did 24 substitutions.
Reduced MIP has 11264 rows, 8137 columns, and 116573 nonzeros.
Reduced MIP has 3715 binaries, 4 generals, 0 SOSs, and 0 indicators.
Presolve time = 0.21 sec. (211.61 ticks)
Probing fixed 22 vars, tightened 116 bounds.
Probing time = 0.27 sec. (98.81 ticks)
Cover probing fixed 90 vars, tightened 29 bounds.
Tried aggregator 2 times.
MIP Presolve eliminated 528 rows and 265 columns.
MIP Presolve modified 74103 coefficients.
Aggregator did 7 substitutions.
Reduced MIP has 10729 rows, 7865 columns, and 108584 nonzeros.
Reduced MIP has 3585 binaries, 4 generals, 0 SOSs, and 0 indicators.
Presolve time = 0.64 sec. (2357.69 ticks)
Probing time = 0.05 sec. (14.97 ticks)
Cover probing fixed 0 vars, tightened 1 bounds.
Tried aggregator 2 times.
MIP Presolve eliminated 160 rows and 11 columns.
MIP Presolve modified 232 coefficients.
Aggregator did 4 substitutions.
Reduced MIP has 10565 rows, 7850 columns, and 108172 nonzeros.
Reduced MIP has 3585 binaries, 4 generals, 0 SOSs, and 0 indicators.
Presolve time = 0.09 sec. (81.11 ticks)
Represolve time = 1.46 sec. (2838.18 ticks)
Probing time = 0.04 sec. (15.31 ticks)
Clique table members: 100137.
MIP emphasis: balance optimality and feasibility.
MIP search method: dynamic search.
Parallel mode: deterministic, using up to 4 threads.
Root relaxation solution time = 3.18 sec. (1769.39 ticks)

        Nodes                                         Cuts/
   Node  Left     Objective  IInf  Best Integer    Best Bound    ItCnt     Gap

*     0+    0                            0.6809        0.4195    22060   38.39%
      0     0        0.4196    85        0.6809        0.4196    22060   38.37%
      0     0        0.4214    84        0.6809      Cuts: 17    22085   38.10%
      0     0        0.4214    84        0.6809    MIRcuts: 3    22087   38.10%
      0     2        0.4214    84        0.6809        0.4460    22087   34.49%
Elapsed time = 440.19 sec. (1417538.95 ticks, tree = 0.01 MB, solutions = 3)
      4     6        0.4713    61        0.6809        0.4460    22600   34.49%
     14    14        0.5009    86        0.6809        0.4460    24147   34.49%
     35    35        0.5667   124        0.6809        0.4460    26915   34.49%
     68    54        0.5598    88        0.6809        0.4487    31302   34.09%
     88    60        0.6762    77        0.6809        0.4487    34146   34.09%
    130    76        cutoff              0.6809        0.4655    38860   31.63%
    155    88        0.6162    61        0.6809        0.4768    42230   29.96%
    191   102        0.6464    59        0.6809        0.4768    46044   29.96%
    231   118        0.5909    70        0.6809        0.4925    50722   27.67%
    337   159        0.6328    50        0.6809        0.5263    59032   22.70%
Elapsed time = 448.69 sec. (1421163.38 ticks, tree = 0.48 MB, solutions = 3)
    465   174        0.5898    61        0.6809        0.5533    71335   18.73%
    625   201        cutoff              0.6809        0.5750    86680   15.54%
    841   179        cutoff              0.6809        0.5987   104908   12.07%
   1031   113        0.6540    54        0.6809        0.6247   118477    8.24%

Implied bound cuts applied:  48
Flow cuts applied:  49
Mixed integer rounding cuts applied:  13

Root node processing (before b&c):
  Real time             =  440.04 sec. (1417442.62 ticks)
Parallel b&c, 4 threads:
  Real time             =   20.04 sec. (8217.51 ticks)
  Sync time (average)   =    2.07 sec.
  Wait time (average)   =    0.00 sec.
                          ------------
Total (root+branch&cut) =  460.08 sec. (1425660.13 ticks)

Solution pool: 3 solutions saved.

MIP - Integer optimal solution:  Objective =  6.8085106383e-01
Solution time =  460.10 sec.  Iterations = 122664  Nodes = 1163
Deterministic time = 1425660.41 ticks  (3098.59 ticks/sec)


Incumbent solution written to file 'instancias/formato_lp/karasans/K-1000-200-0.9-a-50_oplminimos.dat.sol'.
