
Log started (V12.6.0.0) Thu Feb 20 20:50:03 2014


Problem 'instancias/formato_lp/karasans/K-100-200-0.9-a-25_oplminimos.dat.lp' read.
Read time = 0.06 sec. (0.93 ticks)
Tried aggregator 3 times.
MIP Presolve eliminated 3181 rows and 120 columns.
MIP Presolve modified 14939 coefficients.
Aggregator did 75 substitutions.
Reduced MIP has 4552 rows, 3862 columns, and 22109 nonzeros.
Reduced MIP has 1926 binaries, 0 generals, 0 SOSs, and 0 indicators.
Presolve time = 0.07 sec. (62.95 ticks)
Found incumbent of value 10.937500 after 0.08 sec. (71.91 ticks)
Probing time = 0.06 sec. (10.73 ticks)
Tried aggregator 1 time.
MIP Presolve eliminated 625 rows and 25 columns.
Reduced MIP has 3927 rows, 3837 columns, and 20859 nonzeros.
Reduced MIP has 1926 binaries, 0 generals, 0 SOSs, and 0 indicators.
Presolve time = 0.02 sec. (12.19 ticks)
Probing time = 0.03 sec. (9.88 ticks)
Clique table members: 14344.
MIP emphasis: balance optimality and feasibility.
MIP search method: dynamic search.
Parallel mode: deterministic, using up to 4 threads.
Root relaxation solution time = 0.12 sec. (121.12 ticks)

        Nodes                                         Cuts/
   Node  Left     Objective  IInf  Best Integer    Best Bound    ItCnt     Gap

*     0+    0                           10.9375       -1.0000     1119  109.14%
*     0     0      integral     0       -0.0000       -0.0000     1119    0.00%
Elapsed time = 0.33 sec. (243.60 ticks, tree = 0.00 MB, solutions = 2)

Root node processing (before b&c):
  Real time             =    0.33 sec. (243.77 ticks)
Parallel b&c, 4 threads:
  Real time             =    0.00 sec. (0.00 ticks)
  Sync time (average)   =    0.00 sec.
  Wait time (average)   =    0.00 sec.
                          ------------
Total (root+branch&cut) =    0.33 sec. (243.77 ticks)

Solution pool: 2 solutions saved.

MIP - Integer optimal solution:  Objective = -3.3306690739e-16
Solution time =    0.33 sec.  Iterations = 1119  Nodes = 0
Deterministic time = 243.78 ticks  (729.94 ticks/sec)


Incumbent solution written to file 'instancias/formato_lp/karasans/K-100-200-0.9-a-25_oplminimos.dat.sol'.
