
Log started (V12.6.0.0) Fri Feb 21 00:44:13 2014


Problem 'instancias/formato_lp/karasans/K-1500-200-0.9-b-50_oplminimos.dat.lp' read.
Read time = 2.38 sec. (86.23 ticks)
Presolve has eliminated 50424 rows and 54 columns...
Presolve has improved bounds 6756 times...
Tried aggregator 3 times.
MIP Presolve eliminated 66592 rows and 126 columns.
MIP Presolve modified 4015131 coefficients.
Aggregator did 203 substitutions.
Reduced MIP has 225113 rows, 147925 columns, and 4435785 nonzeros.
Reduced MIP has 72649 binaries, 0 generals, 0 SOSs, and 0 indicators.
Presolve time = 550.65 sec. (2211779.87 ticks)
Found incumbent of value 114.057143 after 552.42 sec. (2212756.11 ticks)
Probing fixed 5 vars, tightened 663 bounds.
Probing time = 15.84 sec. (7020.28 ticks)
Presolve has eliminated 68020 rows and 1394 columns...
Presolve has improved bounds 40 times...
Presolve time = 445.34 sec. (1968213.68 ticks)

Root node processing (before b&c):
  Real time             = 1013.85 sec. (4188099.74 ticks)
Parallel b&c, 4 threads:
  Real time             =    0.00 sec. (0.00 ticks)
  Sync time (average)   =    0.00 sec.
  Wait time (average)   =    0.00 sec.
                          ------------
Total (root+branch&cut) = 1013.85 sec. (4188099.74 ticks)

Solution pool: 1 solution saved.

MIP - Time limit exceeded, integer feasible:  Objective =  1.1405714286e+02
Current MIP best bound = -1.0000000000e+00 (gap = 115.057, 100.88%)
Solution time = 1013.85 sec.  Iterations = 0  Nodes = 0
Deterministic time = 4188100.16 ticks  (4130.87 ticks/sec)


Incumbent solution written to file 'instancias/formato_lp/karasans/K-1500-200-0.9-b-50_oplminimos.dat.sol'.
