
Log started (V12.6.0.0) Fri Feb 21 00:33:09 2014


Problem 'instancias/formato_lp/karasans/K-1500-200-0.9-b-25_oplminimos.dat.lp' read.
Read time = 3.08 sec. (96.93 ticks)
Presolve has eliminated 11028 rows and 21 columns...
Presolve has improved bounds 5728 times...
Tried aggregator 2 times.
MIP Presolve eliminated 20161 rows and 57 columns.
MIP Presolve modified 6033605 coefficients.
Aggregator did 109 substitutions.
Reduced MIP has 128938 rows, 76846 columns, and 6278733 nonzeros.
Reduced MIP has 37082 binaries, 0 generals, 0 SOSs, and 0 indicators.
Presolve time = 465.90 sec. (1841680.75 ticks)
Found incumbent of value 53.160000 after 467.70 sec. (1842918.01 ticks)
Probing fixed 2 vars, tightened 0 bounds.
Probing time = 1.74 sec. (1817.99 ticks)
Cover probing fixed 0 vars, tightened 29 bounds.
Tried aggregator 2 times.
MIP Presolve eliminated 36063 rows and 1446 columns.
MIP Presolve modified 148019 coefficients.
Aggregator did 14 substitutions.
Reduced MIP has 92861 rows, 75386 columns, and 6097416 nonzeros.
Reduced MIP has 37080 binaries, 5 generals, 0 SOSs, and 0 indicators.
Presolve time = 4.53 sec. (5143.17 ticks)

        Nodes                                         Cuts/
   Node  Left     Objective  IInf  Best Integer    Best Bound    ItCnt     Gap

      0     0  -1.00000e+37     0       53.1600       -1.0000        0  101.88%

Root node processing (before b&c):
  Real time             =  659.98 sec. (2250222.70 ticks)
Parallel b&c, 4 threads:
  Real time             =    0.00 sec. (0.00 ticks)
  Sync time (average)   =    0.00 sec.
  Wait time (average)   =    0.00 sec.
                          ------------
Total (root+branch&cut) =  659.98 sec. (2250222.70 ticks)

Solution pool: 1 solution saved.

MIP - Time limit exceeded, integer feasible:  Objective =  5.3160000000e+01
Current MIP best bound = -1.0000000000e+00 (gap = 54.16, 101.88%)
Solution time =  659.98 sec.  Iterations = 0  Nodes = 0
Deterministic time = 2250222.92 ticks  (3409.56 ticks/sec)


Incumbent solution written to file 'instancias/formato_lp/karasans/K-1500-200-0.9-b-25_oplminimos.dat.sol'.
