
Log started (V12.6.0.0) Thu Feb 20 23:20:05 2014


Problem 'instancias/formato_lp/karasans/K-1500-200-0.9-a-10_oplminimos.dat.lp' read.
Read time = 16.31 sec. (200.62 ticks)
Presolve has eliminated 431 rows and 9 columns...
Presolve has improved bounds 4440 times...
Tried aggregator 2 times.
MIP Presolve eliminated 1802 rows and 23 columns.
MIP Presolve modified 14556488 coefficients.
Aggregator did 38 substitutions.
Reduced MIP has 59348 rows, 33753 columns, and 14663786 nonzeros.
Reduced MIP has 15889 binaries, 0 generals, 0 SOSs, and 0 indicators.
Presolve time = 484.41 sec. (1862662.32 ticks)
Found incumbent of value 18.576450 after 489.80 sec. (1865288.26 ticks)
Probing time = 0.65 sec. (529.51 ticks)
Cover probing fixed 0 vars, tightened 3 bounds.
Tried aggregator 2 times.
MIP Presolve eliminated 14794 rows and 1472 columns.
MIP Presolve modified 29812 coefficients.
Aggregator did 1 substitutions.
Reduced MIP has 44553 rows, 32280 columns, and 14619503 nonzeros.
Reduced MIP has 15889 binaries, 1 generals, 0 SOSs, and 0 indicators.
Presolve time = 8.97 sec. (4675.90 ticks)

        Nodes                                         Cuts/
   Node  Left     Objective  IInf  Best Integer    Best Bound    ItCnt     Gap

      0     0  -1.00000e+37     0       18.5764       -1.0000        0  105.38%

Root node processing (before b&c):
  Real time             =  696.66 sec. (2282744.80 ticks)
Parallel b&c, 4 threads:
  Real time             =    0.00 sec. (0.00 ticks)
  Sync time (average)   =    0.00 sec.
  Wait time (average)   =    0.00 sec.
                          ------------
Total (root+branch&cut) =  696.66 sec. (2282744.80 ticks)

Solution pool: 1 solution saved.

MIP - Time limit exceeded, integer feasible:  Objective =  1.8576449912e+01
Current MIP best bound = -1.0000000000e+00 (gap = 19.5764, 105.38%)
Solution time =  696.66 sec.  Iterations = 0  Nodes = 0
Deterministic time = 2282744.90 ticks  (3276.71 ticks/sec)


Incumbent solution written to file 'instancias/formato_lp/karasans/K-1500-200-0.9-a-10_oplminimos.dat.sol'.
