
Log started (V12.6.0.0) Thu Feb 20 23:08:14 2014


Problem 'instancias/formato_lp/karasans/K-1500-200-0.9-a-5_oplminimos.dat.lp' read.
Read time = 15.04 sec. (387.15 ticks)
Presolve has eliminated 75 rows and 8 columns...
Presolve has improved bounds 5127 times...
Aggregator has done 25 substitutions...
Tried aggregator 2 times.
MIP Presolve eliminated 312 rows and 15 columns.
MIP Presolve modified 28748754 coefficients.
Aggregator did 25 substitutions.
Reduced MIP has 31111 rows, 21769 columns, and 28783254 nonzeros.
Reduced MIP has 11319 binaries, 0 generals, 0 SOSs, and 0 indicators.
Presolve time = 465.19 sec. (1863813.24 ticks)
Found incumbent of value 7.459318 after 476.52 sec. (1869260.35 ticks)
Probing time = 1.23 sec. (1042.06 ticks)
Tried aggregator 2 times.
MIP Presolve eliminated 7452 rows and 1492 columns.
MIP Presolve modified 18711 coefficients.
Aggregator did 3 substitutions.
Reduced MIP has 23656 rows, 20274 columns, and 28760919 nonzeros.
Reduced MIP has 11319 binaries, 3 generals, 0 SOSs, and 0 indicators.
Presolve time = 19.40 sec. (8733.75 ticks)

        Nodes                                         Cuts/
   Node  Left     Objective  IInf  Best Integer    Best Bound    ItCnt     Gap

      0     0  -1.00000e+37     0        7.4593       -1.0000        0  113.41%

Root node processing (before b&c):
  Real time             =  696.40 sec. (2291360.84 ticks)
Parallel b&c, 4 threads:
  Real time             =    0.00 sec. (0.00 ticks)
  Sync time (average)   =    0.00 sec.
  Wait time (average)   =    0.00 sec.
                          ------------
Total (root+branch&cut) =  696.40 sec. (2291360.84 ticks)

Solution pool: 1 solution saved.

MIP - Time limit exceeded, integer feasible:  Objective =  7.4593181343e+00
Current MIP best bound = -1.0000000000e+00 (gap = 8.45932, 113.41%)
Solution time =  696.40 sec.  Iterations = 0  Nodes = 0
Deterministic time = 2291360.90 ticks  (3290.27 ticks/sec)


Incumbent solution written to file 'instancias/formato_lp/karasans/K-1500-200-0.9-a-5_oplminimos.dat.sol'.
