
Log started (V12.6.0.0) Thu Feb 20 23:31:59 2014


Problem 'instancias/formato_lp/karasans/K-1500-200-0.9-a-25_oplminimos.dat.lp' read.
Read time = 2.61 sec. (85.09 ticks)
Presolve has eliminated 11585 rows and 18 columns...
Presolve has improved bounds 5786 times...
Tried aggregator 3 times.
MIP Presolve eliminated 24223 rows and 63 columns.
MIP Presolve modified 5147994 coefficients.
Aggregator did 97 substitutions.
Reduced MIP has 124888 rows, 76828 columns, and 5383839 nonzeros.
Reduced MIP has 37058 binaries, 0 generals, 0 SOSs, and 0 indicators.
Presolve time = 389.95 sec. (1560390.48 ticks)
Found incumbent of value 44.765714 after 391.56 sec. (1561429.89 ticks)
Probing time = 0.49 sec. (413.46 ticks)
Cover probing fixed 0 vars, tightened 30345 bounds.
Tried aggregator 3 times.
MIP Presolve eliminated 36162 rows and 1452 columns.
MIP Presolve modified 140709 coefficients.
Aggregator did 22 substitutions.
Reduced MIP has 88704 rows, 75354 columns, and 5275967 nonzeros.
Reduced MIP has 37058 binaries, 2 generals, 0 SOSs, and 0 indicators.
Presolve time = 6.26 sec. (8039.56 ticks)
Probing time = 0.37 sec. (412.54 ticks)
Cover probing fixed 0 vars, tightened 1 bounds.
Clique table members: 53.
MIP emphasis: balance optimality and feasibility.
MIP search method: dynamic search.
Parallel mode: deterministic, using up to 4 threads.
Root relaxation solution time = 37.34 sec. (25875.77 ticks)

        Nodes                                         Cuts/
   Node  Left     Objective  IInf  Best Integer    Best Bound    ItCnt     Gap

*     0+    0                           44.7657       -1.0000    10236  102.23%
      0     0  -1.00000e+37     0       44.7657       -1.0000    10236  102.23%

Root node processing (before b&c):
  Real time             =  601.07 sec. (1942595.40 ticks)
Parallel b&c, 4 threads:
  Real time             =    0.00 sec. (0.00 ticks)
  Sync time (average)   =    0.00 sec.
  Wait time (average)   =    0.00 sec.
                          ------------
Total (root+branch&cut) =  601.07 sec. (1942595.40 ticks)

Solution pool: 1 solution saved.

MIP - Time limit exceeded, integer feasible:  Objective =  4.4765714286e+01
Current MIP best bound = -1.0000000000e+00 (gap = 45.7657, 102.23%)
Solution time =  601.07 sec.  Iterations = 10236  Nodes = 0
Deterministic time = 1942595.62 ticks  (3231.90 ticks/sec)


Incumbent solution written to file 'instancias/formato_lp/karasans/K-1500-200-0.9-a-25_oplminimos.dat.sol'.
