
Log started (V12.6.0.0) Thu Feb 20 23:42:03 2014


Problem 'instancias/formato_lp/karasans/K-1500-200-0.9-a-50_oplminimos.dat.lp' read.
Read time = 2.27 sec. (80.42 ticks)
Presolve has eliminated 48387 rows and 67 columns...
Presolve has improved bounds 6946 times...
Tried aggregator 3 times.
MIP Presolve eliminated 67175 rows and 153 columns.
MIP Presolve modified 3580171 coefficients.
Aggregator did 200 substitutions.
Reduced MIP has 224533 rows, 147895 columns, and 3998697 nonzeros.
Reduced MIP has 72643 binaries, 0 generals, 0 SOSs, and 0 indicators.
Presolve time = 487.03 sec. (1939989.26 ticks)
Found incumbent of value 112.627907 after 488.78 sec. (1940889.77 ticks)
Elapsed time = 18.73 sec. (10006.15 ticks) for 6% of probing (4 vars fixed)
Probing fixed 4 vars, tightened 1490 bounds.
Probing time = 22.14 sec. (12252.45 ticks)
Presolve has eliminated 68523 rows and 1401 columns...
Presolve has improved bounds 48 times...
Presolve time = 394.02 sec. (1742132.50 ticks)

Root node processing (before b&c):
  Real time             =  905.19 sec. (3695375.42 ticks)
Parallel b&c, 4 threads:
  Real time             =    0.00 sec. (0.00 ticks)
  Sync time (average)   =    0.00 sec.
  Wait time (average)   =    0.00 sec.
                          ------------
Total (root+branch&cut) =  905.19 sec. (3695375.42 ticks)

Solution pool: 1 solution saved.

MIP - Time limit exceeded, integer feasible:  Objective =  1.1262790698e+02
Current MIP best bound = -1.0000000000e+00 (gap = 113.628, 100.89%)
Solution time =  905.19 sec.  Iterations = 0  Nodes = 0
Deterministic time = 3695375.85 ticks  (4082.45 ticks/sec)


Incumbent solution written to file 'instancias/formato_lp/karasans/K-1500-200-0.9-a-50_oplminimos.dat.sol'.
