
Log started (V12.6.0.0) Fri Feb 21 00:11:31 2014


Problem 'instancias/formato_lp/karasans/K-1500-200-0.9-b-5_oplminimos.dat.lp' read.
Read time = 14.22 sec. (351.15 ticks)
Presolve has eliminated 47 rows and 8 columns...
Presolve has improved bounds 5198 times...
Tried aggregator 2 times.
Aggregator has done 20 substitutions...
MIP Presolve eliminated 178 rows and 13 columns.
MIP Presolve modified 26054548 coefficients.
Aggregator did 20 substitutions.
Reduced MIP has 31250 rows, 21416 columns, and 26105051 nonzeros.
Reduced MIP has 10959 binaries, 0 generals, 0 SOSs, and 0 indicators.
Presolve time = 421.50 sec. (1688895.14 ticks)
Found incumbent of value 7.555556 after 432.17 sec. (1693886.56 ticks)
Probing time = 1.12 sec. (945.23 ticks)
Tried aggregator 2 times.
MIP Presolve eliminated 7437 rows and 1488 columns.
MIP Presolve modified 18696 coefficients.
Aggregator did 1 substitutions.
Reduced MIP has 23812 rows, 19927 columns, and 26082768 nonzeros.
Reduced MIP has 10959 binaries, 1 generals, 0 SOSs, and 0 indicators.
Presolve time = 17.44 sec. (7750.09 ticks)

        Nodes                                         Cuts/
   Node  Left     Objective  IInf  Best Integer    Best Bound    ItCnt     Gap

      0     0  -1.00000e+37     0        7.5556       -1.0000        0  113.24%

Root node processing (before b&c):
  Real time             =  633.78 sec. (2076580.91 ticks)
Parallel b&c, 4 threads:
  Real time             =    0.00 sec. (0.00 ticks)
  Sync time (average)   =    0.00 sec.
  Wait time (average)   =    0.00 sec.
                          ------------
Total (root+branch&cut) =  633.78 sec. (2076580.91 ticks)

Solution pool: 1 solution saved.

MIP - Time limit exceeded, integer feasible:  Objective =  7.5555555556e+00
Current MIP best bound = -1.0000000000e+00 (gap = 8.55556, 113.24%)
Solution time =  633.79 sec.  Iterations = 0  Nodes = 0
Deterministic time = 2076580.97 ticks  (3276.47 ticks/sec)


Incumbent solution written to file 'instancias/formato_lp/karasans/K-1500-200-0.9-b-5_oplminimos.dat.sol'.
