
Log started (V12.6.0.0) Thu Feb 20 21:00:13 2014


Problem 'instancias/formato_lp/karasans/K-200-200-0.9-a-5_oplminimos.dat.lp' read.
Read time = 0.20 sec. (4.39 ticks)
Tried aggregator 2 times.
MIP Presolve eliminated 117 rows and 12 columns.
MIP Presolve modified 299756 coefficients.
Aggregator did 17 substitutions.
Reduced MIP has 4014 rows, 2643 columns, and 305681 nonzeros.
Reduced MIP has 1282 binaries, 0 generals, 0 SOSs, and 0 indicators.
Presolve time = 1.04 sec. (2868.71 ticks)
Found incumbent of value 8.507205 after 1.12 sec. (2933.02 ticks)
Probing fixed 27 vars, tightened 173 bounds.
Probing time = 0.34 sec. (330.00 ticks)
Cover probing fixed 0 vars, tightened 64 bounds.
Tried aggregator 2 times.
MIP Presolve eliminated 978 rows and 213 columns.
MIP Presolve modified 270611 coefficients.
Aggregator did 10 substitutions.
Reduced MIP has 3026 rows, 2420 columns, and 276257 nonzeros.
Reduced MIP has 1255 binaries, 2 generals, 0 SOSs, and 0 indicators.
Presolve time = 0.79 sec. (2385.25 ticks)
Probing time = 0.07 sec. (34.45 ticks)
Clique table members: 1908.
MIP emphasis: balance optimality and feasibility.
MIP search method: dynamic search.
Parallel mode: deterministic, using up to 4 threads.
Root relaxation solution time = 0.45 sec. (227.49 ticks)

        Nodes                                         Cuts/
   Node  Left     Objective  IInf  Best Integer    Best Bound    ItCnt     Gap

*     0+    0                            8.5072       -1.0000     1077  111.75%
      0     0        0.3366    80        8.5072        0.3366     1077   96.04%
*     0+    0                            0.6848        0.3366     1077   50.85%
*     0+    0                            0.6615        0.3366     1122   49.12%
      0     0        0.3564    69        0.6615      Cuts: 18     1122   46.12%
*     0+    0                            0.6284        0.3564     1139   43.29%
      0     0        0.3588    66        0.6284       Cuts: 8     1139   42.90%
      0     0        0.3596    65        0.6284   LiftProj: 1     1142   42.78%
*     0+    0                            0.6237        0.3596     1142   42.35%
      0     2        0.3596    65        0.6237        0.3596     1142   42.35%
Elapsed time = 4.20 sec. (7309.98 ticks, tree = 0.01 MB, solutions = 5)
*     5+    5                            0.6148        0.3632     1205   40.92%
*     5+    5                            0.6099        0.3632     1205   40.44%
     14    16        0.4483    29        0.6099        0.3639     1493   40.34%
    101   103        0.5539    28        0.6099        0.3639     4447   40.34%
    225   189        0.4947    25        0.6099        0.3736     7928   38.74%
    356   295        0.3875    32        0.6099        0.3755    11376   38.43%
    541   456        0.4718    12        0.6099        0.3758    13710   38.39%
    825   698        0.4313    23        0.6099        0.3775    16986   38.09%
   1117   965        0.3980    24        0.6099        0.3807    19899   37.58%
*  1174+ 1007                            0.6020        0.3807    21255   36.75%
   1199  1022        0.3735    31        0.6020        0.3815    23272   36.63%
   1202  1023        0.3749    37        0.6020        0.3815    23453   36.63%
   1259  1052        0.5798    25        0.6020        0.3815    25203   36.63%
Elapsed time = 15.11 sec. (16541.42 ticks, tree = 1.79 MB, solutions = 8)
   1658  1107        0.5108    18        0.6020        0.3815    32868   36.63%
   2548  1413        0.5360    10        0.6020        0.3832    40477   36.35%
   3478  1887        0.3944    20        0.6020        0.3856    50119   35.94%
   4537  2796        0.3920    23        0.6020        0.3872    60612   35.68%
   5613  3733        0.4204    22        0.6020        0.3883    71290   35.50%
   6799  4730        0.5355    24        0.6020        0.3890    84088   35.38%
   7989  5707        0.4747    23        0.6020        0.3908    96370   35.07%
   8708  6267        0.4234    14        0.6020        0.3920   103820   34.88%
  10329  7544        0.4707    17        0.6020        0.3953   121517   34.34%
  11360  8312        0.4754    29        0.6020        0.3974   134134   33.99%
Elapsed time = 32.94 sec. (26170.51 ticks, tree = 68.22 MB, solutions = 8)
  12649  9403        0.4300    27        0.6020        0.3989   146681   33.74%
  13278  9905        0.4465    20        0.6020        0.4000   153791   33.55%
  14412 10797        0.4187    17        0.6020        0.4010   165718   33.38%
  15266 11495        0.4543    21        0.6020        0.4020   175282   33.22%
  16466 12484        0.4044    20        0.6020        0.4031   187474   33.04%
  17355 13209        0.4631    12        0.6020        0.4038   195666   32.92%
  18763 14324        0.4409    27        0.6020        0.4043   212134   32.83%
  19690 15060        0.4376    18        0.6020        0.4048   222934   32.75%
  20680 15843        0.4296    11        0.6020        0.4052   233741   32.68%
  22096 16922        0.4136    35        0.6020        0.4059   251169   32.57%
Elapsed time = 51.19 sec. (36448.15 ticks, tree = 78.78 MB, solutions = 8)
  23179 17746        0.5101    18        0.6020        0.4067   263637   32.44%
  24048 18431        0.5277    29        0.6020        0.4075   273769   32.30%
  24050 18433        0.4550    34        0.6020        0.4075   273777   32.30%
  24052 18435        0.3740    32        0.6020        0.4075   274701   32.30%
  24065 18442        0.3873    24        0.6020        0.4075   275168   32.30%
  24097 18454        0.4419    33        0.6020        0.4075   275933   32.30%
  24139 18474        0.4066    21        0.6020        0.4075   277130   32.30%
  24226 17949        0.3921    11        0.6020        0.4075   279225   32.30%
  24333 17733        0.4732    17        0.6020        0.4075   281179   32.30%
  24451 17337        0.3927    30        0.6020        0.4075   283440   32.30%
Elapsed time = 79.26 sec. (58167.80 ticks, tree = 79.54 MB, solutions = 8)
  24628 17184        0.4153    21        0.6020        0.4075   284932   32.30%
  24893 16773        0.3867    16        0.6020        0.4075   287458   32.30%
  25220 16362        0.3861    35        0.6020        0.4075   291383   32.30%
  25562 16171        0.4446    26        0.6020        0.4075   294476   32.30%
  26017 15970        0.4497    15        0.6020        0.4075   299049   32.30%
  26466 15875        0.5075    27        0.6020        0.4075   304176   32.30%
  26943 15796        0.4343    35        0.6020        0.4075   308191   32.30%
  27470 15733        0.4849    13        0.6020        0.4075   313000   32.30%
  28008 15678        0.4608    21        0.6020        0.4075   319418   32.30%
  28663 15722        0.5950    24        0.6020        0.4075   325686   32.30%
Elapsed time = 96.28 sec. (67774.82 ticks, tree = 61.25 MB, solutions = 8)
  29213 15701        0.5499    25        0.6020        0.4075   331790   32.30%
  29739 15751        0.4679    28        0.6020        0.4075   337472   32.30%
  30171 15742        0.4450    23        0.6020        0.4075   342154   32.30%
  30760 15795        0.4267    17        0.6020        0.4075   348618   32.30%
  31403 15912        0.4465    17        0.6020        0.4075   355774   32.30%
  32078 16119        0.4535    19        0.6020        0.4075   362929   32.30%
  32769 16278        0.4631    10        0.6020        0.4075   370494   32.30%
  33554 16487        0.4764    19        0.6020        0.4075   379075   32.30%
  34238 16685        0.5749    35        0.6020        0.4075   385657   32.30%
  34864 16809        0.4619    18        0.6020        0.4075   393624   32.30%
Elapsed time = 113.96 sec. (77358.34 ticks, tree = 49.61 MB, solutions = 8)
  35594 17003        0.4483    20        0.6020        0.4075   401609   32.30%
  36266 17192        0.4221    29        0.6020        0.4075   409891   32.30%
  37101 17454        0.5985    21        0.6020        0.4075   418228   32.30%
  37805 17665        0.4067    18        0.6020        0.4075   426534   32.30%
  38623 17938        0.4585    14        0.6020        0.4075   435708   32.30%
  39335 18198        0.5500    14        0.6020        0.4075   443138   32.30%
  40036 18465        0.4973    28        0.6020        0.4079   451000   32.23%
  40774 18728        0.4361    27        0.6020        0.4082   460514   32.18%
  41560 19005        0.4394    27        0.6020        0.4086   468949   32.12%
  42400 19284        0.5277    14        0.6020        0.4091   478067   32.04%
Elapsed time = 132.13 sec. (86941.87 ticks, tree = 40.72 MB, solutions = 8)
  43099 19456        0.4986    10        0.6020        0.4094   486011   31.98%
  43646 19576        0.5935     8        0.6020        0.4097   492330   31.95%
  44517 19859        0.4607    31        0.6020        0.4102   501115   31.86%
  45259 20039        0.4113    24        0.6020        0.4106   510532   31.79%
  45960 20248        0.5904    14        0.6020        0.4109   518321   31.74%
  46621 20469        0.4838    14        0.6020        0.4111   525813   31.70%
  47263 20625        0.4938    16        0.6020        0.4116   532887   31.63%
  47816 20750        0.4440    31        0.6020        0.4118   539545   31.60%
  48456 20917        0.4930    21        0.6020        0.4121   546397   31.53%
  49074 21109        0.4579    17        0.6020        0.4125   552959   31.48%
Elapsed time = 150.14 sec. (96523.19 ticks, tree = 32.42 MB, solutions = 8)
  49789 21346        0.5778    23        0.6020        0.4127   562395   31.44%
  50424 21555        0.5043    18        0.6020        0.4130   569560   31.40%
  51187 21800        0.4231    20        0.6020        0.4133   577697   31.33%
  51854 22027        0.4954    29        0.6020        0.4136   584504   31.28%
  52689 22277        0.4569    15        0.6020        0.4140   593873   31.23%
  53311 22695        0.5266    28        0.6020        0.4140   603472   31.22%
  53992 23226        0.4865    12        0.6020        0.4142   611019   31.19%
  54640 23712        0.4587    20        0.6020        0.4144   619530   31.15%
  55367 24235        0.4712    18        0.6020        0.4147   626192   31.11%
  55908 24623        0.4658    27        0.6020        0.4147   631038   31.11%
Elapsed time = 168.19 sec. (106134.95 ticks, tree = 30.67 MB, solutions = 8)
  56530 25085        0.4555    22        0.6020        0.4149   638935   31.08%
  57279 25654        0.4700    24        0.6020        0.4153   647237   31.01%
  58131 26342        0.4232    22        0.6020        0.4155   655471   30.98%
  58900 26931        0.5204    22        0.6020        0.4158   663534   30.92%
  59589 27491        0.4672    22        0.6020        0.4160   671873   30.89%
  60416 28136        0.5764    24        0.6020        0.4163   680681   30.85%
  61132 28700        0.4334    21        0.6020        0.4164   688439   30.82%
  61887 29309        0.4637    37        0.6020        0.4168   696127   30.77%
  62510 29799        0.4861    27        0.6020        0.4169   703340   30.74%
  65446 32165        0.4515    24        0.6020        0.4178   734947   30.60%
Elapsed time = 191.61 sec. (118579.40 ticks, tree = 39.90 MB, solutions = 8)
  68409 34520        0.5018    14        0.6020        0.4185   767287   30.48%
  71249 36733        0.4529    22        0.6020        0.4192   798254   30.36%
  74269 39049        0.4211    29        0.6020        0.4200   832188   30.23%
  76842 41026        0.4523    17        0.6020        0.4207   860241   30.11%
  79605 43105        0.4368    25        0.6020        0.4213   890155   30.02%
  82571 45345        0.5829    21        0.6020        0.4219   922543   29.91%
  85703 47840        0.4378    16        0.6020        0.4225   955043   29.81%
  88352 49887        0.4739    17        0.6020        0.4230   985900   29.73%
  91369 52203        0.5815    10        0.6020        0.4234  1019310   29.66%
  94226 54295        0.5127    26        0.6020        0.4240  1052346   29.56%
Elapsed time = 263.83 sec. (156757.04 ticks, tree = 68.26 MB, solutions = 8)
  97194 56550        0.4923    16        0.6020        0.4245  1086197   29.48%
  99537 58257        0.5411    30        0.6020        0.4249  1112754   29.42%
 102111 60103        0.4851    14        0.6020        0.4253  1142489   29.35%
 105158 62499        0.4358    20        0.6020        0.4256  1175033   29.29%
 107894 64576        0.4859    18        0.6020        0.4260  1205957   29.24%
 110722 66640        0.5687    14        0.6020        0.4262  1241181   29.19%
 113447 68767        0.4484    24        0.6020        0.4266  1267743   29.13%
 116258 70831        0.5174    10        0.6020        0.4271  1299462   29.05%
 119072 72927        0.5776    18        0.6020        0.4274  1332233   29.00%
 121687 74704        0.4764    16        0.6020        0.4276  1369028   28.96%
Elapsed time = 335.32 sec. (194956.35 ticks, tree = 95.19 MB, solutions = 8)
 124378 76689        0.4549    34        0.6020        0.4280  1401847   28.90%
 126996 78553        0.5492    26        0.6020        0.4284  1433503   28.84%
 129777 80554        0.4877    12        0.6020        0.4288  1467023   28.77%
 132535 82606        0.4889    14        0.6020        0.4290  1498765   28.73%
 135545 84883        0.5865    16        0.6020        0.4294  1533161   28.66%
 138383 86986        0.5335    23        0.6020        0.4297  1565088   28.61%
 141117 89083        0.4745    14        0.6020        0.4300  1595035   28.57%
 143618 90726        0.5334    14        0.6020        0.4301  1632223   28.54%
 146410 92777        0.4969    30        0.6020        0.4304  1664714   28.50%
 149199 94794        0.5255    13        0.6020        0.4307  1698865   28.45%
Elapsed time = 407.24 sec. (233173.19 ticks, tree = 120.17 MB, solutions = 8)
 152131 96981        0.5212    29        0.6020        0.4310  1732226   28.41%
 154921 99028        0.5148    24        0.6020        0.4312  1764423   28.37%
 157535 100909        0.4342    17        0.6020        0.4315  1794149   28.32%
 160436 103009        0.4942    18        0.6020        0.4317  1827774   28.29%
 163246 105069        0.5140    12        0.6020        0.4319  1860198   28.25%
 166160 107189        0.4975    12        0.6020        0.4322  1894462   28.21%
 169153 109356        0.5446    18        0.6020        0.4324  1929538   28.16%
 171960 111282        0.4487    15        0.6020        0.4327  1962584   28.12%
 174527 113126        0.5101    22        0.6020        0.4329  1994711   28.09%
 177230 115086        cutoff              0.6020        0.4332  2026332   28.04%
Elapsed time = 479.22 sec. (271368.35 ticks, tree = 149.75 MB, solutions = 8)
 179885 117042        0.5401    15        0.6020        0.4334  2058352   28.00%
 182667 119094        0.5300    42        0.6020        0.4337  2091144   27.96%
 185625 121272        0.5020    21        0.6020        0.4339  2125882   27.92%
 188444 123340        0.5435    18        0.6020        0.4341  2159004   27.88%
 191099 125244        0.5095    25        0.6020        0.4343  2191860   27.85%
 193939 127316        0.4358    30        0.6020        0.4346  2226893   27.81%
 196723 129413        0.5173     8        0.6020        0.4348  2258714   27.78%
 199659 131534        0.4979    20        0.6020        0.4350  2293940   27.74%
*201052+132535                            0.6020        0.4351  2310787   27.73%
 202335 133431        0.4760    14        0.6020        0.4352  2326632   27.71%
 204806 135187        0.4504    16        0.6020        0.4353  2355242   27.68%
Elapsed time = 552.51 sec. (311278.57 ticks, tree = 176.37 MB, solutions = 8)
 207259 136930        0.5704    13        0.6020        0.4356  2383627   27.64%
 208327 137699        0.5191    17        0.6020        0.4356  2395595   27.63%
 209175 138243        0.5176    12        0.6020        0.4357  2406671   27.62%
 211706 140038        0.5038    40        0.6020        0.4359  2439766   27.59%
 214263 141875        0.4700    15        0.6020        0.4360  2469417   27.56%
 217057 143961        0.4971    23        0.6020        0.4362  2500586   27.53%

Implied bound cuts applied:  8
Flow cuts applied:  17
Mixed integer rounding cuts applied:  1
Lift and project cuts applied:  7
Gomory fractional cuts applied:  9

Root node processing (before b&c):
  Real time             =    4.17 sec. (7290.80 ticks)
Parallel b&c, 4 threads:
  Real time             =  595.83 sec. (335442.39 ticks)
  Sync time (average)   =   32.25 sec.
  Wait time (average)   =    0.00 sec.
                          ------------
Total (root+branch&cut) =  600.00 sec. (342733.18 ticks)

Solution pool: 8 solutions saved.

MIP - Time limit exceeded, integer feasible:  Objective =  6.0196545097e-01
Current MIP best bound =  4.3631162249e-01 (gap = 0.165654, 27.52%)
Solution time =  600.00 sec.  Iterations = 2516412  Nodes = 218357 (144914)
Deterministic time = 342733.19 ticks  (571.22 ticks/sec)


Incumbent solution written to file 'instancias/formato_lp/karasans/K-200-200-0.9-a-5_oplminimos.dat.sol'.
