
Log started (V12.6.0.0) Thu Feb 20 21:21:04 2014


Problem 'instancias/formato_lp/karasans/K-200-200-0.9-b-5_oplminimos.dat.lp' read.
Read time = 0.16 sec. (3.73 ticks)
Tried aggregator 2 times.
MIP Presolve eliminated 142 rows and 13 columns.
MIP Presolve modified 250790 coefficients.
Aggregator did 19 substitutions.
Reduced MIP has 3987 rows, 2590 columns, and 256257 nonzeros.
Reduced MIP has 1232 binaries, 0 generals, 0 SOSs, and 0 indicators.
Presolve time = 0.90 sec. (2420.31 ticks)
Found incumbent of value 8.935028 after 0.96 sec. (2475.30 ticks)
Probing fixed 31 vars, tightened 17 bounds.
Probing time = 0.25 sec. (229.09 ticks)
Cover probing fixed 0 vars, tightened 9 bounds.
Tried aggregator 2 times.
MIP Presolve eliminated 942 rows and 218 columns.
MIP Presolve modified 217512 coefficients.
Aggregator did 2 substitutions.
Reduced MIP has 3043 rows, 2370 columns, and 223042 nonzeros.
Reduced MIP has 1201 binaries, 2 generals, 0 SOSs, and 0 indicators.
Presolve time = 0.66 sec. (1906.89 ticks)
Probing time = 0.07 sec. (27.64 ticks)
Clique table members: 2064.
MIP emphasis: balance optimality and feasibility.
MIP search method: dynamic search.
Parallel mode: deterministic, using up to 4 threads.
Root relaxation solution time = 0.40 sec. (118.93 ticks)

        Nodes                                         Cuts/
   Node  Left     Objective  IInf  Best Integer    Best Bound    ItCnt     Gap

*     0+    0                            8.9350       -1.0000      967  111.19%
      0     0        0.2446    72        8.9350        0.2446      967   97.26%
*     0+    0                            0.5385        0.2446     1024   54.57%
      0     0        0.2669    41        0.5385      Cuts: 32     1024   50.43%
      0     0        0.2744    31        0.5385       Cuts: 8     1063   49.04%
      0     0        0.2744    31        0.5385   Flowcuts: 6     1069   49.04%
*     0+    0                            0.3922        0.2744     1069   30.03%

Repeating presolve.
Tried aggregator 2 times.
MIP Presolve eliminated 837 rows and 817 columns.
MIP Presolve modified 124305 coefficients.
Aggregator did 4 substitutions.
Reduced MIP has 2202 rows, 1549 columns, and 130331 nonzeros.
Reduced MIP has 789 binaries, 2 generals, 0 SOSs, and 0 indicators.
Presolve time = 0.27 sec. (716.52 ticks)
Probing time = 0.02 sec. (22.02 ticks)
Cover probing fixed 0 vars, tightened 7 bounds.
Tried aggregator 1 time.
MIP Presolve eliminated 7 rows and 0 columns.
MIP Presolve modified 294 coefficients.
Reduced MIP has 2195 rows, 1549 columns, and 130314 nonzeros.
Reduced MIP has 789 binaries, 2 generals, 0 SOSs, and 0 indicators.
Presolve time = 0.04 sec. (38.94 ticks)
Represolve time = 0.35 sec. (791.25 ticks)
Probing time = 0.02 sec. (22.11 ticks)
Clique table members: 304.
MIP emphasis: balance optimality and feasibility.
MIP search method: dynamic search.
Parallel mode: deterministic, using up to 4 threads.
Root relaxation solution time = 0.07 sec. (79.81 ticks)

        Nodes                                         Cuts/
   Node  Left     Objective  IInf  Best Integer    Best Bound    ItCnt     Gap

*     0+    0                            0.3922        0.2744     1868   30.03%
      0     0        0.2744    30        0.3922        0.2744     1868   30.03%
      0     0        0.2776    37        0.3922      Cuts: 10     1887   29.21%
      0     0        0.2776    38        0.3922     Cuts: 102     1904   29.21%
      0     2        0.2776    36        0.3922        0.2776     1904   29.21%
Elapsed time = 4.68 sec. (7399.64 ticks, tree = 0.01 MB, solutions = 3)
     58    54        0.3044    15        0.3922        0.2850     3202   27.33%
    301   219        0.2879    16        0.3922        0.2851     7475   27.32%
    558   373        0.3362    25        0.3922        0.2858    10812   27.14%
    818   546        0.2927    12        0.3922        0.2883    13771   26.48%
   1108   729        0.2941    15        0.3922        0.2928    16786   25.34%
   1370   881        0.2961    16        0.3922        0.2946    20733   24.89%
   1697  1104        0.3398    16        0.3922        0.2958    24366   24.59%
   2104  1317        0.3314    35        0.3922        0.2976    28272   24.11%
   2316  1400        0.3029    26        0.3922        0.2990    31256   23.76%
   3564  2132        0.2847    30        0.3922        0.3026    44115   22.83%
Elapsed time = 12.62 sec. (12163.21 ticks, tree = 6.82 MB, solutions = 3)
   3633  2074        0.3175    13        0.3922        0.3026    45894   22.83%
   4393  1717        0.2910    36        0.3922        0.3026    52704   22.83%
   6416  1990        0.3075     8        0.3922        0.3026    74304   22.83%
   7267  2467        0.3728    24        0.3922        0.3026    83764   22.83%
   8261  3008        0.3173    15        0.3922        0.3043    93864   22.41%
   8780  3252        0.3484     9        0.3922        0.3057   100546   22.07%
   9535  3672        0.3398    20        0.3922        0.3071   108545   21.71%
  10891  4371        0.3304    10        0.3922        0.3097   122900   21.04%
  12443  5155        0.3394    19        0.3922        0.3114   138454   20.59%
  13668  5750        0.3137    16        0.3922        0.3133   150734   20.11%
Elapsed time = 27.46 sec. (21999.63 ticks, tree = 5.54 MB, solutions = 3)
  15071  6306        0.3267    24        0.3922        0.3152   164919   19.63%
  16428  6779        0.3879     8        0.3922        0.3167   178913   19.26%
  17911  7481        0.3231    22        0.3922        0.3185   191527   18.79%
  19489  8106        0.3302    20        0.3922        0.3202   205413   18.37%
  20763  8665        0.3873    22        0.3922        0.3213   216575   18.09%
  22289  9324        cutoff              0.3922        0.3220   230412   17.89%
  23548  9783        0.3237    16        0.3922        0.3234   242903   17.55%
  25138 10448        0.3919    13        0.3922        0.3243   256752   17.33%
  25934 10739        0.3663    12        0.3922        0.3252   263708   17.09%
  25938 10741        0.2847    30        0.3922        0.3252   264547   17.09%
Elapsed time = 45.26 sec. (32964.93 ticks, tree = 11.53 MB, solutions = 3)
* 25945+ 7163                            0.3922        0.3252   264793   17.09%
  25979  7173        0.3024    19        0.3922        0.3252   265571   17.09%
  26084  5976        0.3370    19        0.3922        0.3252   267173   17.09%
  26347  5019        0.2982    22        0.3922        0.3252   269615   17.09%
  26850  3993        0.3589    16        0.3922        0.3252   274880   17.09%
  27416  3667        0.3719     8        0.3922        0.3252   281160   17.09%
  28076  3494        0.3806    10        0.3922        0.3252   288613   17.09%
  28919  3414        0.3111    23        0.3922        0.3252   297708   17.09%
  29749  3473        0.3040    21        0.3922        0.3252   305705   17.09%
  30554  3443        0.3281    23        0.3922        0.3252   315142   17.09%
  31402  3466        0.3176    15        0.3922        0.3252   323884   17.09%
Elapsed time = 61.59 sec. (42555.80 ticks, tree = 2.86 MB, solutions = 3)
  32128  3452    infeasible              0.3922        0.3252   331426   17.09%
  33047  3976        0.3235    16        0.3922        0.3252   339493   17.09%
  33858  4409        0.3317    12        0.3922        0.3252   347818   17.09%
  34586  4744        0.3827    19        0.3922        0.3252   354324   17.09%
  35332  5148        cutoff              0.3922        0.3252   361577   17.09%
  36047  5481        0.3144    12        0.3922        0.3252   368805   17.09%
  36734  5777        0.3611    13        0.3922        0.3252   375176   17.09%
  37488  6176        0.3568    12        0.3922        0.3252   381739   17.09%
  38231  6496    infeasible              0.3922        0.3252   389161   17.09%
  39057  6916        0.3453    24        0.3922        0.3252   396466   17.09%
Elapsed time = 79.71 sec. (52142.77 ticks, tree = 5.78 MB, solutions = 3)
  39717  7198        0.3475    16        0.3922        0.3252   402987   17.09%
  40372  7497        cutoff              0.3922        0.3252   409250   17.09%
  41115  7848        0.3550    18        0.3922        0.3252   416208   17.09%
  41739  8065        0.3524    28        0.3922        0.3252   422821   17.09%
  42495  8446        0.3290    13        0.3922        0.3252   429336   17.09%
  43233  8774        0.3481    18        0.3922        0.3252   435993   17.09%
  43852  9001        0.3249    18        0.3922        0.3252   441518   17.09%
  44490  9275        0.3696    26        0.3922        0.3252   446764   17.09%
  45203  9580        0.3548    15        0.3922        0.3252   452556   17.09%
  45807  9775        0.3652    20        0.3922        0.3252   458552   17.09%
Elapsed time = 97.40 sec. (61752.87 ticks, tree = 8.69 MB, solutions = 3)
  46475 10034        0.3426    19        0.3922        0.3252   464797   17.09%
  47024 10244        0.3246     8        0.3922        0.3252   469887   17.09%
  47656 10459        0.3477    15        0.3922        0.3252   475609   17.09%
  48250 10652        0.3715    17        0.3922        0.3252   481262   17.09%
  48993 10959        0.3373    14        0.3922        0.3253   486913   17.05%
  49605 11167        0.3728    16        0.3922        0.3258   492228   16.94%
  50182 11325        0.3625    20        0.3922        0.3262   497681   16.84%
  50805 11532        0.3741    20        0.3922        0.3266   503120   16.71%
  51461 11821        0.3317    21        0.3922        0.3268   509199   16.67%
  52141 12115        0.3731    24        0.3922        0.3271   514979   16.59%
Elapsed time = 115.06 sec. (71346.18 ticks, tree = 10.95 MB, solutions = 3)
  52709 12347        0.3545    16        0.3922        0.3275   520091   16.50%
  53323 12568        0.3442    10        0.3922        0.3278   525339   16.42%
  53802 12702        0.3383    13        0.3922        0.3281   530223   16.34%
  54454 12938        0.3394    19        0.3922        0.3285   536298   16.25%
  55144 13224        0.3570    16        0.3922        0.3288   541480   16.18%
  55699 13416        0.3402    17        0.3922        0.3290   546611   16.11%
  56282 13599        0.3473    16        0.3922        0.3294   552117   16.02%
  56823 13723        0.3512    11        0.3922        0.3297   557482   15.92%
  57282 13850        0.3351    25        0.3922        0.3300   562466   15.86%
  57866 14074        0.3515    14        0.3922        0.3303   567231   15.79%
Elapsed time = 132.77 sec. (80930.13 ticks, tree = 14.07 MB, solutions = 3)
  58452 14250        cutoff              0.3922        0.3305   571848   15.74%
  59137 14420        0.3493    14        0.3922        0.3310   577734   15.61%
  59727 14639        0.3387    16        0.3922        0.3313   582457   15.53%
  60290 14814        0.3331    17        0.3922        0.3315   587215   15.47%
  60942 15019        0.3629    14        0.3922        0.3318   592929   15.40%
  61590 15252        0.3556    15        0.3922        0.3321   598422   15.32%
  62251 15375        0.3460    26        0.3922        0.3326   604207   15.21%
  62897 15516        0.3745    18        0.3922        0.3329   609656   15.11%
  63560 15672        0.3626    18        0.3922        0.3333   615169   15.01%
  64171 15877        0.3512    16        0.3922        0.3336   620249   14.94%
Elapsed time = 150.47 sec. (90510.34 ticks, tree = 15.82 MB, solutions = 3)
  64796 16061        0.3482    17        0.3922        0.3339   624844   14.86%
  65357 16161        0.3445    22        0.3922        0.3342   630407   14.79%
  65961 16271        0.3623    19        0.3922        0.3346   635732   14.68%
  66554 16441        0.3674    19        0.3922        0.3349   640806   14.61%
  67129 16685        0.3400    13        0.3922        0.3351   645677   14.57%
  67730 16855        0.3740    20        0.3922        0.3353   650759   14.51%
  68270 17042        0.3639    15        0.3922        0.3355   654805   14.46%
  68802 17029        0.3536    17        0.3922        0.3357   661611   14.40%
  69405 17100        0.3377     9        0.3922        0.3361   667355   14.32%
  71570 17619        0.3898    19        0.3922        0.3370   685599   14.07%
Elapsed time = 173.57 sec. (102994.33 ticks, tree = 18.05 MB, solutions = 3)
  73857 18120        0.3774     8        0.3922        0.3380   704980   13.81%
  76111 18630        0.3697     7        0.3922        0.3390   724465   13.57%
  78509 19018        0.3423    14        0.3922        0.3402   744885   13.27%
  80884 19426        0.3415    16        0.3922        0.3412   763928   13.01%
  83380 19836        0.3912     6        0.3922        0.3422   785459   12.75%
  85696 20026        0.3661    16        0.3922        0.3431   807579   12.52%
  88093 20429        0.3599    24        0.3922        0.3440   826972   12.30%
  90561 20661        0.3886    17        0.3922        0.3451   847236   12.02%
  93079 20950        0.3518    17        0.3922        0.3460   868027   11.79%
  95578 21234        0.3771    14        0.3922        0.3469   888984   11.54%
Elapsed time = 244.59 sec. (141206.12 ticks, tree = 22.02 MB, solutions = 3)
  98159 21493        0.3637    16        0.3922        0.3479   910169   11.29%
 100620 21779        0.3594    12        0.3922        0.3488   930388   11.08%
 103110 21822        0.3504    13        0.3922        0.3500   950526   10.76%
 105675 22091        0.3770    16        0.3922        0.3508   971441   10.55%
 108279 22278        0.3645     6        0.3922        0.3518   992632   10.29%
 110846 22366        0.3634    14        0.3922        0.3528  1013094   10.05%
 113329 22467        0.3743    22        0.3922        0.3537  1032964    9.82%
 115918 22493        0.3914    14        0.3922        0.3547  1053762    9.55%
 118303 22693        0.3739     8        0.3922        0.3554  1074396    9.39%
 120779 22547        0.3596    17        0.3922        0.3563  1096779    9.16%
Elapsed time = 316.41 sec. (179392.78 ticks, tree = 24.41 MB, solutions = 3)
 123502 22405        0.3640    31        0.3922        0.3571  1119078    8.96%
 126284 22082        0.3684    21        0.3922        0.3580  1142255    8.72%
 128905 22176        0.3849    25        0.3922        0.3588  1162886    8.53%
 131568 21842        0.3700    20        0.3922        0.3599  1183094    8.25%
 134463 21574        0.3712     6        0.3922        0.3610  1206666    7.97%
 137223 21333    infeasible              0.3922        0.3620  1227831    7.70%
 139878 20932        0.3649     9        0.3922        0.3631  1248177    7.43%
 142698 20568        0.3672    18        0.3922        0.3640  1269100    7.18%
 145578 20036        0.3666    15        0.3922        0.3651  1291509    6.91%
 148479 19367        0.3775    25        0.3922        0.3661  1314344    6.64%
Elapsed time = 389.11 sec. (217576.61 ticks, tree = 21.54 MB, solutions = 3)
 151294 18700        0.3674    24        0.3922        0.3673  1336172    6.36%
 154402 17784        0.3688    14        0.3922        0.3685  1359696    6.03%
 157499 16730        0.3772    17        0.3922        0.3700  1382586    5.66%
 160634 15641        0.3718    19        0.3922        0.3715  1405526    5.28%
 163679 14525        cutoff              0.3922        0.3730  1428038    4.90%
 166972 13122        0.3761     8        0.3922        0.3747  1452566    4.46%
 170372 11512        0.3793    12        0.3922        0.3767  1477335    3.96%
 173804  9716        0.3806     8        0.3922        0.3788  1501385    3.41%
 177626  7397        0.3832    16        0.3922        0.3816  1526664    2.70%
 181630  4703        0.3863    14        0.3922        0.3849  1553612    1.87%
Elapsed time = 460.62 sec. (255782.72 ticks, tree = 5.57 MB, solutions = 3)
 186111  1242        cutoff              0.3922        0.3896  1577892    0.66%

Cover cuts applied:  2
Implied bound cuts applied:  5
Flow cuts applied:  13
Lift and project cuts applied:  2
Gomory fractional cuts applied:  8

Root node processing (before b&c):
  Real time             =    4.67 sec. (7397.76 ticks)
Parallel b&c, 4 threads:
  Real time             =  464.54 sec. (253065.08 ticks)
  Sync time (average)   =   20.13 sec.
  Wait time (average)   =    0.00 sec.
                          ------------
Total (root+branch&cut) =  469.21 sec. (260462.84 ticks)

Solution pool: 3 solutions saved.

MIP - Integer optimal, tolerance (0.0001/1e-06):  Objective =  3.9220153803e-01
Current MIP best bound =  3.9216383230e-01 (gap = 3.77057e-05, 0.01%)
Solution time =  469.21 sec.  Iterations = 1583001  Nodes = 187469 (19)
Deterministic time = 260462.85 ticks  (555.11 ticks/sec)


Incumbent solution written to file 'instancias/formato_lp/karasans/K-200-200-0.9-b-5_oplminimos.dat.sol'.
