
Log started (V12.6.0.0) Thu Feb 20 21:10:53 2014


Problem 'instancias/formato_lp/karasans/K-200-200-0.9-a-25_oplminimos.dat.lp' read.
Read time = 0.11 sec. (3.11 ticks)
Tried aggregator 3 times.
MIP Presolve eliminated 5027 rows and 78 columns.
MIP Presolve modified 101647 coefficients.
Aggregator did 96 substitutions.
Reduced MIP has 12785 rows, 9097 columns, and 120212 nonzeros.
Reduced MIP has 4441 binaries, 0 generals, 0 SOSs, and 0 indicators.
Presolve time = 0.82 sec. (2833.39 ticks)
Found incumbent of value 36.450000 after 0.88 sec. (2866.82 ticks)
Probing fixed 3 vars, tightened 124 bounds.
Probing time = 0.79 sec. (270.81 ticks)
Cover probing fixed 0 vars, tightened 3027 bounds.
Tried aggregator 2 times.
MIP Presolve eliminated 3467 rows and 159 columns.
MIP Presolve modified 81663 coefficients.
Aggregator did 12 substitutions.
Reduced MIP has 9306 rows, 8926 columns, and 97276 nonzeros.
Reduced MIP has 4438 binaries, 3 generals, 0 SOSs, and 0 indicators.
Presolve time = 0.64 sec. (2200.41 ticks)
Probing fixed 1 vars, tightened 1 bounds.
Probing time = 0.22 sec. (59.82 ticks)
Clique table members: 68599.
MIP emphasis: balance optimality and feasibility.
MIP search method: dynamic search.
Parallel mode: deterministic, using up to 4 threads.
Root relaxation solution time = 0.61 sec. (418.88 ticks)

        Nodes                                         Cuts/
   Node  Left     Objective  IInf  Best Integer    Best Bound    ItCnt     Gap

*     0+    0                           36.4500       -1.0000     1116  102.74%
      0     0        0.3149    31       36.4500        0.3149     1116   99.14%
*     0+    0                            0.4583        0.3149     1116   31.29%
      0     0        0.3179    32        0.4583      Cuts: 21     1126   30.64%
      0     0        cutoff              0.4583        0.4583     1126    0.00%
Elapsed time = 4.07 sec. (6573.94 ticks, tree = 0.00 MB, solutions = 2)

Implied bound cuts applied:  2
Flow cuts applied:  1
Mixed integer rounding cuts applied:  11

Root node processing (before b&c):
  Real time             =    4.07 sec. (6574.32 ticks)
Parallel b&c, 4 threads:
  Real time             =    0.00 sec. (0.00 ticks)
  Sync time (average)   =    0.00 sec.
  Wait time (average)   =    0.00 sec.
                          ------------
Total (root+branch&cut) =    4.07 sec. (6574.32 ticks)

Solution pool: 2 solutions saved.

MIP - Integer optimal solution:  Objective =  4.5833333333e-01
Solution time =    4.07 sec.  Iterations = 1126  Nodes = 0
Deterministic time = 6574.35 ticks  (1613.73 ticks/sec)


Incumbent solution written to file 'instancias/formato_lp/karasans/K-200-200-0.9-a-25_oplminimos.dat.sol'.
