
Log started (V12.6.0.0) Thu Feb 20 20:50:12 2014


Problem 'instancias/formato_lp/karasans/K-200-200-0.9-a-2_oplminimos.dat.lp' read.
Read time = 0.49 sec. (11.91 ticks)
Tried aggregator 2 times.
MIP Presolve eliminated 15 rows and 6 columns.
MIP Presolve modified 872070 coefficients.
Aggregator did 12 substitutions.
Reduced MIP has 1781 rows, 3358 columns, and 871879 nonzeros.
Reduced MIP has 2569 binaries, 0 generals, 0 SOSs, and 0 indicators.
Presolve time = 2.34 sec. (3651.67 ticks)
Found incumbent of value 3.300223 after 3.57 sec. (3922.83 ticks)
Probing fixed 2 vars, tightened 0 bounds.
Probing time = 0.26 sec. (183.14 ticks)
Cover probing fixed 0 vars, tightened 3 bounds.
Tried aggregator 3 times.
MIP Presolve eliminated 389 rows and 196 columns.
MIP Presolve modified 1946 coefficients.
Aggregator did 2 substitutions.
Reduced MIP has 1390 rows, 3160 columns, and 869915 nonzeros.
Reduced MIP has 2567 binaries, 1 generals, 0 SOSs, and 0 indicators.
Presolve time = 1.42 sec. (416.40 ticks)
Probing time = 0.08 sec. (62.56 ticks)
Clique table members: 227.
MIP emphasis: balance optimality and feasibility.
MIP search method: dynamic search.
Parallel mode: deterministic, using up to 4 threads.
Root relaxation solution time = 0.94 sec. (345.84 ticks)

        Nodes                                         Cuts/
   Node  Left     Objective  IInf  Best Integer    Best Bound    ItCnt     Gap

*     0+    0                            3.3002       -1.0000      679  130.30%
      0     0        0.3176   187        3.3002        0.3176      679   90.38%
*     0+    0                            1.2109        0.3176      796   73.77%
      0     0        0.3533   144        1.2109      Cuts: 36      796   70.83%
*     0+    0                            0.6513        0.3533      863   45.76%
      0     0        0.3661   137        0.6513      Cuts: 26      863   43.80%
      0     0        0.3664   138        0.6513       Cuts: 2      867   43.74%
*     0+    0                            0.6340        0.3664      867   42.20%
      0     2        0.3664   138        0.6340        0.3664      867   42.20%
Elapsed time = 16.29 sec. (9796.33 ticks, tree = 0.01 MB, solutions = 4)
      5     7        0.3717   134        0.6340        0.3686      942   41.87%
     14    16        0.3801   116        0.6340        0.3721     1070   41.31%
    118   120        0.3814    37        0.6340        0.3746     2006   40.91%
    134   136        0.3838    39        0.6340        0.3746     2259   40.91%
*   137+  137                            0.6158        0.3746     2288   39.16%
    137   139        0.3880    41        0.6158        0.3746     2288   39.16%
    226   228        0.3841    32        0.6158        0.3746     2977   39.16%
    290   292        0.4137    37        0.6158        0.3746     3684   39.16%
    335   337        0.4303    39        0.6158        0.3746     4482   39.16%
*   391+  383                            0.6125        0.3746     5050   38.84%
    420   408        0.4104    48        0.6125        0.3746     5418   38.84%
    428   416        0.4341    44        0.6125        0.3746     5626   38.84%
Elapsed time = 23.20 sec. (13186.47 ticks, tree = 0.51 MB, solutions = 6)
*   690+  656                            0.6106        0.3749     8434   38.61%
    877   810        0.3891   113        0.6106        0.3749    11599   38.61%
   1211  1104        0.3809    77        0.6106        0.3809    15957   37.61%
   1219  1108        0.4234    76        0.6106        0.3809    16167   37.61%
   1231  1115        0.4277    69        0.6106        0.3809    16538   37.61%
   1389  1204        0.4538    36        0.6106        0.3809    22065   37.61%
   1669  1353        0.4943    45        0.6106        0.3811    25670   37.58%
   1954  1473        0.3891    54        0.6106        0.3812    32770   37.57%
   2184  1581        0.3813    94        0.6106        0.3812    35788   37.57%
   2610  1782        0.3813    49        0.6106        0.3813    42096   37.55%
   3351  2123        0.4986    40        0.6106        0.3815    55260   37.52%
Elapsed time = 65.95 sec. (44085.15 ticks, tree = 6.86 MB, solutions = 7)
   3998  2567        0.5239    25        0.6106        0.3816    63205   37.50%
   4617  3131        0.4866    40        0.6106        0.3817    71793   37.48%
   5254  3676        0.4054    30        0.6106        0.3820    82953   37.43%
   5753  4082        0.4165    57        0.6106        0.3822    92685   37.40%
   6274  4537        0.3858    26        0.6106        0.3824   100463   37.37%
   6912  5120        0.3872    35        0.6106        0.3826   108387   37.33%
   7445  5583        0.4072    35        0.6106        0.3828   115153   37.31%
   8277  6311        0.3887    34        0.6106        0.3830   127778   37.27%
   8889  6842        0.3832    37        0.6106        0.3832   138606   37.24%
   9814  7628        0.4465    32        0.6106        0.3834   153164   37.21%
Elapsed time = 84.10 sec. (53829.72 ticks, tree = 14.69 MB, solutions = 7)
  10597  8320        0.3835    30        0.6106        0.3835   164412   37.19%
  11369  8992        0.4623    35        0.6106        0.3836   173175   37.18%
  11997  9525        0.4583    65        0.6106        0.3839   179788   37.13%
  12477  9947        0.5977    65        0.6106        0.3840   186989   37.11%
  13014 10406        0.4769    34        0.6106        0.3841   193704   37.09%
  13593 10892        0.4419    31        0.6106        0.3842   202640   37.08%
  14396 11577        0.4471    39        0.6106        0.3843   214304   37.06%
  15135 12213        0.4417    50        0.6106        0.3844   223135   37.04%
  15550 12563        0.3863    37        0.6106        0.3845   227978   37.03%
  16132 13053        0.3999    30        0.6106        0.3846   235561   37.01%
Elapsed time = 103.35 sec. (64031.77 ticks, tree = 77.65 MB, solutions = 7)
  16723 13573        0.5019    43        0.6106        0.3847   241193   36.99%
  17169 13963        0.5185    55        0.6106        0.3848   246761   36.98%
  17703 14422        0.4267    42        0.6106        0.3849   253173   36.97%
  18396 15000        0.4041    36        0.6106        0.3850   261396   36.94%
  18917 15457        0.5248    53        0.6106        0.3851   267923   36.94%
  19544 15970        0.4093    56        0.6106        0.3852   276866   36.91%
  20035 16395        0.4370    48        0.6106        0.3852   283075   36.90%
  20690 16961        cutoff              0.6106        0.3854   290312   36.88%
  21167 17375        0.5490    59        0.6106        0.3854   297414   36.87%
  21832 17940        0.4105    58        0.6106        0.3856   306541   36.84%
Elapsed time = 122.27 sec. (73733.71 ticks, tree = 125.11 MB, solutions = 7)
  22323 18365        0.3895    31        0.6106        0.3857   311758   36.83%
  23046 18970        0.4102    33        0.6106        0.3858   321546   36.81%
  23524 19391        0.3901    43        0.6106        0.3859   326542   36.80%
  23931 19745        0.3989    66        0.6106        0.3859   332057   36.79%
  24137 19929        0.3944    45        0.6106        0.3859   333360   36.79%
  24139 19931        0.4011    25        0.6106        0.3859   333374   36.79%
  24141 19933        0.3944    43        0.6106        0.3859   333377   36.79%
  24143 19935        0.4011    30        0.6106        0.3859   333390   36.79%
  24145 19937        0.3944    46        0.6106        0.3859   333392   36.79%
  24440 20191        0.4437    45        0.6106        0.3860   337459   36.79%
Elapsed time = 144.98 sec. (97365.84 ticks, tree = 128.24 MB, solutions = 7)
* 24539+20280                            0.6105        0.3860   338391   36.77%
* 24539+20280                            0.6099        0.3860   338391   36.72%
* 24539+20280                            0.6093        0.3860   338391   36.65%
  24539 20282        0.4834    49        0.6093        0.3860   338391   36.65%
  25202 20821        0.4083    38        0.6093        0.3861   347539   36.63%
  25548 21105        0.3994    29        0.6093        0.3861   352762   36.63%
  26086 21558        0.5862    52        0.6093        0.3862   360472   36.61%
  26661 22034        0.4299    32        0.6093        0.3863   366598   36.60%
  27481 22740        cutoff              0.6093        0.3864   374734   36.58%
  27964 23150        0.3871    42        0.6093        0.3865   380635   36.57%
  28583 23708        0.4007    35        0.6093        0.3866   388879   36.55%
  29333 24364        0.4144    31        0.6093        0.3867   397625   36.54%
  29961 24895        cutoff              0.6093        0.3867   402976   36.53%
Elapsed time = 187.64 sec. (125567.55 ticks, tree = 135.18 MB, solutions = 10)
  30717 25543        0.5438    51        0.6093        0.3868   412184   36.52%
  31402 26135        0.4514    43        0.6093        0.3868   419406   36.51%
  32443 27069        0.4708    46        0.6093        0.3868   430591   36.51%
  33073 27601        0.4046    31        0.6093        0.3869   438578   36.50%
  33967 28357        0.3950    49        0.6093        0.3869   448583   36.50%
  34469 28800        0.4828    52        0.6093        0.3870   454012   36.49%
  35337 29566        0.4000    32        0.6093        0.3870   462617   36.49%
  36054 30197        0.4798    30        0.6093        0.3870   469637   36.48%
  36737 30781        0.4201    29        0.6093        0.3870   478508   36.48%
  37571 31512        0.4587    32        0.6093        0.3871   487285   36.47%
Elapsed time = 206.66 sec. (135146.39 ticks, tree = 144.84 MB, solutions = 10)
  38148 31997        0.5767    36        0.6093        0.3871   494812   36.46%
  38309 32141        0.3903    24        0.6093        0.3871   496290   36.46%
  38900 32635        0.4314    37        0.6093        0.3872   507439   36.46%
  39679 33334        0.3898    48        0.6093        0.3872   514601   36.45%
  40556 34118        0.3876    38        0.6093        0.3872   523697   36.44%
  41212 34675        0.4941    46        0.6093        0.3873   534745   36.44%
  41801 35186        0.3980    85        0.6093        0.3873   542363   36.43%
  42515 35809        0.4833    50        0.6093        0.3873   553151   36.43%
  43253 36444        0.4983    49        0.6093        0.3874   562228   36.42%
  44060 37158        0.4839    55        0.6093        0.3874   569612   36.42%
Elapsed time = 230.00 sec. (153359.39 ticks, tree = 154.02 MB, solutions = 10)
  44689 37703        0.4765    32        0.6093        0.3874   577296   36.42%
  45208 38129        0.4094    24        0.6093        0.3874   584037   36.42%
  45950 38773        0.4520    36        0.6093        0.3875   592625   36.41%
  46522 39273        0.4584    37        0.6093        0.3875   600862   36.41%
  47113 39803        0.5433    53        0.6093        0.3875   607341   36.40%
  47942 40513        0.4025    30        0.6093        0.3875   616287   36.40%
  48635 41111        0.5573    47        0.6093        0.3875   626847   36.39%
  49372 41759        0.3968    44        0.6093        0.3876   635164   36.39%
  50285 42531        0.5138    52        0.6093        0.3876   646852   36.38%
  52313 44278        0.4530    62        0.6093        0.3877   673762   36.37%
Elapsed time = 256.98 sec. (168659.30 ticks, tree = 164.11 MB, solutions = 10)
  55220 46800        0.4287    39        0.6093        0.3878   702547   36.36%
  58399 49607        0.5657    62        0.6093        0.3879   736466   36.34%
  60918 51751        0.3916    32        0.6093        0.3880   769150   36.32%
  63487 54000        0.4423    32        0.6093        0.3881   801454   36.31%
  63990 54429        0.4051    38        0.6093        0.3881   807057   36.30%
  65586 55803        0.3978    28        0.6093        0.3881   823476   36.30%
  68589 58441        0.4272    33        0.6093        0.3883   853801   36.28%
  71441 60899        0.4017    31        0.6093        0.3883   885958   36.27%
  73712 62811        0.3923    49        0.6093        0.3884   911635   36.25%
  75508 64338        0.5301    35        0.6093        0.3885   930306   36.24%
Elapsed time = 327.76 sec. (209976.74 ticks, tree = 359.71 MB, solutions = 10)
  78398 66860        0.4156    36        0.6093        0.3885   962851   36.23%
  81367 69420        0.4206    57        0.6093        0.3886   995375   36.22%
  82606 70492        0.4098    35        0.6093        0.3886  1006630   36.22%
  84316 71959        0.4208    41        0.6093        0.3887  1027440   36.21%
  87196 74475        0.5212    58        0.6093        0.3887  1057068   36.20%
  90107 77022        0.4167    46        0.6093        0.3888  1085966   36.19%
  93053 79609        0.5839    62        0.6093        0.3888  1114126   36.18%
  96141 82298        0.4110    30        0.6093        0.3889  1146029   36.17%
  98824 84629        0.5004    34        0.6093        0.3890  1173550   36.16%
  99466 85180        0.4057    33        0.6093        0.3890  1180914   36.16%
Elapsed time = 398.53 sec. (250115.79 ticks, tree = 755.96 MB, solutions = 10)
 102598 87904        0.3996    34        0.6093        0.3890  1214036   36.15%
 105454 90387        0.4449    32        0.6093        0.3891  1243801   36.14%
 108181 92723        0.4073    33        0.6093        0.3892  1274549   36.13%
 110618 94834        0.3967    30        0.6093        0.3892  1300176   36.12%
 111401 95492        0.4512    33        0.6093        0.3892  1310231   36.11%
 113660 97433        cutoff              0.6093        0.3893  1337841   36.11%
 116275 99708        0.4244    38        0.6093        0.3893  1366497   36.10%
 118649 101734        0.5645    36        0.6093        0.3894  1394347   36.09%
 121457 104145        cutoff              0.6093        0.3895  1424749   36.08%
 124131 106503        cutoff              0.6093        0.3895  1452608   36.07%
Elapsed time = 469.33 sec. (289061.27 ticks, tree = 947.74 MB, solutions = 10)
*126513+108560                            0.6093        0.3896  1476888   36.06%
 126543 108578        0.4027    31        0.6093        0.3896  1477211   36.06%
 127421 109339        0.4047    38        0.6093        0.3896  1486563   36.06%
 130034 111607        0.4540    41        0.6093        0.3896  1514330   36.05%
 132896 114085        0.4759    38        0.6093        0.3897  1544483   36.04%
 135376 116239        0.3902    39        0.6093        0.3897  1569963   36.03%
 135820 116636        0.4324    54        0.6093        0.3898  1573506   36.03%
 135826 116637        0.4039    21        0.6093        0.3898  1573662   36.03%
 138518 118970        0.4237    28        0.6093        0.3898  1603811   36.02%
 141275 121389        0.4580    55        0.6093        0.3898  1631310   36.02%
 143879 123584        0.4470    35        0.6093        0.3899  1660125   36.01%
Elapsed time = 532.38 sec. (332221.81 ticks, tree = 970.28 MB, solutions = 10)
 146381 125788        0.4926    61        0.6093        0.3899  1685500   36.00%
*146743+126085                            0.6093        0.3899  1689650   36.00%
 148064 127208        0.4169    26        0.6093        0.3899  1704741   36.00%
 148096 127236        0.3976    25        0.6093        0.3899  1704962   36.00%
 149606 128558        0.4471    39        0.6093        0.3900  1719167   36.00%
 151304 130047        0.5006    61        0.6093        0.3900  1737121   35.99%
 152951 131493        0.4186    33        0.6093        0.3900  1751469   35.99%
 156239 134328        0.3944    43        0.6093        0.3901  1785608   35.98%
 159486 137146        0.5426    45        0.6093        0.3901  1815610   35.97%
 159865 137465        0.4208    48        0.6093        0.3901  1819135   35.97%
 162922 140047        0.4132    31        0.6093        0.3902  1852888   35.96%
Elapsed time = 595.78 sec. (378878.55 ticks, tree = 994.74 MB, solutions = 10)

Flow cuts applied:  12
Mixed integer rounding cuts applied:  14
Lift and project cuts applied:  36
Gomory fractional cuts applied:  33

Root node processing (before b&c):
  Real time             =   16.20 sec. (9751.52 ticks)
Parallel b&c, 4 threads:
  Real time             =  583.80 sec. (371744.20 ticks)
  Sync time (average)   =   36.97 sec.
  Wait time (average)   =    0.12 sec.
                          ------------
Total (root+branch&cut) =  600.00 sec. (381495.72 ticks)

Solution pool: 10 solutions saved.

MIP - Time limit exceeded, integer feasible:  Objective =  6.0928657694e-01
Current MIP best bound =  3.9017582285e-01 (gap = 0.219111, 35.96%)
Solution time =  600.01 sec.  Iterations = 1868424  Nodes = 164513 (141420)
Deterministic time = 381495.73 ticks  (635.82 ticks/sec)


Incumbent solution written to file 'instancias/formato_lp/karasans/K-200-200-0.9-a-2_oplminimos.dat.sol'.
