
Log started (V12.6.0.0) Thu Feb 20 21:11:03 2014


Problem 'instancias/formato_lp/karasans/K-200-200-0.9-b-2_oplminimos.dat.lp' read.
Read time = 0.55 sec. (10.66 ticks)
Tried aggregator 2 times.
MIP Presolve eliminated 15 rows and 13 columns.
MIP Presolve modified 1552936 coefficients.
Aggregator did 10 substitutions.
Reduced MIP has 1783 rows, 3122 columns, and 780788 nonzeros.
Reduced MIP has 2331 binaries, 0 generals, 0 SOSs, and 0 indicators.
Presolve time = 3.19 sec. (6151.15 ticks)
Found incumbent of value 2.917486 after 4.21 sec. (6391.29 ticks)
Probing time = 0.11 sec. (65.77 ticks)
Cover probing fixed 0 vars, tightened 1 bounds.
Tried aggregator 2 times.
MIP Presolve eliminated 388 rows and 194 columns.
MIP Presolve modified 1145 coefficients.
Aggregator did 2 substitutions.
Reduced MIP has 1393 rows, 2926 columns, and 779626 nonzeros.
Reduced MIP has 2331 binaries, 1 generals, 0 SOSs, and 0 indicators.
Presolve time = 1.18 sec. (329.96 ticks)
Probing fixed 1 vars, tightened 0 bounds.
Probing time = 0.16 sec. (188.43 ticks)
Clique table members: 123.
MIP emphasis: balance optimality and feasibility.
MIP search method: dynamic search.
Parallel mode: deterministic, using up to 4 threads.
Root relaxation solution time = 0.25 sec. (213.84 ticks)

        Nodes                                         Cuts/
   Node  Left     Objective  IInf  Best Integer    Best Bound    ItCnt     Gap

*     0+    0                            2.9175       -1.0000      774  134.28%
      0     0        0.3051   167        2.9175        0.3051      774   89.54%
      0     0        0.3502   153        2.9175      Cuts: 41      879   88.00%
*     0+    0                            1.0710        0.3502      965   67.30%
      0     0        0.3644    96        1.0710      Cuts: 36      965   65.97%
      0     0        0.3648    92        1.0710      Fract: 1      973   65.94%
      0     0        0.3650    92        1.0710      Fract: 1      976   65.92%
*     0+    0                            1.0661        0.3650      976   65.76%
*     0+    0                            1.0645        0.3650      976   65.71%
*     0+    0                            0.6779        0.3650      976   46.16%
      0     2        0.3650    92        0.6779        0.3650      976   46.16%
Elapsed time = 12.55 sec. (10469.40 ticks, tree = 0.01 MB, solutions = 5)
*     4+    4                            0.6429        0.3654     1001   43.16%
*     4+    4                            0.6390        0.3654     1001   42.81%
     11    13        0.3770    69        0.6390        0.3659     1079   42.73%
     71    73        0.3920    32        0.6390        0.3659     1830   42.73%
*    93+   93                            0.6196        0.3659     2173   40.94%
     93    95        0.3860    33        0.6196        0.3659     2173   40.94%
    171   173        0.3799    39        0.6196        0.3659     3175   40.94%
    188   190        0.3802    41        0.6196        0.3659     3419   40.94%
    251   253        0.4231    27        0.6196        0.3659     4033   40.94%
    310   312        0.3828    29        0.6196        0.3659     4745   40.94%
*   393+  393                            0.6095        0.3659     5816   39.96%
    393   395        0.3829    30        0.6095        0.3659     5816   39.96%
    488   482        0.4396    40        0.6095        0.3659     7425   39.96%
*   741+  698                            0.6048        0.3686    10769   39.06%
    741   700        0.3902    28        0.6048        0.3686    10769   39.06%
Elapsed time = 20.53 sec. (13894.16 ticks, tree = 0.86 MB, solutions = 9)
   1167  1073        0.3945    40        0.6048        0.3688    16588   39.03%
*  1238+  758                            0.6006        0.3688    17811   38.60%
   1238   759        0.3730    87        0.6006        0.3730    20026   37.89%
   1241   761        0.3913   123        0.6006        0.3733    20179   37.84%
   1247   763        0.3937   121        0.6006        0.3748    20612   37.60%
   1253   765        0.4128   128        0.6006        0.3749    20762   37.58%
   1270   774        0.3970   109        0.6006        0.3749    21059   37.58%
   1300   791        0.3817    34        0.6006        0.3749    21998   37.58%
   1531   921        0.4587    46        0.6006        0.3749    25191   37.58%
   1735   994        0.3762    25        0.6006        0.3757    28302   37.45%
*  2012+  990                            0.5995        0.3757    32661   37.33%
*  2184+ 1020                            0.5975        0.3757    33979   37.12%
   2205  1024        0.3788    47        0.5975        0.3757    34177   37.12%
Elapsed time = 54.59 sec. (38706.12 ticks, tree = 1.44 MB, solutions = 12)
*  2221+  986                            0.5968        0.3757    34289   37.05%
   3124  1760        0.5836    35        0.5968        0.3764    42652   36.94%
   4107  2631        0.4812    30        0.5968        0.3766    53263   36.90%
   4271  2780        0.5531    41        0.5968        0.3766    55196   36.90%
   5072  3470        0.4677    39        0.5968        0.3768    65460   36.86%
   6037  4318        0.4033    26        0.5968        0.3770    78221   36.83%
   6774  4944        0.5725    18        0.5968        0.3771    88596   36.81%
   7311  5401        0.4402    34        0.5968        0.3773    95078   36.78%
   7963  5958        0.3950    42        0.5968        0.3776   102311   36.73%
   8287  6236        0.4450    31        0.5968        0.3778   106751   36.70%
   8372  6311        0.3855    30        0.5968        0.3778   107528   36.70%
Elapsed time = 73.18 sec. (51850.42 ticks, tree = 8.70 MB, solutions = 14)
   8375  6314        0.4451    27        0.5968        0.3778   107592   36.70%
   9182  7042        0.3813    28        0.5968        0.3779   116526   36.68%
   9893  7661        0.4009    32        0.5968        0.3779   124597   36.67%
  10512  8205        0.3832    51        0.5968        0.3780   130460   36.67%
  11093  8712        0.3954    43        0.5968        0.3781   137496   36.65%
  11996  9487        0.4382    59        0.5968        0.3782   148057   36.64%
  12694 10082        0.3885    30        0.5968        0.3782   156324   36.63%
  13611 10850        0.3913    41        0.5968        0.3783   168384   36.61%
  14180 11346        0.4078    34        0.5968        0.3784   173892   36.60%
  14986 12017        0.3906    37        0.5968        0.3785   182984   36.58%
Elapsed time = 91.84 sec. (64193.34 ticks, tree = 16.67 MB, solutions = 14)
  15606 12544        0.4055    30        0.5968        0.3786   191560   36.57%
  16191 13044        cutoff              0.5968        0.3786   200230   36.56%
  16941 13688        0.4273    35        0.5968        0.3787   209438   36.55%
  17504 14166        0.4239    26        0.5968        0.3787   216399   36.54%
  18036 14625        0.3929    35        0.5968        0.3788   222880   36.53%
  18813 15280        0.3986    39        0.5968        0.3788   230989   36.52%
  19469 15846        0.5647    47        0.5968        0.3789   240779   36.52%
  20253 16551        0.5783    53        0.5968        0.3789   247889   36.50%
  21071 17266        0.4392    35        0.5968        0.3790   256393   36.49%
  21867 17937        0.3946    35        0.5968        0.3790   267043   36.49%
Elapsed time = 112.10 sec. (75252.40 ticks, tree = 25.56 MB, solutions = 14)
  22470 18442        0.4208    35        0.5968        0.3791   275723   36.48%
  23256 19126        0.4048    31        0.5968        0.3792   284984   36.46%
  23748 19563        cutoff              0.5968        0.3792   290763   36.46%
  24370 20093        0.4133    32        0.5968        0.3792   298766   36.46%
  24902 20559        0.4036    28        0.5968        0.3793   306242   36.45%
  25714 21285        0.4741    53        0.5968        0.3793   313861   36.45%
  26559 22022        0.4540    37        0.5968        0.3793   323883   36.44%
  27351 22714        0.5035    51        0.5968        0.3794   331580   36.43%
  28090 23357        0.4115    35        0.5968        0.3794   339158   36.43%
  29069 24206        0.3900    30        0.5968        0.3795   349347   36.42%
Elapsed time = 152.12 sec. (100143.89 ticks, tree = 34.73 MB, solutions = 14)
  29885 24931        0.5046    31        0.5968        0.3795   359268   36.41%
  30728 25666        0.3861    35        0.5968        0.3795   367580   36.41%
  31805 26644        0.4507    30        0.5968        0.3796   378308   36.40%
  32701 27421        0.4205    35        0.5968        0.3796   389840   36.39%
  33418 28072        0.4509    48        0.5968        0.3796   395703   36.39%
  34009 28576        0.3909    39        0.5968        0.3797   403203   36.38%
  34605 29110        0.5040    64        0.5968        0.3797   409925   36.38%
  35455 29839        0.4692    37        0.5968        0.3797   418906   36.37%
  36194 30490        0.4139    48        0.5968        0.3798   425830   36.36%
  36958 31147        0.4048    30        0.5968        0.3798   434333   36.36%
Elapsed time = 172.71 sec. (111575.73 ticks, tree = 44.55 MB, solutions = 14)
  37348 31497        0.6521    45        0.5968        0.3798   438884   36.36%
  37351 31499        0.4140    44        0.5968        0.3798   438903   36.36%
  38009 32085        0.4017    36        0.5968        0.3799   445079   36.35%
  38795 32760        0.3907    33        0.5968        0.3799   455671   36.35%
  39410 33316        0.4734    24        0.5968        0.3799   462291   36.34%
  39681 33546        0.3902    26        0.5968        0.3799   465516   36.34%
  40379 34155        0.5932    48        0.5968        0.3800   473285   36.33%
  41287 34943        0.5271    76        0.5968        0.3800   482378   36.33%
  41942 35502        0.3947    60        0.5968        0.3800   489281   36.32%
  42774 36229        0.4828    31        0.5968        0.3800   498043   36.32%
Elapsed time = 191.45 sec. (123993.07 ticks, tree = 52.56 MB, solutions = 14)
  43635 36978        0.3835    28        0.5968        0.3801   507203   36.31%
  44349 37599        0.5050    32        0.5968        0.3802   515109   36.30%
  45072 38237        0.3829    38        0.5968        0.3802   522425   36.30%
  45987 39031        0.3804    36        0.5968        0.3802   531486   36.29%
  46825 39762        0.5508    31        0.5968        0.3802   542241   36.29%
  47656 40489        cutoff              0.5968        0.3803   551746   36.28%
  48228 40997        0.4148    48        0.5968        0.3803   557105   36.28%
  49048 41710        0.3807    47        0.5968        0.3803   567531   36.28%
  49380 42006        0.3909    41        0.5968        0.3803   570787   36.28%
  50215 42728        0.3940    32        0.5968        0.3803   581569   36.27%
Elapsed time = 212.37 sec. (136860.59 ticks, tree = 61.61 MB, solutions = 14)
  50930 43368        0.5360    35        0.5968        0.3804   589650   36.27%
  51610 43936        0.3818    40        0.5968        0.3804   597529   36.27%
  52594 44787        0.4040    43        0.5968        0.3804   609400   36.26%
  53365 45464        0.5602    49        0.5968        0.3804   619966   36.26%
  54104 46112        0.4435    56        0.5968        0.3804   627535   36.26%
  54922 46833        0.5818    49        0.5968        0.3805   635352   36.25%
  55698 47483        0.4007    29        0.5968        0.3805   643340   36.25%
  56302 48009        cutoff              0.5968        0.3805   649344   36.25%
  56998 48624        0.5955    46        0.5968        0.3805   656598   36.24%
  60081 51317        0.4241    64        0.5968        0.3806   689682   36.23%
Elapsed time = 239.91 sec. (151383.37 ticks, tree = 112.88 MB, solutions = 14)
  62040 53052        0.5814    47        0.5968        0.3806   709152   36.23%
  65696 56264        0.5844     8        0.5968        0.3807   751079   36.21%
  66996 57385        0.3945    35        0.5968        0.3807   766872   36.21%
  67009 57392        0.3945    31        0.5968        0.3807   767091   36.21%
  67017 57396        0.3945    35        0.5968        0.3807   767205   36.21%
  70493 60455        0.3880    25        0.5968        0.3808   804488   36.19%
  74001 63546        0.3945    30        0.5968        0.3808   841872   36.19%
  76566 65754        0.4272    27        0.5968        0.3809   871015   36.18%
  79972 68735        0.3993    41        0.5968        0.3810   911167   36.16%
  83177 71506        0.4294    55        0.5968        0.3810   945008   36.16%
Elapsed time = 305.75 sec. (195138.70 ticks, tree = 142.89 MB, solutions = 14)
  84561 72733        0.4083    33        0.5968        0.3810   957732   36.16%
  88185 75931        0.4040    35        0.5968        0.3811   994028   36.15%
  91474 78871        0.5558    29        0.5968        0.3811  1026290   36.14%
  92970 80176        0.4146    63        0.5968        0.3811  1041179   36.14%
  93182 80356        0.4198    59        0.5968        0.3811  1043640   36.14%
  96803 83529        0.4452    34        0.5968        0.3812  1083625   36.12%
 100127 86408        0.3815    35        0.5968        0.3813  1119765   36.11%
 103214 89125        0.3974    51        0.5968        0.3813  1149750   36.11%
 105786 91407        0.4186    27        0.5968        0.3813  1177031   36.10%
 108052 93407        0.5173    28        0.5968        0.3814  1197713   36.10%
Elapsed time = 373.80 sec. (239724.50 ticks, tree = 173.83 MB, solutions = 14)
 111083 96083        0.3998    52        0.5968        0.3814  1228945   36.09%
 113845 98489        cutoff              0.5968        0.3815  1257237   36.08%
 114755 99269        0.3833    54        0.5968        0.3815  1268031   36.08%
 117805 101957        0.3991    31        0.5968        0.3815  1296726   36.08%
 118395 102486        0.3940    30        0.5968        0.3815  1302664   36.07%
 121408 105162        0.4065    38        0.5968        0.3815  1332370   36.07%
 122590 106185        0.4070    47        0.5968        0.3816  1343126   36.07%
 122719 106308        0.4015    25        0.5968        0.3816  1343947   36.06%
 125343 108608        0.3863    28        0.5968        0.3816  1369614   36.06%
 128380 111308        cutoff              0.5968        0.3816  1399832   36.05%
Elapsed time = 439.14 sec. (282585.16 ticks, tree = 198.94 MB, solutions = 14)
 131176 113771        0.3994    31        0.5968        0.3817  1427548   36.05%
 133823 116121        0.5115    51        0.5968        0.3817  1452163   36.04%
 134467 116672        0.3851    31        0.5968        0.3817  1459481   36.04%
 137189 119064        0.4227    39        0.5968        0.3817  1485825   36.04%
 139832 121408        0.4300    32        0.5968        0.3818  1512225   36.03%
 142142 123438        0.5645    15        0.5968        0.3818  1533516   36.03%
 143681 124814        0.4955    59        0.5968        0.3818  1549517   36.02%
 144694 125700        0.4289    33        0.5968        0.3818  1559947   36.02%
 146925 127657        0.5042    37        0.5968        0.3818  1582219   36.02%
 149293 129775        0.4110    48        0.5968        0.3819  1602789   36.02%
Elapsed time = 512.36 sec. (322215.79 ticks, tree = 224.78 MB, solutions = 14)
 152032 132155        0.4154    34        0.5968        0.3819  1631427   36.01%
 154138 133996        0.5004    47        0.5968        0.3819  1652738   36.01%
 157377 136807        0.4990    69        0.5968        0.3819  1689568   36.00%
*158710+137974                            0.5968        0.3820  1703645   36.00%
*159129+138334                            0.5968        0.3820  1708555   36.00%
 160335 139365        0.4429    26        0.5968        0.3820  1720296   36.00%
 162149 140925        0.4056    34        0.5968        0.3820  1740849   35.99%
 162847 141547        0.5136    57        0.5968        0.3820  1746679   35.99%
 162856 141552        0.5245    53        0.5968        0.3820  1746737   35.99%
 163041 141713        0.5726    16        0.5968        0.3820  1748136   35.99%
 164068 142619        0.3939    45        0.5968        0.3820  1759216   35.99%
 165822 144149        0.5559    45        0.5968        0.3820  1777392   35.99%
Elapsed time = 578.50 sec. (372616.30 ticks, tree = 246.79 MB, solutions = 14)
 168186 146160        0.3949    23        0.5968        0.3821  1804124   35.98%
 170060 147828        0.4514    53        0.5968        0.3821  1821301   35.98%
 172083 149603        0.4078    54        0.5968        0.3821  1840259   35.98%

Clique cuts applied:  9
Flow cuts applied:  14
Mixed integer rounding cuts applied:  16
Lift and project cuts applied:  39
Gomory fractional cuts applied:  22

Root node processing (before b&c):
  Real time             =   12.50 sec. (10445.25 ticks)
Parallel b&c, 4 threads:
  Real time             =  587.51 sec. (375440.11 ticks)
  Sync time (average)   =   47.21 sec.
  Wait time (average)   =    0.00 sec.
                          ------------
Total (root+branch&cut) =  600.01 sec. (385885.36 ticks)

Solution pool: 14 solutions saved.

MIP - Time limit exceeded, integer feasible:  Objective =  5.9680063580e-01
Current MIP best bound =  3.8209986213e-01 (gap = 0.214701, 35.98%)
Solution time =  600.01 sec.  Iterations = 1844453  Nodes = 172541 (150010)
Deterministic time = 385885.37 ticks  (643.13 ticks/sec)


Incumbent solution written to file 'instancias/formato_lp/karasans/K-200-200-0.9-b-2_oplminimos.dat.sol'.
