
Log started (V12.6.0.0) Thu Feb 20 21:28:53 2014


Problem 'instancias/formato_lp/karasans/K-200-200-0.9-b-10_oplminimos.dat.lp' read.
Read time = 0.13 sec. (3.08 ticks)
Tried aggregator 2 times.
MIP Presolve eliminated 831 rows and 28 columns.
MIP Presolve modified 177158 coefficients.
Aggregator did 43 substitutions.
Reduced MIP has 7014 rows, 4259 columns, and 187890 nonzeros.
Reduced MIP has 2005 binaries, 0 generals, 0 SOSs, and 0 indicators.
Presolve time = 0.88 sec. (2900.06 ticks)
Found incumbent of value 23.625000 after 0.94 sec. (2938.64 ticks)
Probing fixed 7 vars, tightened 24 bounds.
Probing time = 0.15 sec. (72.12 ticks)
Cover probing fixed 0 vars, tightened 1544 bounds.
Tried aggregator 2 times.
MIP Presolve eliminated 1744 rows and 179 columns.
MIP Presolve modified 161405 coefficients.
Aggregator did 3 substitutions.
Reduced MIP has 5267 rows, 4077 columns, and 169398 nonzeros.
Reduced MIP has 1998 binaries, 2 generals, 0 SOSs, and 0 indicators.
Presolve time = 0.76 sec. (2543.25 ticks)
Probing time = 0.04 sec. (27.04 ticks)
Clique table members: 35249.
MIP emphasis: balance optimality and feasibility.
MIP search method: dynamic search.
Parallel mode: deterministic, using up to 4 threads.
Root relaxation solution time = 0.59 sec. (162.09 ticks)

        Nodes                                         Cuts/
   Node  Left     Objective  IInf  Best Integer    Best Bound    ItCnt     Gap

*     0+    0                           23.6250       -1.0000     1055  104.23%
      0     0        0.4007    43       23.6250        0.4007     1055   98.30%
*     0+    0                            0.9474        0.4007     1055   57.70%
      0     0        0.4023    31        0.9474      Cuts: 50     1089   57.53%
      0     0        0.4081    41        0.9474       Cuts: 6     1161   56.92%
*     0+    0                            0.7619        0.4081     1161   46.44%

Repeating presolve.
Tried aggregator 2 times.
MIP Presolve eliminated 2389 rows and 2254 columns.
MIP Presolve modified 63303 coefficients.
Aggregator did 5 substitutions.
Reduced MIP has 2873 rows, 1818 columns, and 67789 nonzeros.
Reduced MIP has 869 binaries, 2 generals, 0 SOSs, and 0 indicators.
Presolve time = 0.21 sec. (477.11 ticks)
Probing time = 0.02 sec. (15.35 ticks)
Cover probing fixed 0 vars, tightened 3 bounds.
Tried aggregator 2 times.
MIP Presolve eliminated 21 rows and 2 columns.
MIP Presolve modified 91 coefficients.
Aggregator did 2 substitutions.
Reduced MIP has 2850 rows, 1814 columns, and 67735 nonzeros.
Reduced MIP has 869 binaries, 3 generals, 0 SOSs, and 0 indicators.
Presolve time = 0.05 sec. (46.68 ticks)
Represolve time = 0.32 sec. (557.86 ticks)
Probing time = 0.02 sec. (15.35 ticks)
Clique table members: 626.
MIP emphasis: balance optimality and feasibility.
MIP search method: dynamic search.
Parallel mode: deterministic, using up to 4 threads.
Root relaxation solution time = 0.08 sec. (87.32 ticks)

        Nodes                                         Cuts/
   Node  Left     Objective  IInf  Best Integer    Best Bound    ItCnt     Gap

*     0+    0                            0.7619        0.4081     2094   46.44%
      0     0        0.4089    48        0.7619        0.4089     2094   46.33%
      0     0        0.4089    48        0.7619    MIRcuts: 2     2096   46.33%
*     0+    0                            0.7209        0.4089     2096   43.28%
      0     2        0.4089    48        0.7209        0.4529     2096   37.18%
Elapsed time = 4.80 sec. (7803.41 ticks, tree = 0.01 MB, solutions = 4)
     29    27        0.5311    45        0.7209        0.4529     3884   37.18%
    232   112        0.6737    30        0.7209        0.5215     9757   27.66%
    450   176        0.5595    45        0.7209        0.5485    15753   23.92%
    700   270        0.5859    39        0.7209        0.5744    21741   20.32%
   1015   281        0.6280    32        0.7209        0.6044    28323   16.17%
   1385   181        0.7129    23        0.7209        0.6339    34764   12.08%

Implied bound cuts applied:  74
Flow cuts applied:  5
Mixed integer rounding cuts applied:  8
Gomory fractional cuts applied:  1

Root node processing (before b&c):
  Real time             =    4.79 sec. (7801.75 ticks)
Parallel b&c, 4 threads:
  Real time             =    3.01 sec. (1620.66 ticks)
  Sync time (average)   =    0.30 sec.
  Wait time (average)   =    0.00 sec.
                          ------------
Total (root+branch&cut) =    7.80 sec. (9422.40 ticks)

Solution pool: 4 solutions saved.

MIP - Integer optimal solution:  Objective =  7.2093023256e-01
Solution time =    7.80 sec.  Iterations = 38074  Nodes = 1642
Deterministic time = 9422.42 ticks  (1208.26 ticks/sec)


Incumbent solution written to file 'instancias/formato_lp/karasans/K-200-200-0.9-b-10_oplminimos.dat.sol'.
