
Log started (V12.6.0.0) Thu Feb 20 21:29:06 2014


Problem 'instancias/formato_lp/karasans/K-200-200-0.9-b-50_oplminimos.dat.lp' read.
Read time = 0.18 sec. (4.43 ticks)
Tried aggregator 3 times.
MIP Presolve eliminated 12525 rows and 180 columns.
MIP Presolve modified 111237 coefficients.
Aggregator did 169 substitutions.
Reduced MIP has 17914 rows, 15263 columns, and 125789 nonzeros.
Reduced MIP has 7606 binaries, 0 generals, 0 SOSs, and 0 indicators.
Presolve time = 1.09 sec. (3661.32 ticks)
Found incumbent of value 30.777778 after 1.17 sec. (3704.32 ticks)
Probing fixed 2 vars, tightened 24 bounds.
Probing time = 0.93 sec. (220.56 ticks)
Tried aggregator 2 times.
MIP Presolve eliminated 2579 rows and 91 columns.
MIP Presolve modified 68028 coefficients.
Aggregator did 6 substitutions.
Reduced MIP has 15329 rows, 15166 columns, and 105456 nonzeros.
Reduced MIP has 7604 binaries, 2 generals, 0 SOSs, and 0 indicators.
Presolve time = 0.73 sec. (2397.18 ticks)
Probing fixed 1 vars, tightened 0 bounds.
Probing time = 0.35 sec. (82.05 ticks)
Cover probing fixed 0 vars, tightened 5659 bounds.
Clique table members: 75703.
MIP emphasis: balance optimality and feasibility.
MIP search method: dynamic search.
Parallel mode: deterministic, using up to 4 threads.
Root relaxation solution time = 0.54 sec. (346.94 ticks)

        Nodes                                         Cuts/
   Node  Left     Objective  IInf  Best Integer    Best Bound    ItCnt     Gap

*     0+    0                           30.7778       -1.0000     1025  103.25%
      0     0        0.2084     9       30.7778        0.2084     1025   99.32%
*     0+    0                            0.2500        0.2084     1025   16.65%
      0     0        cutoff              0.2500                   1032    0.00%
Elapsed time = 4.15 sec. (7284.67 ticks, tree = 0.00 MB, solutions = 2)

Root node processing (before b&c):
  Real time             =    4.16 sec. (7285.32 ticks)
Parallel b&c, 4 threads:
  Real time             =    0.00 sec. (0.00 ticks)
  Sync time (average)   =    0.00 sec.
  Wait time (average)   =    0.00 sec.
                          ------------
Total (root+branch&cut) =    4.16 sec. (7285.32 ticks)

Solution pool: 2 solutions saved.

MIP - Integer optimal solution:  Objective =  2.5000000000e-01
Solution time =    4.16 sec.  Iterations = 1032  Nodes = 0
Deterministic time = 7285.37 ticks  (1751.99 ticks/sec)


Incumbent solution written to file 'instancias/formato_lp/karasans/K-200-200-0.9-b-50_oplminimos.dat.sol'.
